{"/home/rinaldy/Documents/Final-project/Wedness/server/app.js": {"path":"/home/rinaldy/Documents/Final-project/Wedness/server/app.js","statementMap":{"0":{"start":{"line":1,"column":16},"end":{"line":1,"column":34}},"1":{"start":{"line":2,"column":12},"end":{"line":2,"column":21}},"2":{"start":{"line":3,"column":13},"end":{"line":3,"column":28}},"3":{"start":{"line":4,"column":13},"end":{"line":4,"column":17}},"4":{"start":{"line":5,"column":15},"end":{"line":5,"column":40}},"5":{"start":{"line":7,"column":0},"end":{"line":7,"column":15}},"6":{"start":{"line":8,"column":0},"end":{"line":8,"column":23}},"7":{"start":{"line":9,"column":0},"end":{"line":9,"column":46}},"8":{"start":{"line":11,"column":0},"end":{"line":11,"column":15}},"9":{"start":{"line":16,"column":0},"end":{"line":16,"column":20}}},"fnMap":{},"branchMap":{},"s":{"0":6,"1":6,"2":6,"3":6,"4":6,"5":6,"6":6,"7":6,"8":6,"9":6},"f":{},"b":{},"_coverageSchema":"1a1c01bbd47fc00a2c39e90264f33305004495a9","hash":"099c60303484e675a7f89fb7be21ebbc7addfa80"}
,"/home/rinaldy/Documents/Final-project/Wedness/server/controllers/cateringController.js": {"path":"/home/rinaldy/Documents/Final-project/Wedness/server/controllers/cateringController.js","statementMap":{"0":{"start":{"line":1,"column":34},"end":{"line":1,"column":60}},"1":{"start":{"line":2,"column":15},"end":{"line":2,"column":35}},"2":{"start":{"line":6,"column":8},"end":{"line":6,"column":41}},"3":{"start":{"line":7,"column":8},"end":{"line":11,"column":32}},"4":{"start":{"line":9,"column":12},"end":{"line":9,"column":42}},"5":{"start":{"line":11,"column":22},"end":{"line":11,"column":31}},"6":{"start":{"line":15,"column":8},"end":{"line":21,"column":32}},"7":{"start":{"line":19,"column":12},"end":{"line":19,"column":43}},"8":{"start":{"line":21,"column":22},"end":{"line":21,"column":31}},"9":{"start":{"line":26,"column":8},"end":{"line":45,"column":32}},"10":{"start":{"line":42,"column":12},"end":{"line":43,"column":41}},"11":{"start":{"line":42,"column":25},"end":{"line":42,"column":55}},"12":{"start":{"line":43,"column":17},"end":{"line":43,"column":41}},"13":{"start":{"line":45,"column":22},"end":{"line":45,"column":31}},"14":{"start":{"line":49,"column":8},"end":{"line":57,"column":32}},"15":{"start":{"line":55,"column":12},"end":{"line":55,"column":70}},"16":{"start":{"line":55,"column":23},"end":{"line":55,"column":70}},"17":{"start":{"line":57,"column":22},"end":{"line":57,"column":31}},"18":{"start":{"line":61,"column":8},"end":{"line":69,"column":31}},"19":{"start":{"line":67,"column":12},"end":{"line":67,"column":73}},"20":{"start":{"line":67,"column":23},"end":{"line":67,"column":73}},"21":{"start":{"line":69,"column":21},"end":{"line":69,"column":30}},"22":{"start":{"line":74,"column":0},"end":{"line":74,"column":35}}},"fnMap":{"0":{"name":"(anonymous_0)","decl":{"start":{"line":5,"column":4},"end":{"line":5,"column":5}},"loc":{"start":{"line":5,"column":37},"end":{"line":12,"column":5}},"line":5},"1":{"name":"(anonymous_1)","decl":{"start":{"line":8,"column":14},"end":{"line":8,"column":15}},"loc":{"start":{"line":8,"column":26},"end":{"line":10,"column":9}},"line":8},"2":{"name":"(anonymous_2)","decl":{"start":{"line":11,"column":15},"end":{"line":11,"column":16}},"loc":{"start":{"line":11,"column":22},"end":{"line":11,"column":31}},"line":11},"3":{"name":"(anonymous_3)","decl":{"start":{"line":14,"column":4},"end":{"line":14,"column":5}},"loc":{"start":{"line":14,"column":37},"end":{"line":22,"column":5}},"line":14},"4":{"name":"(anonymous_4)","decl":{"start":{"line":18,"column":14},"end":{"line":18,"column":15}},"loc":{"start":{"line":18,"column":27},"end":{"line":20,"column":9}},"line":18},"5":{"name":"(anonymous_5)","decl":{"start":{"line":21,"column":15},"end":{"line":21,"column":16}},"loc":{"start":{"line":21,"column":22},"end":{"line":21,"column":31}},"line":21},"6":{"name":"(anonymous_6)","decl":{"start":{"line":24,"column":4},"end":{"line":24,"column":5}},"loc":{"start":{"line":24,"column":36},"end":{"line":46,"column":5}},"line":24},"7":{"name":"(anonymous_7)","decl":{"start":{"line":41,"column":14},"end":{"line":41,"column":15}},"loc":{"start":{"line":41,"column":26},"end":{"line":44,"column":9}},"line":41},"8":{"name":"(anonymous_8)","decl":{"start":{"line":45,"column":15},"end":{"line":45,"column":16}},"loc":{"start":{"line":45,"column":22},"end":{"line":45,"column":31}},"line":45},"9":{"name":"(anonymous_9)","decl":{"start":{"line":48,"column":4},"end":{"line":48,"column":5}},"loc":{"start":{"line":48,"column":36},"end":{"line":58,"column":5}},"line":48},"10":{"name":"(anonymous_10)","decl":{"start":{"line":54,"column":14},"end":{"line":54,"column":15}},"loc":{"start":{"line":54,"column":23},"end":{"line":56,"column":9}},"line":54},"11":{"name":"(anonymous_11)","decl":{"start":{"line":57,"column":15},"end":{"line":57,"column":16}},"loc":{"start":{"line":57,"column":22},"end":{"line":57,"column":31}},"line":57},"12":{"name":"(anonymous_12)","decl":{"start":{"line":60,"column":4},"end":{"line":60,"column":5}},"loc":{"start":{"line":60,"column":39},"end":{"line":70,"column":5}},"line":60},"13":{"name":"(anonymous_13)","decl":{"start":{"line":66,"column":14},"end":{"line":66,"column":15}},"loc":{"start":{"line":66,"column":22},"end":{"line":68,"column":9}},"line":66},"14":{"name":"(anonymous_14)","decl":{"start":{"line":69,"column":15},"end":{"line":69,"column":16}},"loc":{"start":{"line":69,"column":21},"end":{"line":69,"column":30}},"line":69}},"branchMap":{"0":{"loc":{"start":{"line":42,"column":12},"end":{"line":43,"column":41}},"type":"if","locations":[{"start":{"line":42,"column":12},"end":{"line":43,"column":41}},{"start":{"line":42,"column":12},"end":{"line":43,"column":41}}],"line":42},"1":{"loc":{"start":{"line":55,"column":12},"end":{"line":55,"column":70}},"type":"if","locations":[{"start":{"line":55,"column":12},"end":{"line":55,"column":70}},{"start":{"line":55,"column":12},"end":{"line":55,"column":70}}],"line":55},"2":{"loc":{"start":{"line":67,"column":12},"end":{"line":67,"column":73}},"type":"if","locations":[{"start":{"line":67,"column":12},"end":{"line":67,"column":73}},{"start":{"line":67,"column":12},"end":{"line":67,"column":73}}],"line":67}},"s":{"0":6,"1":6,"2":10,"3":10,"4":0,"5":10,"6":1,"7":1,"8":0,"9":0,"10":0,"11":0,"12":0,"13":0,"14":0,"15":0,"16":0,"17":0,"18":0,"19":0,"20":0,"21":0,"22":6},"f":{"0":10,"1":0,"2":10,"3":1,"4":1,"5":0,"6":0,"7":0,"8":0,"9":0,"10":0,"11":0,"12":0,"13":0,"14":0},"b":{"0":[0,0],"1":[0,0],"2":[0,0]},"_coverageSchema":"1a1c01bbd47fc00a2c39e90264f33305004495a9","hash":"508e0f0eab7220254588a75dbee198cc3b6c89f8"}
,"/home/rinaldy/Documents/Final-project/Wedness/server/controllers/organizerController.js": {"path":"/home/rinaldy/Documents/Final-project/Wedness/server/controllers/organizerController.js","statementMap":{"0":{"start":{"line":1,"column":28},"end":{"line":1,"column":48}},"1":{"start":{"line":7,"column":8},"end":{"line":7,"column":41}},"2":{"start":{"line":8,"column":8},"end":{"line":12,"column":34}},"3":{"start":{"line":10,"column":16},"end":{"line":10,"column":42}},"4":{"start":{"line":12,"column":24},"end":{"line":12,"column":33}},"5":{"start":{"line":16,"column":8},"end":{"line":22,"column":34}},"6":{"start":{"line":20,"column":16},"end":{"line":20,"column":42}},"7":{"start":{"line":22,"column":24},"end":{"line":22,"column":33}},"8":{"start":{"line":26,"column":8},"end":{"line":45,"column":34}},"9":{"start":{"line":42,"column":16},"end":{"line":43,"column":45}},"10":{"start":{"line":42,"column":26},"end":{"line":42,"column":52}},"11":{"start":{"line":43,"column":21},"end":{"line":43,"column":45}},"12":{"start":{"line":45,"column":24},"end":{"line":45,"column":33}},"13":{"start":{"line":49,"column":8},"end":{"line":58,"column":23}},"14":{"start":{"line":54,"column":12},"end":{"line":56,"column":13}},"15":{"start":{"line":55,"column":16},"end":{"line":55,"column":63}},"16":{"start":{"line":58,"column":12},"end":{"line":58,"column":21}},"17":{"start":{"line":62,"column":8},"end":{"line":70,"column":33}},"18":{"start":{"line":67,"column":12},"end":{"line":69,"column":13}},"19":{"start":{"line":68,"column":16},"end":{"line":68,"column":66}},"20":{"start":{"line":70,"column":23},"end":{"line":70,"column":32}},"21":{"start":{"line":75,"column":0},"end":{"line":75,"column":36}}},"fnMap":{"0":{"name":"(anonymous_0)","decl":{"start":{"line":5,"column":4},"end":{"line":5,"column":5}},"loc":{"start":{"line":5,"column":38},"end":{"line":13,"column":5}},"line":5},"1":{"name":"(anonymous_1)","decl":{"start":{"line":9,"column":18},"end":{"line":9,"column":19}},"loc":{"start":{"line":9,"column":24},"end":{"line":11,"column":13}},"line":9},"2":{"name":"(anonymous_2)","decl":{"start":{"line":12,"column":19},"end":{"line":12,"column":20}},"loc":{"start":{"line":12,"column":24},"end":{"line":12,"column":33}},"line":12},"3":{"name":"(anonymous_3)","decl":{"start":{"line":15,"column":4},"end":{"line":15,"column":5}},"loc":{"start":{"line":15,"column":38},"end":{"line":23,"column":5}},"line":15},"4":{"name":"(anonymous_4)","decl":{"start":{"line":19,"column":18},"end":{"line":19,"column":19}},"loc":{"start":{"line":19,"column":24},"end":{"line":21,"column":13}},"line":19},"5":{"name":"(anonymous_5)","decl":{"start":{"line":22,"column":19},"end":{"line":22,"column":20}},"loc":{"start":{"line":22,"column":24},"end":{"line":22,"column":33}},"line":22},"6":{"name":"(anonymous_6)","decl":{"start":{"line":25,"column":4},"end":{"line":25,"column":5}},"loc":{"start":{"line":25,"column":37},"end":{"line":46,"column":5}},"line":25},"7":{"name":"(anonymous_7)","decl":{"start":{"line":41,"column":18},"end":{"line":41,"column":19}},"loc":{"start":{"line":41,"column":24},"end":{"line":44,"column":13}},"line":41},"8":{"name":"(anonymous_8)","decl":{"start":{"line":45,"column":19},"end":{"line":45,"column":20}},"loc":{"start":{"line":45,"column":24},"end":{"line":45,"column":33}},"line":45},"9":{"name":"(anonymous_9)","decl":{"start":{"line":48,"column":4},"end":{"line":48,"column":5}},"loc":{"start":{"line":48,"column":37},"end":{"line":59,"column":5}},"line":48},"10":{"name":"(anonymous_10)","decl":{"start":{"line":53,"column":16},"end":{"line":53,"column":17}},"loc":{"start":{"line":53,"column":24},"end":{"line":57,"column":9}},"line":53},"11":{"name":"(anonymous_11)","decl":{"start":{"line":57,"column":17},"end":{"line":57,"column":18}},"loc":{"start":{"line":57,"column":23},"end":{"line":58,"column":22}},"line":57},"12":{"name":"(anonymous_12)","decl":{"start":{"line":61,"column":4},"end":{"line":61,"column":5}},"loc":{"start":{"line":61,"column":40},"end":{"line":71,"column":5}},"line":61},"13":{"name":"(anonymous_13)","decl":{"start":{"line":66,"column":16},"end":{"line":66,"column":17}},"loc":{"start":{"line":66,"column":24},"end":{"line":70,"column":9}},"line":66},"14":{"name":"(anonymous_14)","decl":{"start":{"line":70,"column":17},"end":{"line":70,"column":18}},"loc":{"start":{"line":70,"column":23},"end":{"line":70,"column":32}},"line":70}},"branchMap":{"0":{"loc":{"start":{"line":42,"column":16},"end":{"line":43,"column":45}},"type":"if","locations":[{"start":{"line":42,"column":16},"end":{"line":43,"column":45}},{"start":{"line":42,"column":16},"end":{"line":43,"column":45}}],"line":42},"1":{"loc":{"start":{"line":54,"column":12},"end":{"line":56,"column":13}},"type":"if","locations":[{"start":{"line":54,"column":12},"end":{"line":56,"column":13}},{"start":{"line":54,"column":12},"end":{"line":56,"column":13}}],"line":54},"2":{"loc":{"start":{"line":67,"column":12},"end":{"line":69,"column":13}},"type":"if","locations":[{"start":{"line":67,"column":12},"end":{"line":69,"column":13}},{"start":{"line":67,"column":12},"end":{"line":69,"column":13}}],"line":67}},"s":{"0":6,"1":10,"2":10,"3":1,"4":9,"5":1,"6":1,"7":0,"8":0,"9":0,"10":0,"11":0,"12":0,"13":9,"14":1,"15":1,"16":8,"17":1,"18":1,"19":1,"20":0,"21":6},"f":{"0":10,"1":1,"2":9,"3":1,"4":1,"5":0,"6":0,"7":0,"8":0,"9":9,"10":1,"11":8,"12":1,"13":1,"14":0},"b":{"0":[0,0],"1":[1,0],"2":[1,0]},"_coverageSchema":"1a1c01bbd47fc00a2c39e90264f33305004495a9","hash":"2dd4111894dd781020d19cff0568c2d33935f53d"}
,"/home/rinaldy/Documents/Final-project/Wedness/server/controllers/photoController.js": {"path":"/home/rinaldy/Documents/Final-project/Wedness/server/controllers/photoController.js","statementMap":{"0":{"start":{"line":1,"column":18},"end":{"line":1,"column":44}},"1":{"start":{"line":6,"column":8},"end":{"line":10,"column":32}},"2":{"start":{"line":8,"column":12},"end":{"line":8,"column":40}},"3":{"start":{"line":10,"column":22},"end":{"line":10,"column":31}},"4":{"start":{"line":14,"column":8},"end":{"line":23,"column":32}},"5":{"start":{"line":21,"column":12},"end":{"line":21,"column":39}},"6":{"start":{"line":23,"column":22},"end":{"line":23,"column":31}},"7":{"start":{"line":28,"column":8},"end":{"line":32,"column":32}},"8":{"start":{"line":30,"column":12},"end":{"line":30,"column":39}},"9":{"start":{"line":32,"column":22},"end":{"line":32,"column":31}},"10":{"start":{"line":36,"column":8},"end":{"line":44,"column":32}},"11":{"start":{"line":42,"column":12},"end":{"line":42,"column":67}},"12":{"start":{"line":44,"column":22},"end":{"line":44,"column":31}},"13":{"start":{"line":49,"column":0},"end":{"line":49,"column":32}}},"fnMap":{"0":{"name":"(anonymous_0)","decl":{"start":{"line":4,"column":4},"end":{"line":4,"column":5}},"loc":{"start":{"line":4,"column":40},"end":{"line":11,"column":5}},"line":4},"1":{"name":"(anonymous_1)","decl":{"start":{"line":7,"column":14},"end":{"line":7,"column":15}},"loc":{"start":{"line":7,"column":24},"end":{"line":9,"column":9}},"line":7},"2":{"name":"(anonymous_2)","decl":{"start":{"line":10,"column":15},"end":{"line":10,"column":16}},"loc":{"start":{"line":10,"column":22},"end":{"line":10,"column":31}},"line":10},"3":{"name":"(anonymous_3)","decl":{"start":{"line":13,"column":4},"end":{"line":13,"column":5}},"loc":{"start":{"line":13,"column":33},"end":{"line":24,"column":5}},"line":13},"4":{"name":"(anonymous_4)","decl":{"start":{"line":20,"column":14},"end":{"line":20,"column":15}},"loc":{"start":{"line":20,"column":23},"end":{"line":22,"column":9}},"line":20},"5":{"name":"(anonymous_5)","decl":{"start":{"line":23,"column":15},"end":{"line":23,"column":16}},"loc":{"start":{"line":23,"column":22},"end":{"line":23,"column":31}},"line":23},"6":{"name":"(anonymous_6)","decl":{"start":{"line":26,"column":4},"end":{"line":26,"column":5}},"loc":{"start":{"line":26,"column":34},"end":{"line":33,"column":5}},"line":26},"7":{"name":"(anonymous_7)","decl":{"start":{"line":29,"column":14},"end":{"line":29,"column":15}},"loc":{"start":{"line":29,"column":23},"end":{"line":31,"column":9}},"line":29},"8":{"name":"(anonymous_8)","decl":{"start":{"line":32,"column":15},"end":{"line":32,"column":16}},"loc":{"start":{"line":32,"column":22},"end":{"line":32,"column":31}},"line":32},"9":{"name":"(anonymous_9)","decl":{"start":{"line":35,"column":4},"end":{"line":35,"column":5}},"loc":{"start":{"line":35,"column":36},"end":{"line":45,"column":5}},"line":35},"10":{"name":"(anonymous_10)","decl":{"start":{"line":41,"column":14},"end":{"line":41,"column":15}},"loc":{"start":{"line":41,"column":20},"end":{"line":43,"column":9}},"line":41},"11":{"name":"(anonymous_11)","decl":{"start":{"line":44,"column":15},"end":{"line":44,"column":16}},"loc":{"start":{"line":44,"column":22},"end":{"line":44,"column":31}},"line":44}},"branchMap":{},"s":{"0":6,"1":0,"2":0,"3":0,"4":0,"5":0,"6":0,"7":0,"8":0,"9":0,"10":0,"11":0,"12":0,"13":6},"f":{"0":0,"1":0,"2":0,"3":0,"4":0,"5":0,"6":0,"7":0,"8":0,"9":0,"10":0,"11":0},"b":{},"_coverageSchema":"1a1c01bbd47fc00a2c39e90264f33305004495a9","hash":"b43eecfb1b7ef9bf8da45ee4266e36afd4e0659f"}
,"/home/rinaldy/Documents/Final-project/Wedness/server/controllers/planController.js": {"path":"/home/rinaldy/Documents/Final-project/Wedness/server/controllers/planController.js","statementMap":{"0":{"start":{"line":2,"column":66},"end":{"line":2,"column":86}},"1":{"start":{"line":6,"column":8},"end":{"line":6,"column":41}},"2":{"start":{"line":7,"column":8},"end":{"line":14,"column":14}},"3":{"start":{"line":9,"column":16},"end":{"line":9,"column":44}},"4":{"start":{"line":13,"column":16},"end":{"line":13,"column":25}},"5":{"start":{"line":31,"column":8},"end":{"line":59,"column":9}},"6":{"start":{"line":32,"column":24},"end":{"line":36,"column":14}},"7":{"start":{"line":37,"column":12},"end":{"line":52,"column":13}},"8":{"start":{"line":39,"column":16},"end":{"line":48,"column":17}},"9":{"start":{"line":41,"column":20},"end":{"line":41,"column":64}},"10":{"start":{"line":42,"column":22},"end":{"line":48,"column":17}},"11":{"start":{"line":44,"column":20},"end":{"line":44,"column":68}},"12":{"start":{"line":47,"column":20},"end":{"line":47,"column":67}},"13":{"start":{"line":49,"column":16},"end":{"line":51,"column":17}},"14":{"start":{"line":50,"column":20},"end":{"line":50,"column":57}},"15":{"start":{"line":54,"column":12},"end":{"line":54,"column":45}},"16":{"start":{"line":57,"column":12},"end":{"line":57,"column":31}},"17":{"start":{"line":58,"column":12},"end":{"line":58,"column":23}},"18":{"start":{"line":63,"column":8},"end":{"line":68,"column":34}},"19":{"start":{"line":65,"column":16},"end":{"line":66,"column":45}},"20":{"start":{"line":65,"column":28},"end":{"line":65,"column":56}},"21":{"start":{"line":66,"column":21},"end":{"line":66,"column":45}},"22":{"start":{"line":68,"column":24},"end":{"line":68,"column":33}},"23":{"start":{"line":72,"column":8},"end":{"line":80,"column":33}},"24":{"start":{"line":77,"column":12},"end":{"line":79,"column":13}},"25":{"start":{"line":78,"column":16},"end":{"line":78,"column":66}},"26":{"start":{"line":80,"column":23},"end":{"line":80,"column":32}},"27":{"start":{"line":84,"column":26},"end":{"line":84,"column":84}},"28":{"start":{"line":85,"column":23},"end":{"line":85,"column":78}},"29":{"start":{"line":86,"column":27},"end":{"line":86,"column":86}},"30":{"start":{"line":90,"column":26},"end":{"line":90,"column":50}},"31":{"start":{"line":92,"column":21},"end":{"line":92,"column":23}},"32":{"start":{"line":93,"column":8},"end":{"line":117,"column":9}},"33":{"start":{"line":94,"column":12},"end":{"line":116,"column":13}},"34":{"start":{"line":96,"column":16},"end":{"line":100,"column":17}},"35":{"start":{"line":97,"column":20},"end":{"line":99,"column":21}},"36":{"start":{"line":98,"column":24},"end":{"line":98,"column":45}},"37":{"start":{"line":101,"column":18},"end":{"line":116,"column":13}},"38":{"start":{"line":103,"column":16},"end":{"line":107,"column":17}},"39":{"start":{"line":104,"column":20},"end":{"line":106,"column":21}},"40":{"start":{"line":105,"column":24},"end":{"line":105,"column":45}},"41":{"start":{"line":110,"column":16},"end":{"line":115,"column":17}},"42":{"start":{"line":111,"column":20},"end":{"line":114,"column":21}},"43":{"start":{"line":112,"column":24},"end":{"line":112,"column":44}},"44":{"start":{"line":113,"column":24},"end":{"line":113,"column":45}},"45":{"start":{"line":119,"column":8},"end":{"line":119,"column":36}},"46":{"start":{"line":123,"column":8},"end":{"line":131,"column":32}},"47":{"start":{"line":129,"column":12},"end":{"line":129,"column":77}},"48":{"start":{"line":129,"column":23},"end":{"line":129,"column":77}},"49":{"start":{"line":131,"column":22},"end":{"line":131,"column":31}},"50":{"start":{"line":136,"column":18},"end":{"line":136,"column":47}},"51":{"start":{"line":137,"column":8},"end":{"line":180,"column":9}},"52":{"start":{"line":138,"column":34},"end":{"line":140,"column":14}},"53":{"start":{"line":141,"column":12},"end":{"line":147,"column":13}},"54":{"start":{"line":142,"column":16},"end":{"line":146,"column":22}},"55":{"start":{"line":172,"column":12},"end":{"line":174,"column":14}},"56":{"start":{"line":173,"column":16},"end":{"line":173,"column":71}},"57":{"start":{"line":175,"column":12},"end":{"line":175,"column":28}},"58":{"start":{"line":178,"column":12},"end":{"line":178,"column":21}},"59":{"start":{"line":179,"column":12},"end":{"line":179,"column":30}},"60":{"start":{"line":184,"column":0},"end":{"line":184,"column":35}}},"fnMap":{"0":{"name":"(anonymous_0)","decl":{"start":{"line":5,"column":4},"end":{"line":5,"column":5}},"loc":{"start":{"line":5,"column":37},"end":{"line":15,"column":5}},"line":5},"1":{"name":"(anonymous_1)","decl":{"start":{"line":8,"column":18},"end":{"line":8,"column":19}},"loc":{"start":{"line":8,"column":26},"end":{"line":10,"column":13}},"line":8},"2":{"name":"(anonymous_2)","decl":{"start":{"line":11,"column":19},"end":{"line":11,"column":20}},"loc":{"start":{"line":11,"column":24},"end":{"line":14,"column":13}},"line":11},"3":{"name":"(anonymous_3)","decl":{"start":{"line":30,"column":4},"end":{"line":30,"column":5}},"loc":{"start":{"line":30,"column":43},"end":{"line":60,"column":5}},"line":30},"4":{"name":"(anonymous_4)","decl":{"start":{"line":62,"column":4},"end":{"line":62,"column":5}},"loc":{"start":{"line":62,"column":36},"end":{"line":69,"column":5}},"line":62},"5":{"name":"(anonymous_5)","decl":{"start":{"line":64,"column":18},"end":{"line":64,"column":19}},"loc":{"start":{"line":64,"column":26},"end":{"line":67,"column":13}},"line":64},"6":{"name":"(anonymous_6)","decl":{"start":{"line":68,"column":19},"end":{"line":68,"column":20}},"loc":{"start":{"line":68,"column":24},"end":{"line":68,"column":33}},"line":68},"7":{"name":"(anonymous_7)","decl":{"start":{"line":71,"column":4},"end":{"line":71,"column":5}},"loc":{"start":{"line":71,"column":39},"end":{"line":81,"column":5}},"line":71},"8":{"name":"(anonymous_8)","decl":{"start":{"line":76,"column":16},"end":{"line":76,"column":17}},"loc":{"start":{"line":76,"column":24},"end":{"line":80,"column":9}},"line":76},"9":{"name":"(anonymous_9)","decl":{"start":{"line":80,"column":17},"end":{"line":80,"column":18}},"loc":{"start":{"line":80,"column":23},"end":{"line":80,"column":32}},"line":80},"10":{"name":"(anonymous_10)","decl":{"start":{"line":83,"column":4},"end":{"line":83,"column":5}},"loc":{"start":{"line":83,"column":53},"end":{"line":120,"column":5}},"line":83},"11":{"name":"(anonymous_11)","decl":{"start":{"line":122,"column":4},"end":{"line":122,"column":5}},"loc":{"start":{"line":122,"column":51},"end":{"line":132,"column":5}},"line":122},"12":{"name":"(anonymous_12)","decl":{"start":{"line":128,"column":14},"end":{"line":128,"column":15}},"loc":{"start":{"line":128,"column":23},"end":{"line":130,"column":9}},"line":128},"13":{"name":"(anonymous_13)","decl":{"start":{"line":131,"column":15},"end":{"line":131,"column":16}},"loc":{"start":{"line":131,"column":22},"end":{"line":131,"column":31}},"line":131},"14":{"name":"(anonymous_14)","decl":{"start":{"line":134,"column":4},"end":{"line":134,"column":5}},"loc":{"start":{"line":134,"column":55},"end":{"line":181,"column":5}},"line":134},"15":{"name":"(anonymous_15)","decl":{"start":{"line":172,"column":26},"end":{"line":172,"column":27}},"loc":{"start":{"line":172,"column":32},"end":{"line":174,"column":13}},"line":172}},"branchMap":{"0":{"loc":{"start":{"line":39,"column":16},"end":{"line":48,"column":17}},"type":"if","locations":[{"start":{"line":39,"column":16},"end":{"line":48,"column":17}},{"start":{"line":39,"column":16},"end":{"line":48,"column":17}}],"line":39},"1":{"loc":{"start":{"line":42,"column":22},"end":{"line":48,"column":17}},"type":"if","locations":[{"start":{"line":42,"column":22},"end":{"line":48,"column":17}},{"start":{"line":42,"column":22},"end":{"line":48,"column":17}}],"line":42},"2":{"loc":{"start":{"line":49,"column":16},"end":{"line":51,"column":17}},"type":"if","locations":[{"start":{"line":49,"column":16},"end":{"line":51,"column":17}},{"start":{"line":49,"column":16},"end":{"line":51,"column":17}}],"line":49},"3":{"loc":{"start":{"line":65,"column":16},"end":{"line":66,"column":45}},"type":"if","locations":[{"start":{"line":65,"column":16},"end":{"line":66,"column":45}},{"start":{"line":65,"column":16},"end":{"line":66,"column":45}}],"line":65},"4":{"loc":{"start":{"line":77,"column":12},"end":{"line":79,"column":13}},"type":"if","locations":[{"start":{"line":77,"column":12},"end":{"line":79,"column":13}},{"start":{"line":77,"column":12},"end":{"line":79,"column":13}}],"line":77},"5":{"loc":{"start":{"line":94,"column":12},"end":{"line":116,"column":13}},"type":"if","locations":[{"start":{"line":94,"column":12},"end":{"line":116,"column":13}},{"start":{"line":94,"column":12},"end":{"line":116,"column":13}}],"line":94},"6":{"loc":{"start":{"line":97,"column":20},"end":{"line":99,"column":21}},"type":"if","locations":[{"start":{"line":97,"column":20},"end":{"line":99,"column":21}},{"start":{"line":97,"column":20},"end":{"line":99,"column":21}}],"line":97},"7":{"loc":{"start":{"line":101,"column":18},"end":{"line":116,"column":13}},"type":"if","locations":[{"start":{"line":101,"column":18},"end":{"line":116,"column":13}},{"start":{"line":101,"column":18},"end":{"line":116,"column":13}}],"line":101},"8":{"loc":{"start":{"line":104,"column":20},"end":{"line":106,"column":21}},"type":"if","locations":[{"start":{"line":104,"column":20},"end":{"line":106,"column":21}},{"start":{"line":104,"column":20},"end":{"line":106,"column":21}}],"line":104},"9":{"loc":{"start":{"line":111,"column":20},"end":{"line":114,"column":21}},"type":"if","locations":[{"start":{"line":111,"column":20},"end":{"line":114,"column":21}},{"start":{"line":111,"column":20},"end":{"line":114,"column":21}}],"line":111},"10":{"loc":{"start":{"line":129,"column":12},"end":{"line":129,"column":77}},"type":"if","locations":[{"start":{"line":129,"column":12},"end":{"line":129,"column":77}},{"start":{"line":129,"column":12},"end":{"line":129,"column":77}}],"line":129}},"s":{"0":6,"1":0,"2":0,"3":0,"4":0,"5":0,"6":0,"7":0,"8":0,"9":0,"10":0,"11":0,"12":0,"13":0,"14":0,"15":0,"16":0,"17":0,"18":0,"19":0,"20":0,"21":0,"22":0,"23":0,"24":0,"25":0,"26":0,"27":0,"28":0,"29":0,"30":0,"31":0,"32":0,"33":0,"34":0,"35":0,"36":0,"37":0,"38":0,"39":0,"40":0,"41":0,"42":0,"43":0,"44":0,"45":0,"46":0,"47":0,"48":0,"49":0,"50":0,"51":0,"52":0,"53":0,"54":0,"55":0,"56":0,"57":0,"58":0,"59":0,"60":6},"f":{"0":0,"1":0,"2":0,"3":0,"4":0,"5":0,"6":0,"7":0,"8":0,"9":0,"10":0,"11":0,"12":0,"13":0,"14":0,"15":0},"b":{"0":[0,0],"1":[0,0],"2":[0,0],"3":[0,0],"4":[0,0],"5":[0,0],"6":[0,0],"7":[0,0],"8":[0,0],"9":[0,0],"10":[0,0]},"_coverageSchema":"1a1c01bbd47fc00a2c39e90264f33305004495a9","hash":"c08bb7ee05d87b2de7c9455f82ce77e13eed347d"}
,"/home/rinaldy/Documents/Final-project/Wedness/server/controllers/userController.js": {"path":"/home/rinaldy/Documents/Final-project/Wedness/server/controllers/userController.js","statementMap":{"0":{"start":{"line":1,"column":17},"end":{"line":1,"column":43}},"1":{"start":{"line":2,"column":22},"end":{"line":2,"column":47}},"2":{"start":{"line":3,"column":28},"end":{"line":3,"column":58}},"3":{"start":{"line":7,"column":32},"end":{"line":7,"column":40}},"4":{"start":{"line":8,"column":4},"end":{"line":10,"column":3}},"5":{"start":{"line":9,"column":6},"end":{"line":9,"column":33}},"6":{"start":{"line":11,"column":4},"end":{"line":29,"column":6}},"7":{"start":{"line":15,"column":6},"end":{"line":25,"column":7}},"8":{"start":{"line":16,"column":8},"end":{"line":16,"column":48}},"9":{"start":{"line":18,"column":11},"end":{"line":25,"column":7}},"10":{"start":{"line":19,"column":8},"end":{"line":19,"column":48}},"11":{"start":{"line":22,"column":8},"end":{"line":22,"column":116}},"12":{"start":{"line":22,"column":35},"end":{"line":22,"column":116}},"13":{"start":{"line":23,"column":29},"end":{"line":23,"column":89}},"14":{"start":{"line":24,"column":8},"end":{"line":24,"column":44}},"15":{"start":{"line":28,"column":6},"end":{"line":28,"column":43}},"16":{"start":{"line":33,"column":17},"end":{"line":33,"column":27}},"17":{"start":{"line":34,"column":52},"end":{"line":34,"column":60}},"18":{"start":{"line":35,"column":4},"end":{"line":37,"column":5}},"19":{"start":{"line":36,"column":6},"end":{"line":36,"column":34}},"20":{"start":{"line":38,"column":4},"end":{"line":54,"column":6}},"21":{"start":{"line":46,"column":6},"end":{"line":50,"column":8}},"22":{"start":{"line":53,"column":6},"end":{"line":53,"column":43}},"23":{"start":{"line":58,"column":0},"end":{"line":58,"column":31}}},"fnMap":{"0":{"name":"(anonymous_0)","decl":{"start":{"line":6,"column":2},"end":{"line":6,"column":3}},"loc":{"start":{"line":6,"column":34},"end":{"line":30,"column":3}},"line":6},"1":{"name":"(anonymous_1)","decl":{"start":{"line":14,"column":10},"end":{"line":14,"column":11}},"loc":{"start":{"line":14,"column":18},"end":{"line":26,"column":5}},"line":14},"2":{"name":"(anonymous_2)","decl":{"start":{"line":27,"column":11},"end":{"line":27,"column":12}},"loc":{"start":{"line":27,"column":18},"end":{"line":29,"column":5}},"line":27},"3":{"name":"(anonymous_3)","decl":{"start":{"line":32,"column":2},"end":{"line":32,"column":3}},"loc":{"start":{"line":32,"column":37},"end":{"line":55,"column":3}},"line":32},"4":{"name":"(anonymous_4)","decl":{"start":{"line":45,"column":10},"end":{"line":45,"column":11}},"loc":{"start":{"line":45,"column":18},"end":{"line":51,"column":5}},"line":45},"5":{"name":"(anonymous_5)","decl":{"start":{"line":52,"column":11},"end":{"line":52,"column":12}},"loc":{"start":{"line":52,"column":18},"end":{"line":54,"column":5}},"line":52}},"branchMap":{"0":{"loc":{"start":{"line":8,"column":4},"end":{"line":10,"column":3}},"type":"if","locations":[{"start":{"line":8,"column":4},"end":{"line":10,"column":3}},{"start":{"line":8,"column":4},"end":{"line":10,"column":3}}],"line":8},"1":{"loc":{"start":{"line":8,"column":7},"end":{"line":8,"column":38}},"type":"binary-expr","locations":[{"start":{"line":8,"column":7},"end":{"line":8,"column":19}},{"start":{"line":8,"column":23},"end":{"line":8,"column":38}}],"line":8},"2":{"loc":{"start":{"line":15,"column":6},"end":{"line":25,"column":7}},"type":"if","locations":[{"start":{"line":15,"column":6},"end":{"line":25,"column":7}},{"start":{"line":15,"column":6},"end":{"line":25,"column":7}}],"line":15},"3":{"loc":{"start":{"line":18,"column":11},"end":{"line":25,"column":7}},"type":"if","locations":[{"start":{"line":18,"column":11},"end":{"line":25,"column":7}},{"start":{"line":18,"column":11},"end":{"line":25,"column":7}}],"line":18},"4":{"loc":{"start":{"line":22,"column":8},"end":{"line":22,"column":116}},"type":"if","locations":[{"start":{"line":22,"column":8},"end":{"line":22,"column":116}},{"start":{"line":22,"column":8},"end":{"line":22,"column":116}}],"line":22},"5":{"loc":{"start":{"line":35,"column":4},"end":{"line":37,"column":5}},"type":"if","locations":[{"start":{"line":35,"column":4},"end":{"line":37,"column":5}},{"start":{"line":35,"column":4},"end":{"line":37,"column":5}}],"line":35},"6":{"loc":{"start":{"line":35,"column":8},"end":{"line":35,"column":77}},"type":"binary-expr","locations":[{"start":{"line":35,"column":8},"end":{"line":35,"column":19}},{"start":{"line":35,"column":23},"end":{"line":35,"column":35}},{"start":{"line":35,"column":39},"end":{"line":35,"column":58}},{"start":{"line":35,"column":62},"end":{"line":35,"column":77}}],"line":35}},"s":{"0":6,"1":6,"2":6,"3":4,"4":4,"5":1,"6":4,"7":4,"8":1,"9":3,"10":2,"11":1,"12":0,"13":1,"14":1,"15":0,"16":5,"17":5,"18":5,"19":4,"20":5,"21":2,"22":4,"23":6},"f":{"0":4,"1":4,"2":0,"3":5,"4":2,"5":4},"b":{"0":[1,3],"1":[4,3],"2":[1,3],"3":[2,1],"4":[0,1],"5":[4,1],"6":[5,4,3,2]},"_coverageSchema":"1a1c01bbd47fc00a2c39e90264f33305004495a9","hash":"5d0eb5f4107e4df2759ee6c38c5fe432c24243a0"}
,"/home/rinaldy/Documents/Final-project/Wedness/server/controllers/vendorController.js": {"path":"/home/rinaldy/Documents/Final-project/Wedness/server/controllers/vendorController.js","statementMap":{"0":{"start":{"line":1,"column":17},"end":{"line":1,"column":43}},"1":{"start":{"line":2,"column":22},"end":{"line":2,"column":47}},"2":{"start":{"line":3,"column":28},"end":{"line":3,"column":58}},"3":{"start":{"line":6,"column":32},"end":{"line":6,"column":40}},"4":{"start":{"line":8,"column":4},"end":{"line":10,"column":5}},"5":{"start":{"line":9,"column":6},"end":{"line":9,"column":33}},"6":{"start":{"line":12,"column":4},"end":{"line":30,"column":6}},"7":{"start":{"line":16,"column":6},"end":{"line":26,"column":7}},"8":{"start":{"line":17,"column":8},"end":{"line":17,"column":48}},"9":{"start":{"line":19,"column":11},"end":{"line":26,"column":7}},"10":{"start":{"line":20,"column":8},"end":{"line":20,"column":48}},"11":{"start":{"line":23,"column":8},"end":{"line":23,"column":111}},"12":{"start":{"line":23,"column":33},"end":{"line":23,"column":111}},"13":{"start":{"line":24,"column":29},"end":{"line":24,"column":89}},"14":{"start":{"line":25,"column":8},"end":{"line":25,"column":44}},"15":{"start":{"line":29,"column":6},"end":{"line":29,"column":15}},"16":{"start":{"line":35,"column":17},"end":{"line":35,"column":25}},"17":{"start":{"line":36,"column":52},"end":{"line":36,"column":60}},"18":{"start":{"line":37,"column":4},"end":{"line":39,"column":5}},"19":{"start":{"line":38,"column":6},"end":{"line":38,"column":34}},"20":{"start":{"line":40,"column":4},"end":{"line":56,"column":6}},"21":{"start":{"line":48,"column":6},"end":{"line":52,"column":8}},"22":{"start":{"line":55,"column":6},"end":{"line":55,"column":15}},"23":{"start":{"line":60,"column":0},"end":{"line":60,"column":33}}},"fnMap":{"0":{"name":"(anonymous_0)","decl":{"start":{"line":5,"column":2},"end":{"line":5,"column":3}},"loc":{"start":{"line":5,"column":34},"end":{"line":31,"column":3}},"line":5},"1":{"name":"(anonymous_1)","decl":{"start":{"line":15,"column":10},"end":{"line":15,"column":11}},"loc":{"start":{"line":15,"column":18},"end":{"line":27,"column":5}},"line":15},"2":{"name":"(anonymous_2)","decl":{"start":{"line":28,"column":11},"end":{"line":28,"column":12}},"loc":{"start":{"line":28,"column":18},"end":{"line":30,"column":5}},"line":28},"3":{"name":"(anonymous_3)","decl":{"start":{"line":33,"column":2},"end":{"line":33,"column":3}},"loc":{"start":{"line":33,"column":37},"end":{"line":57,"column":3}},"line":33},"4":{"name":"(anonymous_4)","decl":{"start":{"line":47,"column":10},"end":{"line":47,"column":11}},"loc":{"start":{"line":47,"column":18},"end":{"line":53,"column":5}},"line":47},"5":{"name":"(anonymous_5)","decl":{"start":{"line":54,"column":11},"end":{"line":54,"column":12}},"loc":{"start":{"line":54,"column":18},"end":{"line":56,"column":5}},"line":54}},"branchMap":{"0":{"loc":{"start":{"line":8,"column":4},"end":{"line":10,"column":5}},"type":"if","locations":[{"start":{"line":8,"column":4},"end":{"line":10,"column":5}},{"start":{"line":8,"column":4},"end":{"line":10,"column":5}}],"line":8},"1":{"loc":{"start":{"line":8,"column":7},"end":{"line":8,"column":38}},"type":"binary-expr","locations":[{"start":{"line":8,"column":7},"end":{"line":8,"column":19}},{"start":{"line":8,"column":23},"end":{"line":8,"column":38}}],"line":8},"2":{"loc":{"start":{"line":16,"column":6},"end":{"line":26,"column":7}},"type":"if","locations":[{"start":{"line":16,"column":6},"end":{"line":26,"column":7}},{"start":{"line":16,"column":6},"end":{"line":26,"column":7}}],"line":16},"3":{"loc":{"start":{"line":19,"column":11},"end":{"line":26,"column":7}},"type":"if","locations":[{"start":{"line":19,"column":11},"end":{"line":26,"column":7}},{"start":{"line":19,"column":11},"end":{"line":26,"column":7}}],"line":19},"4":{"loc":{"start":{"line":23,"column":8},"end":{"line":23,"column":111}},"type":"if","locations":[{"start":{"line":23,"column":8},"end":{"line":23,"column":111}},{"start":{"line":23,"column":8},"end":{"line":23,"column":111}}],"line":23},"5":{"loc":{"start":{"line":37,"column":4},"end":{"line":39,"column":5}},"type":"if","locations":[{"start":{"line":37,"column":4},"end":{"line":39,"column":5}},{"start":{"line":37,"column":4},"end":{"line":39,"column":5}}],"line":37},"6":{"loc":{"start":{"line":37,"column":8},"end":{"line":37,"column":77}},"type":"binary-expr","locations":[{"start":{"line":37,"column":8},"end":{"line":37,"column":19}},{"start":{"line":37,"column":23},"end":{"line":37,"column":35}},{"start":{"line":37,"column":39},"end":{"line":37,"column":58}},{"start":{"line":37,"column":62},"end":{"line":37,"column":77}}],"line":37}},"s":{"0":6,"1":6,"2":6,"3":5,"4":5,"5":1,"6":5,"7":5,"8":1,"9":4,"10":2,"11":2,"12":0,"13":2,"14":2,"15":0,"16":5,"17":5,"18":5,"19":4,"20":5,"21":2,"22":4,"23":6},"f":{"0":5,"1":5,"2":0,"3":5,"4":2,"5":4},"b":{"0":[1,4],"1":[5,4],"2":[1,4],"3":[2,2],"4":[0,2],"5":[4,1],"6":[5,4,3,2]},"_coverageSchema":"1a1c01bbd47fc00a2c39e90264f33305004495a9","hash":"59742596e06bbd0378e31a5cc07ce24a42728c78"}
,"/home/rinaldy/Documents/Final-project/Wedness/server/controllers/venueController.js": {"path":"/home/rinaldy/Documents/Final-project/Wedness/server/controllers/venueController.js","statementMap":{"0":{"start":{"line":1,"column":24},"end":{"line":1,"column":44}},"1":{"start":{"line":5,"column":8},"end":{"line":5,"column":41}},"2":{"start":{"line":6,"column":8},"end":{"line":11,"column":27}},"3":{"start":{"line":8,"column":16},"end":{"line":8,"column":43}},"4":{"start":{"line":11,"column":16},"end":{"line":11,"column":25}},"5":{"start":{"line":15,"column":8},"end":{"line":21,"column":34}},"6":{"start":{"line":19,"column":16},"end":{"line":19,"column":44}},"7":{"start":{"line":21,"column":24},"end":{"line":21,"column":33}},"8":{"start":{"line":25,"column":8},"end":{"line":50,"column":17}},"9":{"start":{"line":43,"column":12},"end":{"line":43,"column":49}},"10":{"start":{"line":44,"column":16},"end":{"line":45,"column":45}},"11":{"start":{"line":44,"column":27},"end":{"line":44,"column":54}},"12":{"start":{"line":45,"column":21},"end":{"line":45,"column":45}},"13":{"start":{"line":48,"column":16},"end":{"line":48,"column":55}},"14":{"start":{"line":53,"column":8},"end":{"line":62,"column":23}},"15":{"start":{"line":58,"column":12},"end":{"line":60,"column":13}},"16":{"start":{"line":59,"column":16},"end":{"line":59,"column":63}},"17":{"start":{"line":62,"column":12},"end":{"line":62,"column":21}},"18":{"start":{"line":65,"column":8},"end":{"line":73,"column":33}},"19":{"start":{"line":70,"column":12},"end":{"line":72,"column":13}},"20":{"start":{"line":71,"column":16},"end":{"line":71,"column":66}},"21":{"start":{"line":73,"column":23},"end":{"line":73,"column":32}},"22":{"start":{"line":77,"column":0},"end":{"line":77,"column":32}}},"fnMap":{"0":{"name":"(anonymous_0)","decl":{"start":{"line":4,"column":4},"end":{"line":4,"column":5}},"loc":{"start":{"line":4,"column":34},"end":{"line":12,"column":5}},"line":4},"1":{"name":"(anonymous_1)","decl":{"start":{"line":7,"column":18},"end":{"line":7,"column":19}},"loc":{"start":{"line":7,"column":25},"end":{"line":9,"column":13}},"line":7},"2":{"name":"(anonymous_2)","decl":{"start":{"line":10,"column":19},"end":{"line":10,"column":20}},"loc":{"start":{"line":10,"column":24},"end":{"line":11,"column":26}},"line":10},"3":{"name":"(anonymous_3)","decl":{"start":{"line":14,"column":4},"end":{"line":14,"column":5}},"loc":{"start":{"line":14,"column":34},"end":{"line":22,"column":5}},"line":14},"4":{"name":"(anonymous_4)","decl":{"start":{"line":18,"column":18},"end":{"line":18,"column":19}},"loc":{"start":{"line":18,"column":26},"end":{"line":20,"column":13}},"line":18},"5":{"name":"(anonymous_5)","decl":{"start":{"line":21,"column":19},"end":{"line":21,"column":20}},"loc":{"start":{"line":21,"column":24},"end":{"line":21,"column":33}},"line":21},"6":{"name":"(anonymous_6)","decl":{"start":{"line":24,"column":4},"end":{"line":24,"column":5}},"loc":{"start":{"line":24,"column":33},"end":{"line":51,"column":5}},"line":24},"7":{"name":"(anonymous_7)","decl":{"start":{"line":42,"column":14},"end":{"line":42,"column":15}},"loc":{"start":{"line":42,"column":21},"end":{"line":46,"column":13}},"line":42},"8":{"name":"(anonymous_8)","decl":{"start":{"line":47,"column":19},"end":{"line":47,"column":20}},"loc":{"start":{"line":48,"column":16},"end":{"line":48,"column":55}},"line":48},"9":{"name":"(anonymous_9)","decl":{"start":{"line":52,"column":4},"end":{"line":52,"column":5}},"loc":{"start":{"line":52,"column":33},"end":{"line":63,"column":5}},"line":52},"10":{"name":"(anonymous_10)","decl":{"start":{"line":57,"column":16},"end":{"line":57,"column":17}},"loc":{"start":{"line":57,"column":24},"end":{"line":61,"column":9}},"line":57},"11":{"name":"(anonymous_11)","decl":{"start":{"line":61,"column":17},"end":{"line":61,"column":18}},"loc":{"start":{"line":61,"column":23},"end":{"line":62,"column":22}},"line":61},"12":{"name":"(anonymous_12)","decl":{"start":{"line":64,"column":4},"end":{"line":64,"column":5}},"loc":{"start":{"line":64,"column":36},"end":{"line":74,"column":5}},"line":64},"13":{"name":"(anonymous_13)","decl":{"start":{"line":69,"column":16},"end":{"line":69,"column":17}},"loc":{"start":{"line":69,"column":24},"end":{"line":73,"column":9}},"line":69},"14":{"name":"(anonymous_14)","decl":{"start":{"line":73,"column":17},"end":{"line":73,"column":18}},"loc":{"start":{"line":73,"column":23},"end":{"line":73,"column":32}},"line":73}},"branchMap":{"0":{"loc":{"start":{"line":44,"column":16},"end":{"line":45,"column":45}},"type":"if","locations":[{"start":{"line":44,"column":16},"end":{"line":45,"column":45}},{"start":{"line":44,"column":16},"end":{"line":45,"column":45}}],"line":44},"1":{"loc":{"start":{"line":58,"column":12},"end":{"line":60,"column":13}},"type":"if","locations":[{"start":{"line":58,"column":12},"end":{"line":60,"column":13}},{"start":{"line":58,"column":12},"end":{"line":60,"column":13}}],"line":58},"2":{"loc":{"start":{"line":70,"column":12},"end":{"line":72,"column":13}},"type":"if","locations":[{"start":{"line":70,"column":12},"end":{"line":72,"column":13}},{"start":{"line":70,"column":12},"end":{"line":72,"column":13}}],"line":70}},"s":{"0":6,"1":11,"2":11,"3":1,"4":10,"5":1,"6":1,"7":0,"8":1,"9":1,"10":1,"11":1,"12":0,"13":0,"14":10,"15":1,"16":1,"17":9,"18":1,"19":1,"20":1,"21":0,"22":6},"f":{"0":11,"1":1,"2":10,"3":1,"4":1,"5":0,"6":1,"7":1,"8":0,"9":10,"10":1,"11":9,"12":1,"13":1,"14":0},"b":{"0":[1,0],"1":[1,0],"2":[1,0]},"_coverageSchema":"1a1c01bbd47fc00a2c39e90264f33305004495a9","hash":"210d868b6d2c9fb90c37009ac9e13bd054b1b00c"}
,"/home/rinaldy/Documents/Final-project/Wedness/server/helpers/bcryptjs.js": {"path":"/home/rinaldy/Documents/Final-project/Wedness/server/helpers/bcryptjs.js","statementMap":{"0":{"start":{"line":1,"column":15},"end":{"line":1,"column":34}},"1":{"start":{"line":5,"column":17},"end":{"line":5,"column":39}},"2":{"start":{"line":6,"column":17},"end":{"line":6,"column":48}},"3":{"start":{"line":8,"column":4},"end":{"line":8,"column":15}},"4":{"start":{"line":11,"column":24},"end":{"line":14,"column":1}},"5":{"start":{"line":13,"column":4},"end":{"line":13,"column":45}},"6":{"start":{"line":16,"column":0},"end":{"line":19,"column":1}}},"fnMap":{"0":{"name":"hashPassword","decl":{"start":{"line":4,"column":9},"end":{"line":4,"column":21}},"loc":{"start":{"line":4,"column":31},"end":{"line":9,"column":1}},"line":4},"1":{"name":"(anonymous_1)","decl":{"start":{"line":11,"column":24},"end":{"line":11,"column":25}},"loc":{"start":{"line":11,"column":44},"end":{"line":14,"column":1}},"line":11}},"branchMap":{},"s":{"0":6,"1":9,"2":9,"3":9,"4":6,"5":7,"6":6},"f":{"0":9,"1":7},"b":{},"_coverageSchema":"1a1c01bbd47fc00a2c39e90264f33305004495a9","hash":"fefda585acdb3adb046d896b476dd84560791a9f"}
,"/home/rinaldy/Documents/Final-project/Wedness/server/helpers/jwt.js": {"path":"/home/rinaldy/Documents/Final-project/Wedness/server/helpers/jwt.js","statementMap":{"0":{"start":{"line":1,"column":12},"end":{"line":1,"column":35}},"1":{"start":{"line":3,"column":18},"end":{"line":6,"column":1}},"2":{"start":{"line":4,"column":18},"end":{"line":4,"column":48}},"3":{"start":{"line":5,"column":4},"end":{"line":5,"column":16}},"4":{"start":{"line":7,"column":20},"end":{"line":10,"column":1}},"5":{"start":{"line":8,"column":19},"end":{"line":8,"column":49}},"6":{"start":{"line":9,"column":4},"end":{"line":9,"column":17}},"7":{"start":{"line":12,"column":0},"end":{"line":12,"column":43}}},"fnMap":{"0":{"name":"(anonymous_0)","decl":{"start":{"line":3,"column":18},"end":{"line":3,"column":19}},"loc":{"start":{"line":3,"column":31},"end":{"line":6,"column":1}},"line":3},"1":{"name":"(anonymous_1)","decl":{"start":{"line":7,"column":20},"end":{"line":7,"column":21}},"loc":{"start":{"line":7,"column":31},"end":{"line":10,"column":1}},"line":7}},"branchMap":{},"s":{"0":6,"1":6,"2":5,"3":5,"4":6,"5":70,"6":70,"7":6},"f":{"0":5,"1":70},"b":{},"_coverageSchema":"1a1c01bbd47fc00a2c39e90264f33305004495a9","hash":"31bd0cccb503b81580d99676800cd7b18b924ca3"}
,"/home/rinaldy/Documents/Final-project/Wedness/server/middlewares/auth.js": {"path":"/home/rinaldy/Documents/Final-project/Wedness/server/middlewares/auth.js","statementMap":{"0":{"start":{"line":1,"column":24},"end":{"line":1,"column":52}},"1":{"start":{"line":2,"column":52},"end":{"line":2,"column":81}},"2":{"start":{"line":5,"column":27},"end":{"line":24,"column":1}},"3":{"start":{"line":6,"column":29},"end":{"line":6,"column":40}},"4":{"start":{"line":7,"column":4},"end":{"line":23,"column":5}},"5":{"start":{"line":8,"column":21},"end":{"line":8,"column":46}},"6":{"start":{"line":9,"column":8},"end":{"line":9,"column":29}},"7":{"start":{"line":10,"column":8},"end":{"line":19,"column":14}},"8":{"start":{"line":12,"column":16},"end":{"line":14,"column":17}},"9":{"start":{"line":13,"column":20},"end":{"line":13,"column":50}},"10":{"start":{"line":15,"column":16},"end":{"line":15,"column":22}},"11":{"start":{"line":18,"column":16},"end":{"line":18,"column":25}},"12":{"start":{"line":22,"column":8},"end":{"line":22,"column":66}},"13":{"start":{"line":26,"column":29},"end":{"line":50,"column":1}},"14":{"start":{"line":27,"column":27},"end":{"line":27,"column":38}},"15":{"start":{"line":28,"column":2},"end":{"line":49,"column":3}},"16":{"start":{"line":30,"column":19},"end":{"line":30,"column":44}},"17":{"start":{"line":31,"column":6},"end":{"line":31,"column":27}},"18":{"start":{"line":32,"column":6},"end":{"line":44,"column":12}},"19":{"start":{"line":34,"column":14},"end":{"line":37,"column":15}},"20":{"start":{"line":36,"column":18},"end":{"line":36,"column":49}},"21":{"start":{"line":39,"column":14},"end":{"line":39,"column":20}},"22":{"start":{"line":43,"column":14},"end":{"line":43,"column":23}},"23":{"start":{"line":48,"column":6},"end":{"line":48,"column":64}},"24":{"start":{"line":52,"column":30},"end":{"line":80,"column":3}},"25":{"start":{"line":53,"column":22},"end":{"line":53,"column":80}},"26":{"start":{"line":54,"column":19},"end":{"line":54,"column":74}},"27":{"start":{"line":55,"column":23},"end":{"line":55,"column":82}},"28":{"start":{"line":56,"column":17},"end":{"line":56,"column":27}},"29":{"start":{"line":57,"column":4},"end":{"line":79,"column":10}},"30":{"start":{"line":60,"column":12},"end":{"line":73,"column":13}},"31":{"start":{"line":61,"column":16},"end":{"line":61,"column":42}},"32":{"start":{"line":64,"column":14},"end":{"line":72,"column":15}},"33":{"start":{"line":65,"column":16},"end":{"line":65,"column":73}},"34":{"start":{"line":65,"column":45},"end":{"line":65,"column":71}},"35":{"start":{"line":67,"column":19},"end":{"line":72,"column":15}},"36":{"start":{"line":68,"column":16},"end":{"line":68,"column":81}},"37":{"start":{"line":68,"column":51},"end":{"line":68,"column":80}},"38":{"start":{"line":71,"column":16},"end":{"line":71,"column":84}},"39":{"start":{"line":71,"column":53},"end":{"line":71,"column":83}},"40":{"start":{"line":74,"column":12},"end":{"line":75,"column":47}},"41":{"start":{"line":74,"column":22},"end":{"line":74,"column":28}},"42":{"start":{"line":75,"column":17},"end":{"line":75,"column":47}},"43":{"start":{"line":78,"column":12},"end":{"line":78,"column":21}},"44":{"start":{"line":83,"column":22},"end":{"line":104,"column":1}},"45":{"start":{"line":84,"column":21},"end":{"line":84,"column":33}},"46":{"start":{"line":85,"column":4},"end":{"line":103,"column":10}},"47":{"start":{"line":91,"column":12},"end":{"line":99,"column":13}},"48":{"start":{"line":92,"column":16},"end":{"line":92,"column":22}},"49":{"start":{"line":94,"column":17},"end":{"line":99,"column":13}},"50":{"start":{"line":95,"column":16},"end":{"line":95,"column":81}},"51":{"start":{"line":97,"column":17},"end":{"line":99,"column":13}},"52":{"start":{"line":98,"column":16},"end":{"line":98,"column":82}},"53":{"start":{"line":102,"column":12},"end":{"line":102,"column":21}},"54":{"start":{"line":107,"column":27},"end":{"line":125,"column":1}},"55":{"start":{"line":109,"column":17},"end":{"line":109,"column":27}},"56":{"start":{"line":110,"column":4},"end":{"line":124,"column":10}},"57":{"start":{"line":113,"column":12},"end":{"line":119,"column":13}},"58":{"start":{"line":114,"column":16},"end":{"line":114,"column":66}},"59":{"start":{"line":115,"column":19},"end":{"line":119,"column":13}},"60":{"start":{"line":116,"column":16},"end":{"line":116,"column":72}},"61":{"start":{"line":118,"column":16},"end":{"line":118,"column":22}},"62":{"start":{"line":123,"column":12},"end":{"line":123,"column":57}},"63":{"start":{"line":127,"column":31},"end":{"line":144,"column":1}},"64":{"start":{"line":129,"column":17},"end":{"line":129,"column":27}},"65":{"start":{"line":130,"column":4},"end":{"line":143,"column":10}},"66":{"start":{"line":133,"column":12},"end":{"line":139,"column":13}},"67":{"start":{"line":134,"column":16},"end":{"line":134,"column":66}},"68":{"start":{"line":135,"column":19},"end":{"line":139,"column":13}},"69":{"start":{"line":136,"column":16},"end":{"line":136,"column":72}},"70":{"start":{"line":138,"column":16},"end":{"line":138,"column":22}},"71":{"start":{"line":142,"column":12},"end":{"line":142,"column":57}},"72":{"start":{"line":146,"column":30},"end":{"line":177,"column":1}},"73":{"start":{"line":147,"column":17},"end":{"line":147,"column":27}},"74":{"start":{"line":148,"column":4},"end":{"line":160,"column":10}},"75":{"start":{"line":150,"column":12},"end":{"line":156,"column":13}},"76":{"start":{"line":151,"column":16},"end":{"line":151,"column":66}},"77":{"start":{"line":152,"column":19},"end":{"line":156,"column":13}},"78":{"start":{"line":153,"column":16},"end":{"line":153,"column":72}},"79":{"start":{"line":155,"column":16},"end":{"line":155,"column":22}},"80":{"start":{"line":159,"column":12},"end":{"line":159,"column":57}},"81":{"start":{"line":179,"column":0},"end":{"line":187,"column":1}}},"fnMap":{"0":{"name":"(anonymous_0)","decl":{"start":{"line":5,"column":27},"end":{"line":5,"column":28}},"loc":{"start":{"line":5,"column":47},"end":{"line":24,"column":1}},"line":5},"1":{"name":"(anonymous_1)","decl":{"start":{"line":11,"column":18},"end":{"line":11,"column":19}},"loc":{"start":{"line":11,"column":26},"end":{"line":16,"column":13}},"line":11},"2":{"name":"(anonymous_2)","decl":{"start":{"line":17,"column":19},"end":{"line":17,"column":20}},"loc":{"start":{"line":17,"column":26},"end":{"line":19,"column":13}},"line":17},"3":{"name":"(anonymous_3)","decl":{"start":{"line":26,"column":29},"end":{"line":26,"column":30}},"loc":{"start":{"line":26,"column":49},"end":{"line":50,"column":1}},"line":26},"4":{"name":"(anonymous_4)","decl":{"start":{"line":33,"column":16},"end":{"line":33,"column":17}},"loc":{"start":{"line":33,"column":24},"end":{"line":40,"column":11}},"line":33},"5":{"name":"(anonymous_5)","decl":{"start":{"line":41,"column":17},"end":{"line":41,"column":18}},"loc":{"start":{"line":41,"column":24},"end":{"line":44,"column":11}},"line":41},"6":{"name":"(anonymous_6)","decl":{"start":{"line":52,"column":30},"end":{"line":52,"column":31}},"loc":{"start":{"line":52,"column":56},"end":{"line":80,"column":3}},"line":52},"7":{"name":"(anonymous_7)","decl":{"start":{"line":58,"column":14},"end":{"line":58,"column":15}},"loc":{"start":{"line":58,"column":22},"end":{"line":76,"column":9}},"line":58},"8":{"name":"(anonymous_8)","decl":{"start":{"line":65,"column":36},"end":{"line":65,"column":37}},"loc":{"start":{"line":65,"column":45},"end":{"line":65,"column":71}},"line":65},"9":{"name":"(anonymous_9)","decl":{"start":{"line":68,"column":39},"end":{"line":68,"column":40}},"loc":{"start":{"line":68,"column":51},"end":{"line":68,"column":80}},"line":68},"10":{"name":"(anonymous_10)","decl":{"start":{"line":71,"column":40},"end":{"line":71,"column":41}},"loc":{"start":{"line":71,"column":53},"end":{"line":71,"column":83}},"line":71},"11":{"name":"(anonymous_11)","decl":{"start":{"line":77,"column":15},"end":{"line":77,"column":16}},"loc":{"start":{"line":77,"column":22},"end":{"line":79,"column":9}},"line":77},"12":{"name":"(anonymous_12)","decl":{"start":{"line":83,"column":22},"end":{"line":83,"column":23}},"loc":{"start":{"line":83,"column":42},"end":{"line":104,"column":1}},"line":83},"13":{"name":"(anonymous_13)","decl":{"start":{"line":90,"column":14},"end":{"line":90,"column":15}},"loc":{"start":{"line":90,"column":24},"end":{"line":100,"column":9}},"line":90},"14":{"name":"(anonymous_14)","decl":{"start":{"line":101,"column":15},"end":{"line":101,"column":16}},"loc":{"start":{"line":101,"column":22},"end":{"line":103,"column":9}},"line":101},"15":{"name":"(anonymous_15)","decl":{"start":{"line":107,"column":27},"end":{"line":107,"column":28}},"loc":{"start":{"line":107,"column":47},"end":{"line":125,"column":1}},"line":107},"16":{"name":"(anonymous_16)","decl":{"start":{"line":111,"column":14},"end":{"line":111,"column":15}},"loc":{"start":{"line":111,"column":22},"end":{"line":120,"column":9}},"line":111},"17":{"name":"(anonymous_17)","decl":{"start":{"line":121,"column":15},"end":{"line":121,"column":16}},"loc":{"start":{"line":121,"column":22},"end":{"line":124,"column":9}},"line":121},"18":{"name":"(anonymous_18)","decl":{"start":{"line":127,"column":31},"end":{"line":127,"column":32}},"loc":{"start":{"line":127,"column":51},"end":{"line":144,"column":1}},"line":127},"19":{"name":"(anonymous_19)","decl":{"start":{"line":131,"column":14},"end":{"line":131,"column":15}},"loc":{"start":{"line":131,"column":22},"end":{"line":140,"column":9}},"line":131},"20":{"name":"(anonymous_20)","decl":{"start":{"line":141,"column":15},"end":{"line":141,"column":16}},"loc":{"start":{"line":141,"column":22},"end":{"line":143,"column":9}},"line":141},"21":{"name":"(anonymous_21)","decl":{"start":{"line":146,"column":30},"end":{"line":146,"column":31}},"loc":{"start":{"line":146,"column":50},"end":{"line":177,"column":1}},"line":146},"22":{"name":"(anonymous_22)","decl":{"start":{"line":149,"column":14},"end":{"line":149,"column":15}},"loc":{"start":{"line":149,"column":22},"end":{"line":157,"column":9}},"line":149},"23":{"name":"(anonymous_23)","decl":{"start":{"line":158,"column":15},"end":{"line":158,"column":16}},"loc":{"start":{"line":158,"column":22},"end":{"line":160,"column":9}},"line":158}},"branchMap":{"0":{"loc":{"start":{"line":7,"column":4},"end":{"line":23,"column":5}},"type":"if","locations":[{"start":{"line":7,"column":4},"end":{"line":23,"column":5}},{"start":{"line":7,"column":4},"end":{"line":23,"column":5}}],"line":7},"1":{"loc":{"start":{"line":12,"column":16},"end":{"line":14,"column":17}},"type":"if","locations":[{"start":{"line":12,"column":16},"end":{"line":14,"column":17}},{"start":{"line":12,"column":16},"end":{"line":14,"column":17}}],"line":12},"2":{"loc":{"start":{"line":12,"column":19},"end":{"line":12,"column":52}},"type":"binary-expr","locations":[{"start":{"line":12,"column":19},"end":{"line":12,"column":24}},{"start":{"line":12,"column":28},"end":{"line":12,"column":52}}],"line":12},"3":{"loc":{"start":{"line":28,"column":2},"end":{"line":49,"column":3}},"type":"if","locations":[{"start":{"line":28,"column":2},"end":{"line":49,"column":3}},{"start":{"line":28,"column":2},"end":{"line":49,"column":3}}],"line":28},"4":{"loc":{"start":{"line":34,"column":14},"end":{"line":37,"column":15}},"type":"if","locations":[{"start":{"line":34,"column":14},"end":{"line":37,"column":15}},{"start":{"line":34,"column":14},"end":{"line":37,"column":15}}],"line":34},"5":{"loc":{"start":{"line":34,"column":17},"end":{"line":34,"column":48}},"type":"binary-expr","locations":[{"start":{"line":34,"column":17},"end":{"line":34,"column":22}},{"start":{"line":34,"column":26},"end":{"line":34,"column":48}}],"line":34},"6":{"loc":{"start":{"line":60,"column":12},"end":{"line":73,"column":13}},"type":"if","locations":[{"start":{"line":60,"column":12},"end":{"line":73,"column":13}},{"start":{"line":60,"column":12},"end":{"line":73,"column":13}}],"line":60},"7":{"loc":{"start":{"line":64,"column":14},"end":{"line":72,"column":15}},"type":"if","locations":[{"start":{"line":64,"column":14},"end":{"line":72,"column":15}},{"start":{"line":64,"column":14},"end":{"line":72,"column":15}}],"line":64},"8":{"loc":{"start":{"line":67,"column":19},"end":{"line":72,"column":15}},"type":"if","locations":[{"start":{"line":67,"column":19},"end":{"line":72,"column":15}},{"start":{"line":67,"column":19},"end":{"line":72,"column":15}}],"line":67},"9":{"loc":{"start":{"line":74,"column":12},"end":{"line":75,"column":47}},"type":"if","locations":[{"start":{"line":74,"column":12},"end":{"line":75,"column":47}},{"start":{"line":74,"column":12},"end":{"line":75,"column":47}}],"line":74},"10":{"loc":{"start":{"line":91,"column":12},"end":{"line":99,"column":13}},"type":"if","locations":[{"start":{"line":91,"column":12},"end":{"line":99,"column":13}},{"start":{"line":91,"column":12},"end":{"line":99,"column":13}}],"line":91},"11":{"loc":{"start":{"line":91,"column":15},"end":{"line":91,"column":49}},"type":"binary-expr","locations":[{"start":{"line":91,"column":15},"end":{"line":91,"column":21}},{"start":{"line":91,"column":25},"end":{"line":91,"column":49}}],"line":91},"12":{"loc":{"start":{"line":94,"column":17},"end":{"line":99,"column":13}},"type":"if","locations":[{"start":{"line":94,"column":17},"end":{"line":99,"column":13}},{"start":{"line":94,"column":17},"end":{"line":99,"column":13}}],"line":94},"13":{"loc":{"start":{"line":94,"column":20},"end":{"line":94,"column":54}},"type":"binary-expr","locations":[{"start":{"line":94,"column":20},"end":{"line":94,"column":26}},{"start":{"line":94,"column":30},"end":{"line":94,"column":54}}],"line":94},"14":{"loc":{"start":{"line":97,"column":17},"end":{"line":99,"column":13}},"type":"if","locations":[{"start":{"line":97,"column":17},"end":{"line":99,"column":13}},{"start":{"line":97,"column":17},"end":{"line":99,"column":13}}],"line":97},"15":{"loc":{"start":{"line":113,"column":12},"end":{"line":119,"column":13}},"type":"if","locations":[{"start":{"line":113,"column":12},"end":{"line":119,"column":13}},{"start":{"line":113,"column":12},"end":{"line":119,"column":13}}],"line":113},"16":{"loc":{"start":{"line":115,"column":19},"end":{"line":119,"column":13}},"type":"if","locations":[{"start":{"line":115,"column":19},"end":{"line":119,"column":13}},{"start":{"line":115,"column":19},"end":{"line":119,"column":13}}],"line":115},"17":{"loc":{"start":{"line":133,"column":12},"end":{"line":139,"column":13}},"type":"if","locations":[{"start":{"line":133,"column":12},"end":{"line":139,"column":13}},{"start":{"line":133,"column":12},"end":{"line":139,"column":13}}],"line":133},"18":{"loc":{"start":{"line":135,"column":19},"end":{"line":139,"column":13}},"type":"if","locations":[{"start":{"line":135,"column":19},"end":{"line":139,"column":13}},{"start":{"line":135,"column":19},"end":{"line":139,"column":13}}],"line":135},"19":{"loc":{"start":{"line":150,"column":12},"end":{"line":156,"column":13}},"type":"if","locations":[{"start":{"line":150,"column":12},"end":{"line":156,"column":13}},{"start":{"line":150,"column":12},"end":{"line":156,"column":13}}],"line":150},"20":{"loc":{"start":{"line":152,"column":19},"end":{"line":156,"column":13}},"type":"if","locations":[{"start":{"line":152,"column":19},"end":{"line":156,"column":13}},{"start":{"line":152,"column":19},"end":{"line":156,"column":13}}],"line":152}},"s":{"0":6,"1":6,"2":6,"3":0,"4":0,"5":0,"6":0,"7":0,"8":0,"9":0,"10":0,"11":0,"12":0,"13":6,"14":84,"15":84,"16":70,"17":70,"18":70,"19":70,"20":0,"21":70,"22":0,"23":14,"24":6,"25":0,"26":0,"27":0,"28":0,"29":0,"30":0,"31":0,"32":0,"33":0,"34":0,"35":0,"36":0,"37":0,"38":0,"39":0,"40":0,"41":0,"42":0,"43":0,"44":6,"45":0,"46":0,"47":0,"48":0,"49":0,"50":0,"51":0,"52":0,"53":0,"54":6,"55":12,"56":12,"57":12,"58":1,"59":11,"60":0,"61":11,"62":0,"63":6,"64":11,"65":11,"66":11,"67":1,"68":10,"69":0,"70":10,"71":0,"72":6,"73":11,"74":11,"75":1,"76":1,"77":0,"78":0,"79":0,"80":10,"81":6},"f":{"0":0,"1":0,"2":0,"3":84,"4":70,"5":0,"6":0,"7":0,"8":0,"9":0,"10":0,"11":0,"12":0,"13":0,"14":0,"15":12,"16":12,"17":0,"18":11,"19":11,"20":0,"21":11,"22":1,"23":10},"b":{"0":[0,0],"1":[0,0],"2":[0,0],"3":[70,14],"4":[0,70],"5":[70,70],"6":[0,0],"7":[0,0],"8":[0,0],"9":[0,0],"10":[0,0],"11":[0,0],"12":[0,0],"13":[0,0],"14":[0,0],"15":[1,11],"16":[0,11],"17":[1,10],"18":[0,10],"19":[1,0],"20":[0,0]},"_coverageSchema":"1a1c01bbd47fc00a2c39e90264f33305004495a9","hash":"9c9e7537a7915144ee6d7936d940fbddc481e899"}
,"/home/rinaldy/Documents/Final-project/Wedness/server/middlewares/errorHandler.js": {"path":"/home/rinaldy/Documents/Final-project/Wedness/server/middlewares/errorHandler.js","statementMap":{"0":{"start":{"line":2,"column":14},"end":{"line":2,"column":16}},"1":{"start":{"line":3,"column":15},"end":{"line":3,"column":17}},"2":{"start":{"line":7,"column":4},"end":{"line":52,"column":5}},"3":{"start":{"line":9,"column":25},"end":{"line":9,"column":27}},"4":{"start":{"line":10,"column":12},"end":{"line":12,"column":15}},"5":{"start":{"line":11,"column":16},"end":{"line":11,"column":40}},"6":{"start":{"line":13,"column":12},"end":{"line":13,"column":22}},"7":{"start":{"line":14,"column":12},"end":{"line":14,"column":29}},"8":{"start":{"line":15,"column":12},"end":{"line":15,"column":18}},"9":{"start":{"line":17,"column":12},"end":{"line":17,"column":22}},"10":{"start":{"line":18,"column":12},"end":{"line":18,"column":25}},"11":{"start":{"line":19,"column":12},"end":{"line":19,"column":18}},"12":{"start":{"line":22,"column":12},"end":{"line":22,"column":22}},"13":{"start":{"line":23,"column":12},"end":{"line":23,"column":43}},"14":{"start":{"line":24,"column":12},"end":{"line":24,"column":17}},"15":{"start":{"line":27,"column":12},"end":{"line":27,"column":22}},"16":{"start":{"line":28,"column":12},"end":{"line":28,"column":34}},"17":{"start":{"line":29,"column":12},"end":{"line":29,"column":17}},"18":{"start":{"line":32,"column":12},"end":{"line":32,"column":22}},"19":{"start":{"line":33,"column":12},"end":{"line":33,"column":60}},"20":{"start":{"line":34,"column":12},"end":{"line":34,"column":17}},"21":{"start":{"line":37,"column":12},"end":{"line":37,"column":22}},"22":{"start":{"line":38,"column":12},"end":{"line":38,"column":42}},"23":{"start":{"line":39,"column":12},"end":{"line":39,"column":17}},"24":{"start":{"line":41,"column":12},"end":{"line":41,"column":22}},"25":{"start":{"line":42,"column":12},"end":{"line":42,"column":54}},"26":{"start":{"line":43,"column":12},"end":{"line":43,"column":17}},"27":{"start":{"line":45,"column":12},"end":{"line":45,"column":22}},"28":{"start":{"line":46,"column":12},"end":{"line":46,"column":52}},"29":{"start":{"line":47,"column":12},"end":{"line":47,"column":17}},"30":{"start":{"line":49,"column":12},"end":{"line":49,"column":22}},"31":{"start":{"line":50,"column":12},"end":{"line":50,"column":41}},"32":{"start":{"line":51,"column":12},"end":{"line":51,"column":17}},"33":{"start":{"line":54,"column":2},"end":{"line":54,"column":37}},"34":{"start":{"line":57,"column":0},"end":{"line":57,"column":29}}},"fnMap":{"0":{"name":"errorHandler","decl":{"start":{"line":1,"column":9},"end":{"line":1,"column":21}},"loc":{"start":{"line":1,"column":44},"end":{"line":55,"column":1}},"line":1},"1":{"name":"(anonymous_1)","decl":{"start":{"line":10,"column":31},"end":{"line":10,"column":32}},"loc":{"start":{"line":10,"column":37},"end":{"line":12,"column":13}},"line":10}},"branchMap":{"0":{"loc":{"start":{"line":7,"column":4},"end":{"line":52,"column":5}},"type":"switch","locations":[{"start":{"line":8,"column":8},"end":{"line":15,"column":18}},{"start":{"line":16,"column":8},"end":{"line":19,"column":18}},{"start":{"line":21,"column":8},"end":{"line":24,"column":17}},{"start":{"line":26,"column":8},"end":{"line":29,"column":17}},{"start":{"line":31,"column":8},"end":{"line":34,"column":17}},{"start":{"line":36,"column":8},"end":{"line":39,"column":17}},{"start":{"line":40,"column":8},"end":{"line":43,"column":17}},{"start":{"line":44,"column":8},"end":{"line":47,"column":17}},{"start":{"line":48,"column":8},"end":{"line":51,"column":17}}],"line":7}},"s":{"0":74,"1":74,"2":74,"3":46,"4":46,"5":59,"6":46,"7":46,"8":46,"9":0,"10":0,"11":0,"12":4,"13":4,"14":4,"15":0,"16":0,"17":0,"18":0,"19":0,"20":0,"21":14,"22":14,"23":14,"24":2,"25":2,"26":2,"27":8,"28":8,"29":8,"30":0,"31":0,"32":0,"33":74,"34":6},"f":{"0":74,"1":59},"b":{"0":[46,0,4,0,0,14,2,8,0]},"_coverageSchema":"1a1c01bbd47fc00a2c39e90264f33305004495a9","hash":"d645e9b1c024d8ab6664073adef7d60f1b2f9f5f"}
,"/home/rinaldy/Documents/Final-project/Wedness/server/models/catering.js": {"path":"/home/rinaldy/Documents/Final-project/Wedness/server/models/catering.js","statementMap":{"0":{"start":{"line":4,"column":4},"end":{"line":4,"column":24}},"1":{"start":{"line":5,"column":0},"end":{"line":122,"column":2}},"2":{"start":{"line":14,"column":6},"end":{"line":17,"column":8}},"3":{"start":{"line":18,"column":6},"end":{"line":21,"column":8}},"4":{"start":{"line":22,"column":6},"end":{"line":22,"column":37}},"5":{"start":{"line":25,"column":2},"end":{"line":120,"column":5}},"6":{"start":{"line":121,"column":2},"end":{"line":121,"column":18}}},"fnMap":{"0":{"name":"(anonymous_0)","decl":{"start":{"line":5,"column":17},"end":{"line":5,"column":18}},"loc":{"start":{"line":5,"column":43},"end":{"line":122,"column":1}},"line":5},"1":{"name":"(anonymous_1)","decl":{"start":{"line":12,"column":4},"end":{"line":12,"column":5}},"loc":{"start":{"line":12,"column":29},"end":{"line":23,"column":5}},"line":12}},"branchMap":{},"s":{"0":6,"1":6,"2":6,"3":6,"4":6,"5":6,"6":6},"f":{"0":6,"1":6},"b":{},"_coverageSchema":"1a1c01bbd47fc00a2c39e90264f33305004495a9","hash":"6f833be2a2635326ba004d4ee1f43163aa2bc211"}
,"/home/rinaldy/Documents/Final-project/Wedness/server/models/checkout.js": {"path":"/home/rinaldy/Documents/Final-project/Wedness/server/models/checkout.js","statementMap":{"0":{"start":{"line":4,"column":4},"end":{"line":4,"column":24}},"1":{"start":{"line":5,"column":21},"end":{"line":5,"column":38}},"2":{"start":{"line":6,"column":0},"end":{"line":38,"column":2}},"3":{"start":{"line":15,"column":6},"end":{"line":15,"column":63}},"4":{"start":{"line":16,"column":6},"end":{"line":16,"column":67}},"5":{"start":{"line":17,"column":6},"end":{"line":17,"column":66}},"6":{"start":{"line":18,"column":6},"end":{"line":18,"column":60}},"7":{"start":{"line":21,"column":2},"end":{"line":31,"column":5}},"8":{"start":{"line":33,"column":2},"end":{"line":36,"column":4}},"9":{"start":{"line":34,"column":4},"end":{"line":34,"column":27}},"10":{"start":{"line":35,"column":4},"end":{"line":35,"column":31}},"11":{"start":{"line":37,"column":2},"end":{"line":37,"column":18}}},"fnMap":{"0":{"name":"(anonymous_0)","decl":{"start":{"line":6,"column":17},"end":{"line":6,"column":18}},"loc":{"start":{"line":6,"column":43},"end":{"line":38,"column":1}},"line":6},"1":{"name":"(anonymous_1)","decl":{"start":{"line":13,"column":4},"end":{"line":13,"column":5}},"loc":{"start":{"line":13,"column":29},"end":{"line":19,"column":5}},"line":13},"2":{"name":"(anonymous_2)","decl":{"start":{"line":33,"column":24},"end":{"line":33,"column":25}},"loc":{"start":{"line":33,"column":45},"end":{"line":36,"column":3}},"line":33}},"branchMap":{},"s":{"0":6,"1":6,"2":6,"3":6,"4":6,"5":6,"6":6,"7":6,"8":6,"9":0,"10":0,"11":6},"f":{"0":6,"1":6,"2":0},"b":{},"_coverageSchema":"1a1c01bbd47fc00a2c39e90264f33305004495a9","hash":"685bc2945018843c5c4303fad7c773d54b74c93a"}
,"/home/rinaldy/Documents/Final-project/Wedness/server/models/index.js": {"path":"/home/rinaldy/Documents/Final-project/Wedness/server/models/index.js","statementMap":{"0":{"start":{"line":3,"column":11},"end":{"line":3,"column":24}},"1":{"start":{"line":4,"column":13},"end":{"line":4,"column":28}},"2":{"start":{"line":5,"column":18},"end":{"line":5,"column":38}},"3":{"start":{"line":6,"column":17},"end":{"line":6,"column":42}},"4":{"start":{"line":7,"column":12},"end":{"line":7,"column":49}},"5":{"start":{"line":8,"column":15},"end":{"line":8,"column":65}},"6":{"start":{"line":9,"column":11},"end":{"line":9,"column":13}},"7":{"start":{"line":12,"column":0},"end":{"line":16,"column":1}},"8":{"start":{"line":13,"column":2},"end":{"line":13,"column":74}},"9":{"start":{"line":15,"column":2},"end":{"line":15,"column":87}},"10":{"start":{"line":18,"column":0},"end":{"line":26,"column":5}},"11":{"start":{"line":21,"column":4},"end":{"line":21,"column":90}},"12":{"start":{"line":24,"column":18},"end":{"line":24,"column":85}},"13":{"start":{"line":25,"column":4},"end":{"line":25,"column":27}},"14":{"start":{"line":28,"column":0},"end":{"line":32,"column":3}},"15":{"start":{"line":29,"column":2},"end":{"line":31,"column":3}},"16":{"start":{"line":30,"column":4},"end":{"line":30,"column":32}},"17":{"start":{"line":34,"column":0},"end":{"line":34,"column":25}},"18":{"start":{"line":35,"column":0},"end":{"line":35,"column":25}},"19":{"start":{"line":37,"column":0},"end":{"line":37,"column":20}}},"fnMap":{"0":{"name":"(anonymous_0)","decl":{"start":{"line":20,"column":10},"end":{"line":20,"column":11}},"loc":{"start":{"line":20,"column":18},"end":{"line":22,"column":3}},"line":20},"1":{"name":"(anonymous_1)","decl":{"start":{"line":23,"column":11},"end":{"line":23,"column":12}},"loc":{"start":{"line":23,"column":19},"end":{"line":26,"column":3}},"line":23},"2":{"name":"(anonymous_2)","decl":{"start":{"line":28,"column":24},"end":{"line":28,"column":25}},"loc":{"start":{"line":28,"column":37},"end":{"line":32,"column":1}},"line":28}},"branchMap":{"0":{"loc":{"start":{"line":7,"column":12},"end":{"line":7,"column":49}},"type":"binary-expr","locations":[{"start":{"line":7,"column":12},"end":{"line":7,"column":32}},{"start":{"line":7,"column":36},"end":{"line":7,"column":49}}],"line":7},"1":{"loc":{"start":{"line":12,"column":0},"end":{"line":16,"column":1}},"type":"if","locations":[{"start":{"line":12,"column":0},"end":{"line":16,"column":1}},{"start":{"line":12,"column":0},"end":{"line":16,"column":1}}],"line":12},"2":{"loc":{"start":{"line":21,"column":11},"end":{"line":21,"column":89}},"type":"binary-expr","locations":[{"start":{"line":21,"column":12},"end":{"line":21,"column":35}},{"start":{"line":21,"column":41},"end":{"line":21,"column":58}},{"start":{"line":21,"column":64},"end":{"line":21,"column":88}}],"line":21},"3":{"loc":{"start":{"line":29,"column":2},"end":{"line":31,"column":3}},"type":"if","locations":[{"start":{"line":29,"column":2},"end":{"line":31,"column":3}},{"start":{"line":29,"column":2},"end":{"line":31,"column":3}}],"line":29}},"s":{"0":6,"1":6,"2":6,"3":6,"4":6,"5":6,"6":6,"7":6,"8":0,"9":6,"10":6,"11":42,"12":36,"13":36,"14":6,"15":36,"16":36,"17":6,"18":6,"19":6},"f":{"0":42,"1":36,"2":36},"b":{"0":[6,0],"1":[0,6],"2":[42,42,36],"3":[36,0]},"_coverageSchema":"1a1c01bbd47fc00a2c39e90264f33305004495a9","hash":"0f39cc9be72f70b15394051095ebbaddf22ea947"}
,"/home/rinaldy/Documents/Final-project/Wedness/server/models/organizer.js": {"path":"/home/rinaldy/Documents/Final-project/Wedness/server/models/organizer.js","statementMap":{"0":{"start":{"line":4,"column":4},"end":{"line":4,"column":24}},"1":{"start":{"line":5,"column":0},"end":{"line":90,"column":2}},"2":{"start":{"line":14,"column":6},"end":{"line":17,"column":8}},"3":{"start":{"line":18,"column":6},"end":{"line":21,"column":8}},"4":{"start":{"line":22,"column":6},"end":{"line":22,"column":38}},"5":{"start":{"line":25,"column":2},"end":{"line":88,"column":5}},"6":{"start":{"line":89,"column":2},"end":{"line":89,"column":19}}},"fnMap":{"0":{"name":"(anonymous_0)","decl":{"start":{"line":5,"column":17},"end":{"line":5,"column":18}},"loc":{"start":{"line":5,"column":43},"end":{"line":90,"column":1}},"line":5},"1":{"name":"(anonymous_1)","decl":{"start":{"line":12,"column":4},"end":{"line":12,"column":5}},"loc":{"start":{"line":12,"column":29},"end":{"line":23,"column":5}},"line":12}},"branchMap":{},"s":{"0":6,"1":6,"2":6,"3":6,"4":6,"5":6,"6":6},"f":{"0":6,"1":6},"b":{},"_coverageSchema":"1a1c01bbd47fc00a2c39e90264f33305004495a9","hash":"e78b809dce6499a3e1dd84148591c5100663898a"}
,"/home/rinaldy/Documents/Final-project/Wedness/server/models/photo.js": {"path":"/home/rinaldy/Documents/Final-project/Wedness/server/models/photo.js","statementMap":{"0":{"start":{"line":4,"column":4},"end":{"line":4,"column":24}},"1":{"start":{"line":5,"column":0},"end":{"line":33,"column":2}},"2":{"start":{"line":16,"column":2},"end":{"line":31,"column":5}},"3":{"start":{"line":32,"column":2},"end":{"line":32,"column":15}}},"fnMap":{"0":{"name":"(anonymous_0)","decl":{"start":{"line":5,"column":17},"end":{"line":5,"column":18}},"loc":{"start":{"line":5,"column":43},"end":{"line":33,"column":1}},"line":5},"1":{"name":"(anonymous_1)","decl":{"start":{"line":12,"column":4},"end":{"line":12,"column":5}},"loc":{"start":{"line":12,"column":29},"end":{"line":14,"column":5}},"line":12}},"branchMap":{},"s":{"0":6,"1":6,"2":6,"3":6},"f":{"0":6,"1":6},"b":{},"_coverageSchema":"1a1c01bbd47fc00a2c39e90264f33305004495a9","hash":"10a038dc90d4b6d7f138f8c48f9263d91fc1d566"}
,"/home/rinaldy/Documents/Final-project/Wedness/server/models/user.js": {"path":"/home/rinaldy/Documents/Final-project/Wedness/server/models/user.js","statementMap":{"0":{"start":{"line":2,"column":25},"end":{"line":2,"column":55}},"1":{"start":{"line":5,"column":4},"end":{"line":5,"column":24}},"2":{"start":{"line":6,"column":0},"end":{"line":43,"column":2}},"3":{"start":{"line":15,"column":6},"end":{"line":18,"column":8}},"4":{"start":{"line":21,"column":2},"end":{"line":38,"column":5}},"5":{"start":{"line":39,"column":2},"end":{"line":41,"column":4}},"6":{"start":{"line":40,"column":4},"end":{"line":40,"column":47}},"7":{"start":{"line":42,"column":2},"end":{"line":42,"column":14}}},"fnMap":{"0":{"name":"(anonymous_0)","decl":{"start":{"line":6,"column":17},"end":{"line":6,"column":18}},"loc":{"start":{"line":6,"column":43},"end":{"line":43,"column":1}},"line":6},"1":{"name":"(anonymous_1)","decl":{"start":{"line":13,"column":4},"end":{"line":13,"column":5}},"loc":{"start":{"line":13,"column":29},"end":{"line":19,"column":5}},"line":13},"2":{"name":"(anonymous_2)","decl":{"start":{"line":39,"column":20},"end":{"line":39,"column":21}},"loc":{"start":{"line":39,"column":39},"end":{"line":41,"column":3}},"line":39}},"branchMap":{},"s":{"0":6,"1":6,"2":6,"3":6,"4":6,"5":6,"6":9,"7":6},"f":{"0":6,"1":6,"2":9},"b":{},"_coverageSchema":"1a1c01bbd47fc00a2c39e90264f33305004495a9","hash":"31b143a67d44890b933c2cfa7eb5962eae082d62"}
,"/home/rinaldy/Documents/Final-project/Wedness/server/models/venue.js": {"path":"/home/rinaldy/Documents/Final-project/Wedness/server/models/venue.js","statementMap":{"0":{"start":{"line":4,"column":4},"end":{"line":4,"column":24}},"1":{"start":{"line":5,"column":0},"end":{"line":147,"column":2}},"2":{"start":{"line":15,"column":6},"end":{"line":18,"column":8}},"3":{"start":{"line":19,"column":6},"end":{"line":22,"column":8}},"4":{"start":{"line":23,"column":6},"end":{"line":23,"column":34}},"5":{"start":{"line":26,"column":2},"end":{"line":145,"column":5}},"6":{"start":{"line":146,"column":2},"end":{"line":146,"column":15}}},"fnMap":{"0":{"name":"(anonymous_0)","decl":{"start":{"line":5,"column":17},"end":{"line":5,"column":18}},"loc":{"start":{"line":5,"column":43},"end":{"line":147,"column":1}},"line":5},"1":{"name":"(anonymous_1)","decl":{"start":{"line":13,"column":4},"end":{"line":13,"column":5}},"loc":{"start":{"line":13,"column":29},"end":{"line":24,"column":5}},"line":13}},"branchMap":{},"s":{"0":6,"1":6,"2":6,"3":6,"4":6,"5":6,"6":6},"f":{"0":6,"1":6},"b":{},"_coverageSchema":"1a1c01bbd47fc00a2c39e90264f33305004495a9","hash":"d090d9b39746476f64096c2cb53b725271c7f4ae"}
,"/home/rinaldy/Documents/Final-project/Wedness/server/routes/cateringRoutes.js": {"path":"/home/rinaldy/Documents/Final-project/Wedness/server/routes/cateringRoutes.js","statementMap":{"0":{"start":{"line":1,"column":15},"end":{"line":1,"column":42}},"1":{"start":{"line":2,"column":27},"end":{"line":2,"column":71}},"2":{"start":{"line":3,"column":34},"end":{"line":3,"column":64}},"3":{"start":{"line":5,"column":0},"end":{"line":5,"column":48}},"4":{"start":{"line":6,"column":0},"end":{"line":6,"column":50}},"5":{"start":{"line":8,"column":0},"end":{"line":8,"column":49}},"6":{"start":{"line":9,"column":0},"end":{"line":9,"column":73}},"7":{"start":{"line":10,"column":0},"end":{"line":10,"column":79}},"8":{"start":{"line":13,"column":0},"end":{"line":13,"column":23}}},"fnMap":{},"branchMap":{},"s":{"0":6,"1":6,"2":6,"3":6,"4":6,"5":6,"6":6,"7":6,"8":6},"f":{},"b":{},"_coverageSchema":"1a1c01bbd47fc00a2c39e90264f33305004495a9","hash":"02443945418cdf7dd75e9168b4146bfa9967f3b9"}
,"/home/rinaldy/Documents/Final-project/Wedness/server/routes/index.js": {"path":"/home/rinaldy/Documents/Final-project/Wedness/server/routes/index.js","statementMap":{"0":{"start":{"line":1,"column":15},"end":{"line":1,"column":42}},"1":{"start":{"line":2,"column":21},"end":{"line":2,"column":46}},"2":{"start":{"line":3,"column":19},"end":{"line":3,"column":42}},"3":{"start":{"line":4,"column":21},"end":{"line":4,"column":59}},"4":{"start":{"line":6,"column":0},"end":{"line":8,"column":2}},"5":{"start":{"line":7,"column":4},"end":{"line":7,"column":47}},"6":{"start":{"line":10,"column":0},"end":{"line":10,"column":31}},"7":{"start":{"line":11,"column":0},"end":{"line":11,"column":35}},"8":{"start":{"line":12,"column":0},"end":{"line":12,"column":24}},"9":{"start":{"line":16,"column":0},"end":{"line":16,"column":23}}},"fnMap":{"0":{"name":"(anonymous_0)","decl":{"start":{"line":6,"column":16},"end":{"line":6,"column":17}},"loc":{"start":{"line":6,"column":27},"end":{"line":8,"column":1}},"line":6}},"branchMap":{},"s":{"0":6,"1":6,"2":6,"3":6,"4":6,"5":0,"6":6,"7":6,"8":6,"9":6},"f":{"0":0},"b":{},"_coverageSchema":"1a1c01bbd47fc00a2c39e90264f33305004495a9","hash":"583dce6b4ec9292a372be878b23b9e391ddd175f"}
,"/home/rinaldy/Documents/Final-project/Wedness/server/routes/organizerRoutes.js": {"path":"/home/rinaldy/Documents/Final-project/Wedness/server/routes/organizerRoutes.js","statementMap":{"0":{"start":{"line":1,"column":15},"end":{"line":1,"column":42}},"1":{"start":{"line":2,"column":28},"end":{"line":2,"column":73}},"2":{"start":{"line":3,"column":35},"end":{"line":3,"column":65}},"3":{"start":{"line":5,"column":0},"end":{"line":5,"column":50}},"4":{"start":{"line":6,"column":0},"end":{"line":6,"column":52}},"5":{"start":{"line":8,"column":0},"end":{"line":8,"column":51}},"6":{"start":{"line":9,"column":0},"end":{"line":9,"column":76}},"7":{"start":{"line":10,"column":0},"end":{"line":10,"column":82}},"8":{"start":{"line":12,"column":0},"end":{"line":12,"column":23}}},"fnMap":{},"branchMap":{},"s":{"0":6,"1":6,"2":6,"3":6,"4":6,"5":6,"6":6,"7":6,"8":6},"f":{},"b":{},"_coverageSchema":"1a1c01bbd47fc00a2c39e90264f33305004495a9","hash":"aa8fa20c0b68ce757fe8261eea49060ed04b86b8"}
,"/home/rinaldy/Documents/Final-project/Wedness/server/routes/photoRoutes.js": {"path":"/home/rinaldy/Documents/Final-project/Wedness/server/routes/photoRoutes.js","statementMap":{"0":{"start":{"line":1,"column":15},"end":{"line":1,"column":42}},"1":{"start":{"line":2,"column":24},"end":{"line":2,"column":65}},"2":{"start":{"line":5,"column":0},"end":{"line":5,"column":42}},"3":{"start":{"line":6,"column":0},"end":{"line":6,"column":44}},"4":{"start":{"line":8,"column":0},"end":{"line":8,"column":44}},"5":{"start":{"line":9,"column":0},"end":{"line":9,"column":51}},"6":{"start":{"line":11,"column":0},"end":{"line":11,"column":23}}},"fnMap":{},"branchMap":{},"s":{"0":6,"1":6,"2":6,"3":6,"4":6,"5":6,"6":6},"f":{},"b":{},"_coverageSchema":"1a1c01bbd47fc00a2c39e90264f33305004495a9","hash":"77ee2b1e6a4a1c4b95035ed407532423d835872f"}
,"/home/rinaldy/Documents/Final-project/Wedness/server/routes/userRoutes.js": {"path":"/home/rinaldy/Documents/Final-project/Wedness/server/routes/userRoutes.js","statementMap":{"0":{"start":{"line":1,"column":15},"end":{"line":1,"column":42}},"1":{"start":{"line":2,"column":23},"end":{"line":2,"column":63}},"2":{"start":{"line":3,"column":24},"end":{"line":3,"column":65}},"3":{"start":{"line":4,"column":28},"end":{"line":4,"column":73}},"4":{"start":{"line":5,"column":27},"end":{"line":5,"column":71}},"5":{"start":{"line":6,"column":44},"end":{"line":6,"column":74}},"6":{"start":{"line":7,"column":27},"end":{"line":7,"column":67}},"7":{"start":{"line":9,"column":0},"end":{"line":9,"column":47}},"8":{"start":{"line":10,"column":0},"end":{"line":10,"column":53}},"9":{"start":{"line":13,"column":0},"end":{"line":13,"column":30}},"10":{"start":{"line":14,"column":0},"end":{"line":14,"column":47}},"11":{"start":{"line":15,"column":0},"end":{"line":15,"column":50}},"12":{"start":{"line":16,"column":0},"end":{"line":16,"column":59}},"13":{"start":{"line":17,"column":0},"end":{"line":17,"column":62}},"14":{"start":{"line":18,"column":0},"end":{"line":18,"column":56}},"15":{"start":{"line":19,"column":0},"end":{"line":19,"column":59}},"16":{"start":{"line":21,"column":0},"end":{"line":21,"column":52}},"17":{"start":{"line":22,"column":0},"end":{"line":22,"column":53}},"18":{"start":{"line":23,"column":0},"end":{"line":23,"column":61}},"19":{"start":{"line":24,"column":0},"end":{"line":24,"column":71}},"20":{"start":{"line":26,"column":0},"end":{"line":26,"column":23}}},"fnMap":{},"branchMap":{},"s":{"0":6,"1":6,"2":6,"3":6,"4":6,"5":6,"6":6,"7":6,"8":6,"9":6,"10":6,"11":6,"12":6,"13":6,"14":6,"15":6,"16":6,"17":6,"18":6,"19":6,"20":6},"f":{},"b":{},"_coverageSchema":"1a1c01bbd47fc00a2c39e90264f33305004495a9","hash":"a5a5fab78e634a805b87255c0125d74edfb9bcb9"}
,"/home/rinaldy/Documents/Final-project/Wedness/server/routes/vendorRoutes.js": {"path":"/home/rinaldy/Documents/Final-project/Wedness/server/routes/vendorRoutes.js","statementMap":{"0":{"start":{"line":1,"column":15},"end":{"line":1,"column":42}},"1":{"start":{"line":2,"column":25},"end":{"line":2,"column":67}},"2":{"start":{"line":3,"column":23},"end":{"line":3,"column":63}},"3":{"start":{"line":4,"column":20},"end":{"line":4,"column":44}},"4":{"start":{"line":5,"column":24},"end":{"line":5,"column":52}},"5":{"start":{"line":6,"column":23},"end":{"line":6,"column":50}},"6":{"start":{"line":7,"column":20},"end":{"line":7,"column":44}},"7":{"start":{"line":8,"column":69},"end":{"line":8,"column":99}},"8":{"start":{"line":10,"column":0},"end":{"line":10,"column":49}},"9":{"start":{"line":11,"column":0},"end":{"line":11,"column":55}},"10":{"start":{"line":14,"column":0},"end":{"line":14,"column":32}},"11":{"start":{"line":15,"column":0},"end":{"line":15,"column":60}},"12":{"start":{"line":17,"column":0},"end":{"line":17,"column":91}},"13":{"start":{"line":19,"column":0},"end":{"line":19,"column":33}},"14":{"start":{"line":20,"column":0},"end":{"line":20,"column":41}},"15":{"start":{"line":21,"column":0},"end":{"line":21,"column":39}},"16":{"start":{"line":22,"column":0},"end":{"line":22,"column":33}},"17":{"start":{"line":23,"column":0},"end":{"line":23,"column":23}}},"fnMap":{},"branchMap":{},"s":{"0":6,"1":6,"2":6,"3":6,"4":6,"5":6,"6":6,"7":6,"8":6,"9":6,"10":6,"11":6,"12":6,"13":6,"14":6,"15":6,"16":6,"17":6},"f":{},"b":{},"_coverageSchema":"1a1c01bbd47fc00a2c39e90264f33305004495a9","hash":"21699bcedc3a0ea38f8cad0f4f2d92aaa285dbac"}
,"/home/rinaldy/Documents/Final-project/Wedness/server/routes/venueRoutes.js": {"path":"/home/rinaldy/Documents/Final-project/Wedness/server/routes/venueRoutes.js","statementMap":{"0":{"start":{"line":1,"column":15},"end":{"line":1,"column":42}},"1":{"start":{"line":2,"column":24},"end":{"line":2,"column":65}},"2":{"start":{"line":3,"column":31},"end":{"line":3,"column":61}},"3":{"start":{"line":5,"column":0},"end":{"line":5,"column":42}},"4":{"start":{"line":6,"column":0},"end":{"line":6,"column":44}},"5":{"start":{"line":8,"column":0},"end":{"line":8,"column":43}},"6":{"start":{"line":10,"column":0},"end":{"line":10,"column":64}},"7":{"start":{"line":11,"column":0},"end":{"line":11,"column":70}},"8":{"start":{"line":13,"column":0},"end":{"line":13,"column":23}}},"fnMap":{},"branchMap":{},"s":{"0":6,"1":6,"2":6,"3":6,"4":6,"5":6,"6":6,"7":6,"8":6},"f":{},"b":{},"_coverageSchema":"1a1c01bbd47fc00a2c39e90264f33305004495a9","hash":"0e530636484f3f1c61055d6c638803b187483c13"}
}
