{"/home/zanadh/hacktiv8/3-phase/finalproject/wedness/server/app.js": {"path":"/home/zanadh/hacktiv8/3-phase/finalproject/wedness/server/app.js","statementMap":{"0":{"start":{"line":1,"column":16},"end":{"line":1,"column":34}},"1":{"start":{"line":2,"column":12},"end":{"line":2,"column":21}},"2":{"start":{"line":3,"column":13},"end":{"line":3,"column":28}},"3":{"start":{"line":4,"column":13},"end":{"line":4,"column":17}},"4":{"start":{"line":5,"column":15},"end":{"line":5,"column":40}},"5":{"start":{"line":7,"column":0},"end":{"line":7,"column":15}},"6":{"start":{"line":8,"column":0},"end":{"line":8,"column":23}},"7":{"start":{"line":9,"column":0},"end":{"line":9,"column":46}},"8":{"start":{"line":11,"column":0},"end":{"line":11,"column":15}},"9":{"start":{"line":12,"column":0},"end":{"line":14,"column":2}},"10":{"start":{"line":13,"column":2},"end":{"line":13,"column":44}},"11":{"start":{"line":16,"column":0},"end":{"line":16,"column":20}}},"fnMap":{"0":{"name":"(anonymous_0)","decl":{"start":{"line":12,"column":18},"end":{"line":12,"column":19}},"loc":{"start":{"line":12,"column":24},"end":{"line":14,"column":1}},"line":12}},"branchMap":{},"s":{"0":5,"1":5,"2":5,"3":5,"4":5,"5":5,"6":5,"7":5,"8":5,"9":5,"10":0,"11":5},"f":{"0":0},"b":{},"_coverageSchema":"1a1c01bbd47fc00a2c39e90264f33305004495a9","hash":"3e135eb447215981d40f9c6d209431d6272337aa"}
,"/home/zanadh/hacktiv8/3-phase/finalproject/wedness/server/controllers/cateringController.js": {"path":"/home/zanadh/hacktiv8/3-phase/finalproject/wedness/server/controllers/cateringController.js","statementMap":{"0":{"start":{"line":1,"column":34},"end":{"line":1,"column":60}},"1":{"start":{"line":2,"column":15},"end":{"line":2,"column":35}},"2":{"start":{"line":6,"column":8},"end":{"line":6,"column":41}},"3":{"start":{"line":7,"column":8},"end":{"line":11,"column":32}},"4":{"start":{"line":9,"column":12},"end":{"line":9,"column":42}},"5":{"start":{"line":11,"column":22},"end":{"line":11,"column":31}},"6":{"start":{"line":15,"column":8},"end":{"line":21,"column":32}},"7":{"start":{"line":19,"column":12},"end":{"line":19,"column":43}},"8":{"start":{"line":21,"column":22},"end":{"line":21,"column":31}},"9":{"start":{"line":26,"column":8},"end":{"line":45,"column":32}},"10":{"start":{"line":42,"column":12},"end":{"line":43,"column":41}},"11":{"start":{"line":42,"column":25},"end":{"line":42,"column":55}},"12":{"start":{"line":43,"column":17},"end":{"line":43,"column":41}},"13":{"start":{"line":45,"column":22},"end":{"line":45,"column":31}},"14":{"start":{"line":49,"column":8},"end":{"line":57,"column":32}},"15":{"start":{"line":55,"column":12},"end":{"line":55,"column":70}},"16":{"start":{"line":55,"column":23},"end":{"line":55,"column":70}},"17":{"start":{"line":57,"column":22},"end":{"line":57,"column":31}},"18":{"start":{"line":61,"column":8},"end":{"line":69,"column":31}},"19":{"start":{"line":67,"column":12},"end":{"line":67,"column":73}},"20":{"start":{"line":67,"column":23},"end":{"line":67,"column":73}},"21":{"start":{"line":69,"column":21},"end":{"line":69,"column":30}},"22":{"start":{"line":74,"column":0},"end":{"line":74,"column":35}}},"fnMap":{"0":{"name":"(anonymous_0)","decl":{"start":{"line":5,"column":4},"end":{"line":5,"column":5}},"loc":{"start":{"line":5,"column":37},"end":{"line":12,"column":5}},"line":5},"1":{"name":"(anonymous_1)","decl":{"start":{"line":8,"column":14},"end":{"line":8,"column":15}},"loc":{"start":{"line":8,"column":26},"end":{"line":10,"column":9}},"line":8},"2":{"name":"(anonymous_2)","decl":{"start":{"line":11,"column":15},"end":{"line":11,"column":16}},"loc":{"start":{"line":11,"column":22},"end":{"line":11,"column":31}},"line":11},"3":{"name":"(anonymous_3)","decl":{"start":{"line":14,"column":4},"end":{"line":14,"column":5}},"loc":{"start":{"line":14,"column":37},"end":{"line":22,"column":5}},"line":14},"4":{"name":"(anonymous_4)","decl":{"start":{"line":18,"column":14},"end":{"line":18,"column":15}},"loc":{"start":{"line":18,"column":27},"end":{"line":20,"column":9}},"line":18},"5":{"name":"(anonymous_5)","decl":{"start":{"line":21,"column":15},"end":{"line":21,"column":16}},"loc":{"start":{"line":21,"column":22},"end":{"line":21,"column":31}},"line":21},"6":{"name":"(anonymous_6)","decl":{"start":{"line":24,"column":4},"end":{"line":24,"column":5}},"loc":{"start":{"line":24,"column":36},"end":{"line":46,"column":5}},"line":24},"7":{"name":"(anonymous_7)","decl":{"start":{"line":41,"column":14},"end":{"line":41,"column":15}},"loc":{"start":{"line":41,"column":26},"end":{"line":44,"column":9}},"line":41},"8":{"name":"(anonymous_8)","decl":{"start":{"line":45,"column":15},"end":{"line":45,"column":16}},"loc":{"start":{"line":45,"column":22},"end":{"line":45,"column":31}},"line":45},"9":{"name":"(anonymous_9)","decl":{"start":{"line":48,"column":4},"end":{"line":48,"column":5}},"loc":{"start":{"line":48,"column":36},"end":{"line":58,"column":5}},"line":48},"10":{"name":"(anonymous_10)","decl":{"start":{"line":54,"column":14},"end":{"line":54,"column":15}},"loc":{"start":{"line":54,"column":23},"end":{"line":56,"column":9}},"line":54},"11":{"name":"(anonymous_11)","decl":{"start":{"line":57,"column":15},"end":{"line":57,"column":16}},"loc":{"start":{"line":57,"column":22},"end":{"line":57,"column":31}},"line":57},"12":{"name":"(anonymous_12)","decl":{"start":{"line":60,"column":4},"end":{"line":60,"column":5}},"loc":{"start":{"line":60,"column":39},"end":{"line":70,"column":5}},"line":60},"13":{"name":"(anonymous_13)","decl":{"start":{"line":66,"column":14},"end":{"line":66,"column":15}},"loc":{"start":{"line":66,"column":22},"end":{"line":68,"column":9}},"line":66},"14":{"name":"(anonymous_14)","decl":{"start":{"line":69,"column":15},"end":{"line":69,"column":16}},"loc":{"start":{"line":69,"column":21},"end":{"line":69,"column":30}},"line":69}},"branchMap":{"0":{"loc":{"start":{"line":42,"column":12},"end":{"line":43,"column":41}},"type":"if","locations":[{"start":{"line":42,"column":12},"end":{"line":43,"column":41}},{"start":{"line":42,"column":12},"end":{"line":43,"column":41}}],"line":42},"1":{"loc":{"start":{"line":55,"column":12},"end":{"line":55,"column":70}},"type":"if","locations":[{"start":{"line":55,"column":12},"end":{"line":55,"column":70}},{"start":{"line":55,"column":12},"end":{"line":55,"column":70}}],"line":55},"2":{"loc":{"start":{"line":67,"column":12},"end":{"line":67,"column":73}},"type":"if","locations":[{"start":{"line":67,"column":12},"end":{"line":67,"column":73}},{"start":{"line":67,"column":12},"end":{"line":67,"column":73}}],"line":67}},"s":{"0":5,"1":5,"2":10,"3":10,"4":1,"5":9,"6":1,"7":1,"8":0,"9":0,"10":0,"11":0,"12":0,"13":0,"14":9,"15":1,"16":1,"17":8,"18":1,"19":1,"20":1,"21":0,"22":5},"f":{"0":10,"1":1,"2":9,"3":1,"4":1,"5":0,"6":0,"7":0,"8":0,"9":9,"10":1,"11":8,"12":1,"13":1,"14":0},"b":{"0":[0,0],"1":[1,0],"2":[1,0]},"_coverageSchema":"1a1c01bbd47fc00a2c39e90264f33305004495a9","hash":"77ed0992923a2753c77f3c0b5c07ace9e3e04383"}
,"/home/zanadh/hacktiv8/3-phase/finalproject/wedness/server/controllers/organizerController.js": {"path":"/home/zanadh/hacktiv8/3-phase/finalproject/wedness/server/controllers/organizerController.js","statementMap":{"0":{"start":{"line":1,"column":28},"end":{"line":1,"column":48}},"1":{"start":{"line":6,"column":8},"end":{"line":6,"column":41}},"2":{"start":{"line":7,"column":8},"end":{"line":11,"column":34}},"3":{"start":{"line":9,"column":16},"end":{"line":9,"column":42}},"4":{"start":{"line":11,"column":24},"end":{"line":11,"column":33}},"5":{"start":{"line":15,"column":8},"end":{"line":21,"column":34}},"6":{"start":{"line":19,"column":16},"end":{"line":19,"column":42}},"7":{"start":{"line":21,"column":24},"end":{"line":21,"column":33}},"8":{"start":{"line":25,"column":8},"end":{"line":44,"column":34}},"9":{"start":{"line":41,"column":16},"end":{"line":42,"column":45}},"10":{"start":{"line":41,"column":26},"end":{"line":41,"column":52}},"11":{"start":{"line":42,"column":21},"end":{"line":42,"column":45}},"12":{"start":{"line":44,"column":24},"end":{"line":44,"column":33}},"13":{"start":{"line":48,"column":8},"end":{"line":57,"column":23}},"14":{"start":{"line":53,"column":12},"end":{"line":55,"column":13}},"15":{"start":{"line":54,"column":16},"end":{"line":54,"column":63}},"16":{"start":{"line":57,"column":12},"end":{"line":57,"column":21}},"17":{"start":{"line":61,"column":8},"end":{"line":69,"column":33}},"18":{"start":{"line":66,"column":12},"end":{"line":68,"column":13}},"19":{"start":{"line":67,"column":16},"end":{"line":67,"column":66}},"20":{"start":{"line":69,"column":23},"end":{"line":69,"column":32}},"21":{"start":{"line":74,"column":0},"end":{"line":74,"column":36}}},"fnMap":{"0":{"name":"(anonymous_0)","decl":{"start":{"line":5,"column":4},"end":{"line":5,"column":5}},"loc":{"start":{"line":5,"column":38},"end":{"line":12,"column":5}},"line":5},"1":{"name":"(anonymous_1)","decl":{"start":{"line":8,"column":18},"end":{"line":8,"column":19}},"loc":{"start":{"line":8,"column":24},"end":{"line":10,"column":13}},"line":8},"2":{"name":"(anonymous_2)","decl":{"start":{"line":11,"column":19},"end":{"line":11,"column":20}},"loc":{"start":{"line":11,"column":24},"end":{"line":11,"column":33}},"line":11},"3":{"name":"(anonymous_3)","decl":{"start":{"line":14,"column":4},"end":{"line":14,"column":5}},"loc":{"start":{"line":14,"column":38},"end":{"line":22,"column":5}},"line":14},"4":{"name":"(anonymous_4)","decl":{"start":{"line":18,"column":18},"end":{"line":18,"column":19}},"loc":{"start":{"line":18,"column":24},"end":{"line":20,"column":13}},"line":18},"5":{"name":"(anonymous_5)","decl":{"start":{"line":21,"column":19},"end":{"line":21,"column":20}},"loc":{"start":{"line":21,"column":24},"end":{"line":21,"column":33}},"line":21},"6":{"name":"(anonymous_6)","decl":{"start":{"line":24,"column":4},"end":{"line":24,"column":5}},"loc":{"start":{"line":24,"column":37},"end":{"line":45,"column":5}},"line":24},"7":{"name":"(anonymous_7)","decl":{"start":{"line":40,"column":18},"end":{"line":40,"column":19}},"loc":{"start":{"line":40,"column":24},"end":{"line":43,"column":13}},"line":40},"8":{"name":"(anonymous_8)","decl":{"start":{"line":44,"column":19},"end":{"line":44,"column":20}},"loc":{"start":{"line":44,"column":24},"end":{"line":44,"column":33}},"line":44},"9":{"name":"(anonymous_9)","decl":{"start":{"line":47,"column":4},"end":{"line":47,"column":5}},"loc":{"start":{"line":47,"column":37},"end":{"line":58,"column":5}},"line":47},"10":{"name":"(anonymous_10)","decl":{"start":{"line":52,"column":16},"end":{"line":52,"column":17}},"loc":{"start":{"line":52,"column":24},"end":{"line":56,"column":9}},"line":52},"11":{"name":"(anonymous_11)","decl":{"start":{"line":56,"column":17},"end":{"line":56,"column":18}},"loc":{"start":{"line":56,"column":23},"end":{"line":57,"column":22}},"line":56},"12":{"name":"(anonymous_12)","decl":{"start":{"line":60,"column":4},"end":{"line":60,"column":5}},"loc":{"start":{"line":60,"column":40},"end":{"line":70,"column":5}},"line":60},"13":{"name":"(anonymous_13)","decl":{"start":{"line":65,"column":16},"end":{"line":65,"column":17}},"loc":{"start":{"line":65,"column":24},"end":{"line":69,"column":9}},"line":65},"14":{"name":"(anonymous_14)","decl":{"start":{"line":69,"column":17},"end":{"line":69,"column":18}},"loc":{"start":{"line":69,"column":23},"end":{"line":69,"column":32}},"line":69}},"branchMap":{"0":{"loc":{"start":{"line":41,"column":16},"end":{"line":42,"column":45}},"type":"if","locations":[{"start":{"line":41,"column":16},"end":{"line":42,"column":45}},{"start":{"line":41,"column":16},"end":{"line":42,"column":45}}],"line":41},"1":{"loc":{"start":{"line":53,"column":12},"end":{"line":55,"column":13}},"type":"if","locations":[{"start":{"line":53,"column":12},"end":{"line":55,"column":13}},{"start":{"line":53,"column":12},"end":{"line":55,"column":13}}],"line":53},"2":{"loc":{"start":{"line":66,"column":12},"end":{"line":68,"column":13}},"type":"if","locations":[{"start":{"line":66,"column":12},"end":{"line":68,"column":13}},{"start":{"line":66,"column":12},"end":{"line":68,"column":13}}],"line":66}},"s":{"0":5,"1":10,"2":10,"3":1,"4":9,"5":1,"6":1,"7":0,"8":0,"9":0,"10":0,"11":0,"12":0,"13":9,"14":1,"15":1,"16":8,"17":1,"18":1,"19":1,"20":0,"21":5},"f":{"0":10,"1":1,"2":9,"3":1,"4":1,"5":0,"6":0,"7":0,"8":0,"9":9,"10":1,"11":8,"12":1,"13":1,"14":0},"b":{"0":[0,0],"1":[1,0],"2":[1,0]},"_coverageSchema":"1a1c01bbd47fc00a2c39e90264f33305004495a9","hash":"5488e8f102a528789bbe67d635bb511eba4a3fe0"}
,"/home/zanadh/hacktiv8/3-phase/finalproject/wedness/server/controllers/photoController.js": {"path":"/home/zanadh/hacktiv8/3-phase/finalproject/wedness/server/controllers/photoController.js","statementMap":{"0":{"start":{"line":1,"column":18},"end":{"line":1,"column":44}},"1":{"start":{"line":6,"column":8},"end":{"line":10,"column":32}},"2":{"start":{"line":8,"column":12},"end":{"line":8,"column":40}},"3":{"start":{"line":10,"column":22},"end":{"line":10,"column":31}},"4":{"start":{"line":14,"column":8},"end":{"line":23,"column":32}},"5":{"start":{"line":21,"column":12},"end":{"line":21,"column":39}},"6":{"start":{"line":23,"column":22},"end":{"line":23,"column":31}},"7":{"start":{"line":28,"column":8},"end":{"line":32,"column":32}},"8":{"start":{"line":30,"column":12},"end":{"line":30,"column":39}},"9":{"start":{"line":32,"column":22},"end":{"line":32,"column":31}},"10":{"start":{"line":36,"column":8},"end":{"line":44,"column":32}},"11":{"start":{"line":42,"column":12},"end":{"line":42,"column":67}},"12":{"start":{"line":44,"column":22},"end":{"line":44,"column":31}},"13":{"start":{"line":49,"column":0},"end":{"line":49,"column":32}}},"fnMap":{"0":{"name":"(anonymous_0)","decl":{"start":{"line":4,"column":4},"end":{"line":4,"column":5}},"loc":{"start":{"line":4,"column":40},"end":{"line":11,"column":5}},"line":4},"1":{"name":"(anonymous_1)","decl":{"start":{"line":7,"column":14},"end":{"line":7,"column":15}},"loc":{"start":{"line":7,"column":24},"end":{"line":9,"column":9}},"line":7},"2":{"name":"(anonymous_2)","decl":{"start":{"line":10,"column":15},"end":{"line":10,"column":16}},"loc":{"start":{"line":10,"column":22},"end":{"line":10,"column":31}},"line":10},"3":{"name":"(anonymous_3)","decl":{"start":{"line":13,"column":4},"end":{"line":13,"column":5}},"loc":{"start":{"line":13,"column":33},"end":{"line":24,"column":5}},"line":13},"4":{"name":"(anonymous_4)","decl":{"start":{"line":20,"column":14},"end":{"line":20,"column":15}},"loc":{"start":{"line":20,"column":23},"end":{"line":22,"column":9}},"line":20},"5":{"name":"(anonymous_5)","decl":{"start":{"line":23,"column":15},"end":{"line":23,"column":16}},"loc":{"start":{"line":23,"column":22},"end":{"line":23,"column":31}},"line":23},"6":{"name":"(anonymous_6)","decl":{"start":{"line":26,"column":4},"end":{"line":26,"column":5}},"loc":{"start":{"line":26,"column":34},"end":{"line":33,"column":5}},"line":26},"7":{"name":"(anonymous_7)","decl":{"start":{"line":29,"column":14},"end":{"line":29,"column":15}},"loc":{"start":{"line":29,"column":23},"end":{"line":31,"column":9}},"line":29},"8":{"name":"(anonymous_8)","decl":{"start":{"line":32,"column":15},"end":{"line":32,"column":16}},"loc":{"start":{"line":32,"column":22},"end":{"line":32,"column":31}},"line":32},"9":{"name":"(anonymous_9)","decl":{"start":{"line":35,"column":4},"end":{"line":35,"column":5}},"loc":{"start":{"line":35,"column":36},"end":{"line":45,"column":5}},"line":35},"10":{"name":"(anonymous_10)","decl":{"start":{"line":41,"column":14},"end":{"line":41,"column":15}},"loc":{"start":{"line":41,"column":20},"end":{"line":43,"column":9}},"line":41},"11":{"name":"(anonymous_11)","decl":{"start":{"line":44,"column":15},"end":{"line":44,"column":16}},"loc":{"start":{"line":44,"column":22},"end":{"line":44,"column":31}},"line":44}},"branchMap":{},"s":{"0":5,"1":0,"2":0,"3":0,"4":0,"5":0,"6":0,"7":0,"8":0,"9":0,"10":0,"11":0,"12":0,"13":5},"f":{"0":0,"1":0,"2":0,"3":0,"4":0,"5":0,"6":0,"7":0,"8":0,"9":0,"10":0,"11":0},"b":{},"_coverageSchema":"1a1c01bbd47fc00a2c39e90264f33305004495a9","hash":"0144be56f62369ef1845e38793d02b04b2499511"}
,"/home/zanadh/hacktiv8/3-phase/finalproject/wedness/server/controllers/planController.js": {"path":"/home/zanadh/hacktiv8/3-phase/finalproject/wedness/server/controllers/planController.js","statementMap":{"0":{"start":{"line":2,"column":66},"end":{"line":2,"column":86}},"1":{"start":{"line":6,"column":8},"end":{"line":6,"column":41}},"2":{"start":{"line":7,"column":8},"end":{"line":14,"column":14}},"3":{"start":{"line":9,"column":16},"end":{"line":9,"column":44}},"4":{"start":{"line":12,"column":16},"end":{"line":12,"column":33}},"5":{"start":{"line":13,"column":16},"end":{"line":13,"column":25}},"6":{"start":{"line":31,"column":8},"end":{"line":59,"column":9}},"7":{"start":{"line":32,"column":24},"end":{"line":36,"column":14}},"8":{"start":{"line":37,"column":12},"end":{"line":52,"column":13}},"9":{"start":{"line":39,"column":16},"end":{"line":48,"column":17}},"10":{"start":{"line":41,"column":20},"end":{"line":41,"column":64}},"11":{"start":{"line":42,"column":22},"end":{"line":48,"column":17}},"12":{"start":{"line":44,"column":20},"end":{"line":44,"column":68}},"13":{"start":{"line":47,"column":20},"end":{"line":47,"column":67}},"14":{"start":{"line":49,"column":16},"end":{"line":51,"column":17}},"15":{"start":{"line":50,"column":20},"end":{"line":50,"column":57}},"16":{"start":{"line":54,"column":12},"end":{"line":54,"column":45}},"17":{"start":{"line":57,"column":12},"end":{"line":57,"column":31}},"18":{"start":{"line":58,"column":12},"end":{"line":58,"column":23}},"19":{"start":{"line":63,"column":8},"end":{"line":68,"column":34}},"20":{"start":{"line":65,"column":16},"end":{"line":66,"column":45}},"21":{"start":{"line":65,"column":28},"end":{"line":65,"column":56}},"22":{"start":{"line":66,"column":21},"end":{"line":66,"column":45}},"23":{"start":{"line":68,"column":24},"end":{"line":68,"column":33}},"24":{"start":{"line":72,"column":8},"end":{"line":80,"column":33}},"25":{"start":{"line":77,"column":12},"end":{"line":79,"column":13}},"26":{"start":{"line":78,"column":16},"end":{"line":78,"column":66}},"27":{"start":{"line":80,"column":23},"end":{"line":80,"column":32}},"28":{"start":{"line":84,"column":26},"end":{"line":84,"column":84}},"29":{"start":{"line":85,"column":23},"end":{"line":85,"column":78}},"30":{"start":{"line":86,"column":27},"end":{"line":86,"column":86}},"31":{"start":{"line":90,"column":26},"end":{"line":90,"column":50}},"32":{"start":{"line":92,"column":21},"end":{"line":92,"column":23}},"33":{"start":{"line":93,"column":8},"end":{"line":117,"column":9}},"34":{"start":{"line":94,"column":12},"end":{"line":116,"column":13}},"35":{"start":{"line":96,"column":16},"end":{"line":100,"column":17}},"36":{"start":{"line":97,"column":20},"end":{"line":99,"column":21}},"37":{"start":{"line":98,"column":24},"end":{"line":98,"column":45}},"38":{"start":{"line":101,"column":18},"end":{"line":116,"column":13}},"39":{"start":{"line":103,"column":16},"end":{"line":107,"column":17}},"40":{"start":{"line":104,"column":20},"end":{"line":106,"column":21}},"41":{"start":{"line":105,"column":24},"end":{"line":105,"column":45}},"42":{"start":{"line":110,"column":16},"end":{"line":115,"column":17}},"43":{"start":{"line":111,"column":20},"end":{"line":114,"column":21}},"44":{"start":{"line":112,"column":24},"end":{"line":112,"column":44}},"45":{"start":{"line":113,"column":24},"end":{"line":113,"column":45}},"46":{"start":{"line":119,"column":8},"end":{"line":119,"column":36}},"47":{"start":{"line":123,"column":8},"end":{"line":131,"column":32}},"48":{"start":{"line":129,"column":12},"end":{"line":129,"column":77}},"49":{"start":{"line":129,"column":23},"end":{"line":129,"column":77}},"50":{"start":{"line":131,"column":22},"end":{"line":131,"column":31}},"51":{"start":{"line":135,"column":8},"end":{"line":135,"column":42}},"52":{"start":{"line":136,"column":18},"end":{"line":136,"column":47}},"53":{"start":{"line":137,"column":8},"end":{"line":180,"column":9}},"54":{"start":{"line":138,"column":34},"end":{"line":140,"column":14}},"55":{"start":{"line":141,"column":12},"end":{"line":147,"column":13}},"56":{"start":{"line":142,"column":16},"end":{"line":146,"column":22}},"57":{"start":{"line":172,"column":12},"end":{"line":174,"column":14}},"58":{"start":{"line":173,"column":16},"end":{"line":173,"column":71}},"59":{"start":{"line":175,"column":12},"end":{"line":175,"column":28}},"60":{"start":{"line":178,"column":12},"end":{"line":178,"column":21}},"61":{"start":{"line":179,"column":12},"end":{"line":179,"column":30}},"62":{"start":{"line":184,"column":0},"end":{"line":184,"column":35}}},"fnMap":{"0":{"name":"(anonymous_0)","decl":{"start":{"line":5,"column":4},"end":{"line":5,"column":5}},"loc":{"start":{"line":5,"column":37},"end":{"line":15,"column":5}},"line":5},"1":{"name":"(anonymous_1)","decl":{"start":{"line":8,"column":18},"end":{"line":8,"column":19}},"loc":{"start":{"line":8,"column":26},"end":{"line":10,"column":13}},"line":8},"2":{"name":"(anonymous_2)","decl":{"start":{"line":11,"column":19},"end":{"line":11,"column":20}},"loc":{"start":{"line":11,"column":24},"end":{"line":14,"column":13}},"line":11},"3":{"name":"(anonymous_3)","decl":{"start":{"line":30,"column":4},"end":{"line":30,"column":5}},"loc":{"start":{"line":30,"column":43},"end":{"line":60,"column":5}},"line":30},"4":{"name":"(anonymous_4)","decl":{"start":{"line":62,"column":4},"end":{"line":62,"column":5}},"loc":{"start":{"line":62,"column":36},"end":{"line":69,"column":5}},"line":62},"5":{"name":"(anonymous_5)","decl":{"start":{"line":64,"column":18},"end":{"line":64,"column":19}},"loc":{"start":{"line":64,"column":26},"end":{"line":67,"column":13}},"line":64},"6":{"name":"(anonymous_6)","decl":{"start":{"line":68,"column":19},"end":{"line":68,"column":20}},"loc":{"start":{"line":68,"column":24},"end":{"line":68,"column":33}},"line":68},"7":{"name":"(anonymous_7)","decl":{"start":{"line":71,"column":4},"end":{"line":71,"column":5}},"loc":{"start":{"line":71,"column":39},"end":{"line":81,"column":5}},"line":71},"8":{"name":"(anonymous_8)","decl":{"start":{"line":76,"column":16},"end":{"line":76,"column":17}},"loc":{"start":{"line":76,"column":24},"end":{"line":80,"column":9}},"line":76},"9":{"name":"(anonymous_9)","decl":{"start":{"line":80,"column":17},"end":{"line":80,"column":18}},"loc":{"start":{"line":80,"column":23},"end":{"line":80,"column":32}},"line":80},"10":{"name":"(anonymous_10)","decl":{"start":{"line":83,"column":4},"end":{"line":83,"column":5}},"loc":{"start":{"line":83,"column":53},"end":{"line":120,"column":5}},"line":83},"11":{"name":"(anonymous_11)","decl":{"start":{"line":122,"column":4},"end":{"line":122,"column":5}},"loc":{"start":{"line":122,"column":51},"end":{"line":132,"column":5}},"line":122},"12":{"name":"(anonymous_12)","decl":{"start":{"line":128,"column":14},"end":{"line":128,"column":15}},"loc":{"start":{"line":128,"column":23},"end":{"line":130,"column":9}},"line":128},"13":{"name":"(anonymous_13)","decl":{"start":{"line":131,"column":15},"end":{"line":131,"column":16}},"loc":{"start":{"line":131,"column":22},"end":{"line":131,"column":31}},"line":131},"14":{"name":"(anonymous_14)","decl":{"start":{"line":134,"column":4},"end":{"line":134,"column":5}},"loc":{"start":{"line":134,"column":55},"end":{"line":181,"column":5}},"line":134},"15":{"name":"(anonymous_15)","decl":{"start":{"line":172,"column":26},"end":{"line":172,"column":27}},"loc":{"start":{"line":172,"column":32},"end":{"line":174,"column":13}},"line":172}},"branchMap":{"0":{"loc":{"start":{"line":39,"column":16},"end":{"line":48,"column":17}},"type":"if","locations":[{"start":{"line":39,"column":16},"end":{"line":48,"column":17}},{"start":{"line":39,"column":16},"end":{"line":48,"column":17}}],"line":39},"1":{"loc":{"start":{"line":42,"column":22},"end":{"line":48,"column":17}},"type":"if","locations":[{"start":{"line":42,"column":22},"end":{"line":48,"column":17}},{"start":{"line":42,"column":22},"end":{"line":48,"column":17}}],"line":42},"2":{"loc":{"start":{"line":49,"column":16},"end":{"line":51,"column":17}},"type":"if","locations":[{"start":{"line":49,"column":16},"end":{"line":51,"column":17}},{"start":{"line":49,"column":16},"end":{"line":51,"column":17}}],"line":49},"3":{"loc":{"start":{"line":65,"column":16},"end":{"line":66,"column":45}},"type":"if","locations":[{"start":{"line":65,"column":16},"end":{"line":66,"column":45}},{"start":{"line":65,"column":16},"end":{"line":66,"column":45}}],"line":65},"4":{"loc":{"start":{"line":77,"column":12},"end":{"line":79,"column":13}},"type":"if","locations":[{"start":{"line":77,"column":12},"end":{"line":79,"column":13}},{"start":{"line":77,"column":12},"end":{"line":79,"column":13}}],"line":77},"5":{"loc":{"start":{"line":94,"column":12},"end":{"line":116,"column":13}},"type":"if","locations":[{"start":{"line":94,"column":12},"end":{"line":116,"column":13}},{"start":{"line":94,"column":12},"end":{"line":116,"column":13}}],"line":94},"6":{"loc":{"start":{"line":97,"column":20},"end":{"line":99,"column":21}},"type":"if","locations":[{"start":{"line":97,"column":20},"end":{"line":99,"column":21}},{"start":{"line":97,"column":20},"end":{"line":99,"column":21}}],"line":97},"7":{"loc":{"start":{"line":101,"column":18},"end":{"line":116,"column":13}},"type":"if","locations":[{"start":{"line":101,"column":18},"end":{"line":116,"column":13}},{"start":{"line":101,"column":18},"end":{"line":116,"column":13}}],"line":101},"8":{"loc":{"start":{"line":104,"column":20},"end":{"line":106,"column":21}},"type":"if","locations":[{"start":{"line":104,"column":20},"end":{"line":106,"column":21}},{"start":{"line":104,"column":20},"end":{"line":106,"column":21}}],"line":104},"9":{"loc":{"start":{"line":111,"column":20},"end":{"line":114,"column":21}},"type":"if","locations":[{"start":{"line":111,"column":20},"end":{"line":114,"column":21}},{"start":{"line":111,"column":20},"end":{"line":114,"column":21}}],"line":111},"10":{"loc":{"start":{"line":129,"column":12},"end":{"line":129,"column":77}},"type":"if","locations":[{"start":{"line":129,"column":12},"end":{"line":129,"column":77}},{"start":{"line":129,"column":12},"end":{"line":129,"column":77}}],"line":129}},"s":{"0":5,"1":0,"2":0,"3":0,"4":0,"5":0,"6":0,"7":0,"8":0,"9":0,"10":0,"11":0,"12":0,"13":0,"14":0,"15":0,"16":0,"17":0,"18":0,"19":0,"20":0,"21":0,"22":0,"23":0,"24":0,"25":0,"26":0,"27":0,"28":0,"29":0,"30":0,"31":0,"32":0,"33":0,"34":0,"35":0,"36":0,"37":0,"38":0,"39":0,"40":0,"41":0,"42":0,"43":0,"44":0,"45":0,"46":0,"47":0,"48":0,"49":0,"50":0,"51":0,"52":0,"53":0,"54":0,"55":0,"56":0,"57":0,"58":0,"59":0,"60":0,"61":0,"62":5},"f":{"0":0,"1":0,"2":0,"3":0,"4":0,"5":0,"6":0,"7":0,"8":0,"9":0,"10":0,"11":0,"12":0,"13":0,"14":0,"15":0},"b":{"0":[0,0],"1":[0,0],"2":[0,0],"3":[0,0],"4":[0,0],"5":[0,0],"6":[0,0],"7":[0,0],"8":[0,0],"9":[0,0],"10":[0,0]},"_coverageSchema":"1a1c01bbd47fc00a2c39e90264f33305004495a9","hash":"fd8980f88fd72f12e70f305b9dc06c989cd7e197"}
,"/home/zanadh/hacktiv8/3-phase/finalproject/wedness/server/controllers/userController.js": {"path":"/home/zanadh/hacktiv8/3-phase/finalproject/wedness/server/controllers/userController.js","statementMap":{"0":{"start":{"line":1,"column":17},"end":{"line":1,"column":43}},"1":{"start":{"line":2,"column":22},"end":{"line":2,"column":47}},"2":{"start":{"line":3,"column":28},"end":{"line":3,"column":58}},"3":{"start":{"line":7,"column":32},"end":{"line":7,"column":40}},"4":{"start":{"line":8,"column":4},"end":{"line":10,"column":3}},"5":{"start":{"line":9,"column":6},"end":{"line":9,"column":33}},"6":{"start":{"line":11,"column":4},"end":{"line":29,"column":6}},"7":{"start":{"line":15,"column":6},"end":{"line":25,"column":7}},"8":{"start":{"line":16,"column":8},"end":{"line":16,"column":48}},"9":{"start":{"line":18,"column":11},"end":{"line":25,"column":7}},"10":{"start":{"line":19,"column":8},"end":{"line":19,"column":48}},"11":{"start":{"line":22,"column":8},"end":{"line":22,"column":116}},"12":{"start":{"line":22,"column":35},"end":{"line":22,"column":116}},"13":{"start":{"line":23,"column":29},"end":{"line":23,"column":89}},"14":{"start":{"line":24,"column":8},"end":{"line":24,"column":44}},"15":{"start":{"line":28,"column":6},"end":{"line":28,"column":43}},"16":{"start":{"line":33,"column":17},"end":{"line":33,"column":27}},"17":{"start":{"line":34,"column":52},"end":{"line":34,"column":60}},"18":{"start":{"line":35,"column":4},"end":{"line":37,"column":5}},"19":{"start":{"line":36,"column":6},"end":{"line":36,"column":34}},"20":{"start":{"line":38,"column":4},"end":{"line":54,"column":6}},"21":{"start":{"line":46,"column":6},"end":{"line":50,"column":8}},"22":{"start":{"line":53,"column":6},"end":{"line":53,"column":43}},"23":{"start":{"line":58,"column":0},"end":{"line":58,"column":31}}},"fnMap":{"0":{"name":"(anonymous_0)","decl":{"start":{"line":6,"column":2},"end":{"line":6,"column":3}},"loc":{"start":{"line":6,"column":34},"end":{"line":30,"column":3}},"line":6},"1":{"name":"(anonymous_1)","decl":{"start":{"line":14,"column":10},"end":{"line":14,"column":11}},"loc":{"start":{"line":14,"column":18},"end":{"line":26,"column":5}},"line":14},"2":{"name":"(anonymous_2)","decl":{"start":{"line":27,"column":11},"end":{"line":27,"column":12}},"loc":{"start":{"line":27,"column":18},"end":{"line":29,"column":5}},"line":27},"3":{"name":"(anonymous_3)","decl":{"start":{"line":32,"column":2},"end":{"line":32,"column":3}},"loc":{"start":{"line":32,"column":37},"end":{"line":55,"column":3}},"line":32},"4":{"name":"(anonymous_4)","decl":{"start":{"line":45,"column":10},"end":{"line":45,"column":11}},"loc":{"start":{"line":45,"column":18},"end":{"line":51,"column":5}},"line":45},"5":{"name":"(anonymous_5)","decl":{"start":{"line":52,"column":11},"end":{"line":52,"column":12}},"loc":{"start":{"line":52,"column":18},"end":{"line":54,"column":5}},"line":52}},"branchMap":{"0":{"loc":{"start":{"line":8,"column":4},"end":{"line":10,"column":3}},"type":"if","locations":[{"start":{"line":8,"column":4},"end":{"line":10,"column":3}},{"start":{"line":8,"column":4},"end":{"line":10,"column":3}}],"line":8},"1":{"loc":{"start":{"line":8,"column":7},"end":{"line":8,"column":38}},"type":"binary-expr","locations":[{"start":{"line":8,"column":7},"end":{"line":8,"column":19}},{"start":{"line":8,"column":23},"end":{"line":8,"column":38}}],"line":8},"2":{"loc":{"start":{"line":15,"column":6},"end":{"line":25,"column":7}},"type":"if","locations":[{"start":{"line":15,"column":6},"end":{"line":25,"column":7}},{"start":{"line":15,"column":6},"end":{"line":25,"column":7}}],"line":15},"3":{"loc":{"start":{"line":18,"column":11},"end":{"line":25,"column":7}},"type":"if","locations":[{"start":{"line":18,"column":11},"end":{"line":25,"column":7}},{"start":{"line":18,"column":11},"end":{"line":25,"column":7}}],"line":18},"4":{"loc":{"start":{"line":22,"column":8},"end":{"line":22,"column":116}},"type":"if","locations":[{"start":{"line":22,"column":8},"end":{"line":22,"column":116}},{"start":{"line":22,"column":8},"end":{"line":22,"column":116}}],"line":22},"5":{"loc":{"start":{"line":35,"column":4},"end":{"line":37,"column":5}},"type":"if","locations":[{"start":{"line":35,"column":4},"end":{"line":37,"column":5}},{"start":{"line":35,"column":4},"end":{"line":37,"column":5}}],"line":35},"6":{"loc":{"start":{"line":35,"column":8},"end":{"line":35,"column":77}},"type":"binary-expr","locations":[{"start":{"line":35,"column":8},"end":{"line":35,"column":19}},{"start":{"line":35,"column":23},"end":{"line":35,"column":35}},{"start":{"line":35,"column":39},"end":{"line":35,"column":58}},{"start":{"line":35,"column":62},"end":{"line":35,"column":77}}],"line":35}},"s":{"0":5,"1":5,"2":5,"3":0,"4":0,"5":0,"6":0,"7":0,"8":0,"9":0,"10":0,"11":0,"12":0,"13":0,"14":0,"15":0,"16":0,"17":0,"18":0,"19":0,"20":0,"21":0,"22":0,"23":5},"f":{"0":0,"1":0,"2":0,"3":0,"4":0,"5":0},"b":{"0":[0,0],"1":[0,0],"2":[0,0],"3":[0,0],"4":[0,0],"5":[0,0],"6":[0,0,0,0]},"_coverageSchema":"1a1c01bbd47fc00a2c39e90264f33305004495a9","hash":"74f17345bf81ab9b0e56354fc83f2a8fb2d4f862"}
,"/home/zanadh/hacktiv8/3-phase/finalproject/wedness/server/controllers/vendorController.js": {"path":"/home/zanadh/hacktiv8/3-phase/finalproject/wedness/server/controllers/vendorController.js","statementMap":{"0":{"start":{"line":1,"column":17},"end":{"line":1,"column":43}},"1":{"start":{"line":2,"column":22},"end":{"line":2,"column":47}},"2":{"start":{"line":3,"column":28},"end":{"line":3,"column":58}},"3":{"start":{"line":6,"column":32},"end":{"line":6,"column":40}},"4":{"start":{"line":8,"column":4},"end":{"line":10,"column":5}},"5":{"start":{"line":9,"column":6},"end":{"line":9,"column":33}},"6":{"start":{"line":12,"column":4},"end":{"line":30,"column":6}},"7":{"start":{"line":16,"column":6},"end":{"line":26,"column":7}},"8":{"start":{"line":17,"column":8},"end":{"line":17,"column":48}},"9":{"start":{"line":19,"column":11},"end":{"line":26,"column":7}},"10":{"start":{"line":20,"column":8},"end":{"line":20,"column":48}},"11":{"start":{"line":23,"column":8},"end":{"line":23,"column":111}},"12":{"start":{"line":23,"column":33},"end":{"line":23,"column":111}},"13":{"start":{"line":24,"column":29},"end":{"line":24,"column":89}},"14":{"start":{"line":25,"column":8},"end":{"line":25,"column":44}},"15":{"start":{"line":29,"column":6},"end":{"line":29,"column":15}},"16":{"start":{"line":34,"column":4},"end":{"line":34,"column":33}},"17":{"start":{"line":35,"column":17},"end":{"line":35,"column":25}},"18":{"start":{"line":36,"column":52},"end":{"line":36,"column":60}},"19":{"start":{"line":37,"column":4},"end":{"line":39,"column":5}},"20":{"start":{"line":38,"column":6},"end":{"line":38,"column":34}},"21":{"start":{"line":40,"column":4},"end":{"line":56,"column":6}},"22":{"start":{"line":48,"column":6},"end":{"line":52,"column":8}},"23":{"start":{"line":55,"column":6},"end":{"line":55,"column":15}},"24":{"start":{"line":60,"column":0},"end":{"line":60,"column":33}}},"fnMap":{"0":{"name":"(anonymous_0)","decl":{"start":{"line":5,"column":2},"end":{"line":5,"column":3}},"loc":{"start":{"line":5,"column":34},"end":{"line":31,"column":3}},"line":5},"1":{"name":"(anonymous_1)","decl":{"start":{"line":15,"column":10},"end":{"line":15,"column":11}},"loc":{"start":{"line":15,"column":18},"end":{"line":27,"column":5}},"line":15},"2":{"name":"(anonymous_2)","decl":{"start":{"line":28,"column":11},"end":{"line":28,"column":12}},"loc":{"start":{"line":28,"column":18},"end":{"line":30,"column":5}},"line":28},"3":{"name":"(anonymous_3)","decl":{"start":{"line":33,"column":2},"end":{"line":33,"column":3}},"loc":{"start":{"line":33,"column":37},"end":{"line":57,"column":3}},"line":33},"4":{"name":"(anonymous_4)","decl":{"start":{"line":47,"column":10},"end":{"line":47,"column":11}},"loc":{"start":{"line":47,"column":18},"end":{"line":53,"column":5}},"line":47},"5":{"name":"(anonymous_5)","decl":{"start":{"line":54,"column":11},"end":{"line":54,"column":12}},"loc":{"start":{"line":54,"column":18},"end":{"line":56,"column":5}},"line":54}},"branchMap":{"0":{"loc":{"start":{"line":8,"column":4},"end":{"line":10,"column":5}},"type":"if","locations":[{"start":{"line":8,"column":4},"end":{"line":10,"column":5}},{"start":{"line":8,"column":4},"end":{"line":10,"column":5}}],"line":8},"1":{"loc":{"start":{"line":8,"column":7},"end":{"line":8,"column":38}},"type":"binary-expr","locations":[{"start":{"line":8,"column":7},"end":{"line":8,"column":19}},{"start":{"line":8,"column":23},"end":{"line":8,"column":38}}],"line":8},"2":{"loc":{"start":{"line":16,"column":6},"end":{"line":26,"column":7}},"type":"if","locations":[{"start":{"line":16,"column":6},"end":{"line":26,"column":7}},{"start":{"line":16,"column":6},"end":{"line":26,"column":7}}],"line":16},"3":{"loc":{"start":{"line":19,"column":11},"end":{"line":26,"column":7}},"type":"if","locations":[{"start":{"line":19,"column":11},"end":{"line":26,"column":7}},{"start":{"line":19,"column":11},"end":{"line":26,"column":7}}],"line":19},"4":{"loc":{"start":{"line":23,"column":8},"end":{"line":23,"column":111}},"type":"if","locations":[{"start":{"line":23,"column":8},"end":{"line":23,"column":111}},{"start":{"line":23,"column":8},"end":{"line":23,"column":111}}],"line":23},"5":{"loc":{"start":{"line":37,"column":4},"end":{"line":39,"column":5}},"type":"if","locations":[{"start":{"line":37,"column":4},"end":{"line":39,"column":5}},{"start":{"line":37,"column":4},"end":{"line":39,"column":5}}],"line":37},"6":{"loc":{"start":{"line":37,"column":8},"end":{"line":37,"column":77}},"type":"binary-expr","locations":[{"start":{"line":37,"column":8},"end":{"line":37,"column":19}},{"start":{"line":37,"column":23},"end":{"line":37,"column":35}},{"start":{"line":37,"column":39},"end":{"line":37,"column":58}},{"start":{"line":37,"column":62},"end":{"line":37,"column":77}}],"line":37}},"s":{"0":5,"1":5,"2":5,"3":2,"4":2,"5":0,"6":2,"7":2,"8":0,"9":2,"10":0,"11":2,"12":0,"13":2,"14":2,"15":0,"16":0,"17":0,"18":0,"19":0,"20":0,"21":0,"22":0,"23":0,"24":5},"f":{"0":2,"1":2,"2":0,"3":0,"4":0,"5":0},"b":{"0":[0,2],"1":[2,2],"2":[0,2],"3":[0,2],"4":[0,2],"5":[0,0],"6":[0,0,0,0]},"_coverageSchema":"1a1c01bbd47fc00a2c39e90264f33305004495a9","hash":"53c37c6aa44a39b6cd165eada17f9df4dd56a005"}
,"/home/zanadh/hacktiv8/3-phase/finalproject/wedness/server/controllers/venueController.js": {"path":"/home/zanadh/hacktiv8/3-phase/finalproject/wedness/server/controllers/venueController.js","statementMap":{"0":{"start":{"line":1,"column":24},"end":{"line":1,"column":44}},"1":{"start":{"line":5,"column":8},"end":{"line":5,"column":34}},"2":{"start":{"line":7,"column":8},"end":{"line":7,"column":42}},"3":{"start":{"line":8,"column":8},"end":{"line":14,"column":27}},"4":{"start":{"line":10,"column":16},"end":{"line":10,"column":43}},"5":{"start":{"line":13,"column":16},"end":{"line":13,"column":33}},"6":{"start":{"line":14,"column":16},"end":{"line":14,"column":25}},"7":{"start":{"line":18,"column":8},"end":{"line":24,"column":34}},"8":{"start":{"line":22,"column":16},"end":{"line":22,"column":44}},"9":{"start":{"line":24,"column":24},"end":{"line":24,"column":33}},"10":{"start":{"line":28,"column":8},"end":{"line":47,"column":34}},"11":{"start":{"line":44,"column":16},"end":{"line":45,"column":45}},"12":{"start":{"line":44,"column":27},"end":{"line":44,"column":54}},"13":{"start":{"line":45,"column":21},"end":{"line":45,"column":45}},"14":{"start":{"line":47,"column":24},"end":{"line":47,"column":33}},"15":{"start":{"line":50,"column":8},"end":{"line":59,"column":23}},"16":{"start":{"line":55,"column":12},"end":{"line":57,"column":13}},"17":{"start":{"line":56,"column":16},"end":{"line":56,"column":63}},"18":{"start":{"line":59,"column":12},"end":{"line":59,"column":21}},"19":{"start":{"line":62,"column":8},"end":{"line":70,"column":33}},"20":{"start":{"line":67,"column":12},"end":{"line":69,"column":13}},"21":{"start":{"line":68,"column":16},"end":{"line":68,"column":66}},"22":{"start":{"line":70,"column":23},"end":{"line":70,"column":32}},"23":{"start":{"line":74,"column":0},"end":{"line":74,"column":32}}},"fnMap":{"0":{"name":"(anonymous_0)","decl":{"start":{"line":4,"column":4},"end":{"line":4,"column":5}},"loc":{"start":{"line":4,"column":34},"end":{"line":15,"column":5}},"line":4},"1":{"name":"(anonymous_1)","decl":{"start":{"line":9,"column":18},"end":{"line":9,"column":19}},"loc":{"start":{"line":9,"column":25},"end":{"line":11,"column":13}},"line":9},"2":{"name":"(anonymous_2)","decl":{"start":{"line":12,"column":19},"end":{"line":12,"column":20}},"loc":{"start":{"line":12,"column":24},"end":{"line":14,"column":26}},"line":12},"3":{"name":"(anonymous_3)","decl":{"start":{"line":17,"column":4},"end":{"line":17,"column":5}},"loc":{"start":{"line":17,"column":34},"end":{"line":25,"column":5}},"line":17},"4":{"name":"(anonymous_4)","decl":{"start":{"line":21,"column":18},"end":{"line":21,"column":19}},"loc":{"start":{"line":21,"column":26},"end":{"line":23,"column":13}},"line":21},"5":{"name":"(anonymous_5)","decl":{"start":{"line":24,"column":19},"end":{"line":24,"column":20}},"loc":{"start":{"line":24,"column":24},"end":{"line":24,"column":33}},"line":24},"6":{"name":"(anonymous_6)","decl":{"start":{"line":27,"column":4},"end":{"line":27,"column":5}},"loc":{"start":{"line":27,"column":33},"end":{"line":48,"column":5}},"line":27},"7":{"name":"(anonymous_7)","decl":{"start":{"line":43,"column":18},"end":{"line":43,"column":19}},"loc":{"start":{"line":43,"column":25},"end":{"line":46,"column":13}},"line":43},"8":{"name":"(anonymous_8)","decl":{"start":{"line":47,"column":19},"end":{"line":47,"column":20}},"loc":{"start":{"line":47,"column":24},"end":{"line":47,"column":33}},"line":47},"9":{"name":"(anonymous_9)","decl":{"start":{"line":49,"column":4},"end":{"line":49,"column":5}},"loc":{"start":{"line":49,"column":33},"end":{"line":60,"column":5}},"line":49},"10":{"name":"(anonymous_10)","decl":{"start":{"line":54,"column":16},"end":{"line":54,"column":17}},"loc":{"start":{"line":54,"column":24},"end":{"line":58,"column":9}},"line":54},"11":{"name":"(anonymous_11)","decl":{"start":{"line":58,"column":17},"end":{"line":58,"column":18}},"loc":{"start":{"line":58,"column":23},"end":{"line":59,"column":22}},"line":58},"12":{"name":"(anonymous_12)","decl":{"start":{"line":61,"column":4},"end":{"line":61,"column":5}},"loc":{"start":{"line":61,"column":36},"end":{"line":71,"column":5}},"line":61},"13":{"name":"(anonymous_13)","decl":{"start":{"line":66,"column":16},"end":{"line":66,"column":17}},"loc":{"start":{"line":66,"column":24},"end":{"line":70,"column":9}},"line":66},"14":{"name":"(anonymous_14)","decl":{"start":{"line":70,"column":17},"end":{"line":70,"column":18}},"loc":{"start":{"line":70,"column":23},"end":{"line":70,"column":32}},"line":70}},"branchMap":{"0":{"loc":{"start":{"line":44,"column":16},"end":{"line":45,"column":45}},"type":"if","locations":[{"start":{"line":44,"column":16},"end":{"line":45,"column":45}},{"start":{"line":44,"column":16},"end":{"line":45,"column":45}}],"line":44},"1":{"loc":{"start":{"line":55,"column":12},"end":{"line":57,"column":13}},"type":"if","locations":[{"start":{"line":55,"column":12},"end":{"line":57,"column":13}},{"start":{"line":55,"column":12},"end":{"line":57,"column":13}}],"line":55},"2":{"loc":{"start":{"line":67,"column":12},"end":{"line":69,"column":13}},"type":"if","locations":[{"start":{"line":67,"column":12},"end":{"line":69,"column":13}},{"start":{"line":67,"column":12},"end":{"line":69,"column":13}}],"line":67}},"s":{"0":5,"1":11,"2":11,"3":11,"4":1,"5":10,"6":10,"7":1,"8":1,"9":0,"10":0,"11":0,"12":0,"13":0,"14":0,"15":10,"16":1,"17":1,"18":9,"19":2,"20":2,"21":1,"22":0,"23":5},"f":{"0":11,"1":1,"2":10,"3":1,"4":1,"5":0,"6":0,"7":0,"8":0,"9":10,"10":1,"11":9,"12":2,"13":2,"14":0},"b":{"0":[0,0],"1":[1,0],"2":[1,1]},"_coverageSchema":"1a1c01bbd47fc00a2c39e90264f33305004495a9","hash":"e3e1c0c8530a07a8a1d2fe2a814ebc34c9e80622"}
,"/home/zanadh/hacktiv8/3-phase/finalproject/wedness/server/helpers/bcryptjs.js": {"path":"/home/zanadh/hacktiv8/3-phase/finalproject/wedness/server/helpers/bcryptjs.js","statementMap":{"0":{"start":{"line":1,"column":15},"end":{"line":1,"column":34}},"1":{"start":{"line":5,"column":17},"end":{"line":5,"column":39}},"2":{"start":{"line":6,"column":17},"end":{"line":6,"column":48}},"3":{"start":{"line":8,"column":4},"end":{"line":8,"column":15}},"4":{"start":{"line":11,"column":24},"end":{"line":14,"column":1}},"5":{"start":{"line":12,"column":4},"end":{"line":12,"column":63}},"6":{"start":{"line":13,"column":4},"end":{"line":13,"column":45}},"7":{"start":{"line":16,"column":0},"end":{"line":19,"column":1}}},"fnMap":{"0":{"name":"hashPassword","decl":{"start":{"line":4,"column":9},"end":{"line":4,"column":21}},"loc":{"start":{"line":4,"column":31},"end":{"line":9,"column":1}},"line":4},"1":{"name":"(anonymous_1)","decl":{"start":{"line":11,"column":24},"end":{"line":11,"column":25}},"loc":{"start":{"line":11,"column":44},"end":{"line":14,"column":1}},"line":11}},"branchMap":{},"s":{"0":5,"1":1,"2":1,"3":1,"4":5,"5":2,"6":2,"7":5},"f":{"0":1,"1":2},"b":{},"_coverageSchema":"1a1c01bbd47fc00a2c39e90264f33305004495a9","hash":"f0e97accf6a4cadf39714864d4b6ca9193d7d00b"}
,"/home/zanadh/hacktiv8/3-phase/finalproject/wedness/server/helpers/jwt.js": {"path":"/home/zanadh/hacktiv8/3-phase/finalproject/wedness/server/helpers/jwt.js","statementMap":{"0":{"start":{"line":1,"column":12},"end":{"line":1,"column":35}},"1":{"start":{"line":3,"column":18},"end":{"line":6,"column":1}},"2":{"start":{"line":4,"column":18},"end":{"line":4,"column":48}},"3":{"start":{"line":5,"column":4},"end":{"line":5,"column":16}},"4":{"start":{"line":7,"column":20},"end":{"line":10,"column":1}},"5":{"start":{"line":8,"column":19},"end":{"line":8,"column":49}},"6":{"start":{"line":9,"column":4},"end":{"line":9,"column":17}},"7":{"start":{"line":12,"column":0},"end":{"line":12,"column":43}}},"fnMap":{"0":{"name":"(anonymous_0)","decl":{"start":{"line":3,"column":18},"end":{"line":3,"column":19}},"loc":{"start":{"line":3,"column":31},"end":{"line":6,"column":1}},"line":3},"1":{"name":"(anonymous_1)","decl":{"start":{"line":7,"column":20},"end":{"line":7,"column":21}},"loc":{"start":{"line":7,"column":31},"end":{"line":10,"column":1}},"line":7}},"branchMap":{},"s":{"0":5,"1":5,"2":3,"3":3,"4":5,"5":68,"6":68,"7":5},"f":{"0":3,"1":68},"b":{},"_coverageSchema":"1a1c01bbd47fc00a2c39e90264f33305004495a9","hash":"8a168061e67841499dbcbd07d26c3db03131d5e0"}
,"/home/zanadh/hacktiv8/3-phase/finalproject/wedness/server/middlewares/auth.js": {"path":"/home/zanadh/hacktiv8/3-phase/finalproject/wedness/server/middlewares/auth.js","statementMap":{"0":{"start":{"line":1,"column":24},"end":{"line":1,"column":52}},"1":{"start":{"line":2,"column":52},"end":{"line":2,"column":81}},"2":{"start":{"line":5,"column":27},"end":{"line":24,"column":1}},"3":{"start":{"line":6,"column":29},"end":{"line":6,"column":40}},"4":{"start":{"line":7,"column":4},"end":{"line":23,"column":5}},"5":{"start":{"line":8,"column":21},"end":{"line":8,"column":46}},"6":{"start":{"line":9,"column":8},"end":{"line":9,"column":29}},"7":{"start":{"line":10,"column":8},"end":{"line":19,"column":14}},"8":{"start":{"line":12,"column":16},"end":{"line":14,"column":17}},"9":{"start":{"line":13,"column":20},"end":{"line":13,"column":50}},"10":{"start":{"line":15,"column":16},"end":{"line":15,"column":22}},"11":{"start":{"line":18,"column":16},"end":{"line":18,"column":25}},"12":{"start":{"line":22,"column":8},"end":{"line":22,"column":66}},"13":{"start":{"line":26,"column":29},"end":{"line":47,"column":1}},"14":{"start":{"line":27,"column":29},"end":{"line":27,"column":40}},"15":{"start":{"line":28,"column":4},"end":{"line":28,"column":93}},"16":{"start":{"line":29,"column":2},"end":{"line":46,"column":3}},"17":{"start":{"line":30,"column":19},"end":{"line":30,"column":44}},"18":{"start":{"line":31,"column":6},"end":{"line":31,"column":27}},"19":{"start":{"line":32,"column":6},"end":{"line":42,"column":12}},"20":{"start":{"line":34,"column":14},"end":{"line":36,"column":15}},"21":{"start":{"line":35,"column":18},"end":{"line":35,"column":49}},"22":{"start":{"line":37,"column":14},"end":{"line":37,"column":20}},"23":{"start":{"line":40,"column":14},"end":{"line":40,"column":31}},"24":{"start":{"line":41,"column":14},"end":{"line":41,"column":23}},"25":{"start":{"line":45,"column":6},"end":{"line":45,"column":64}},"26":{"start":{"line":51,"column":22},"end":{"line":72,"column":1}},"27":{"start":{"line":52,"column":21},"end":{"line":52,"column":33}},"28":{"start":{"line":53,"column":4},"end":{"line":71,"column":10}},"29":{"start":{"line":59,"column":12},"end":{"line":67,"column":13}},"30":{"start":{"line":60,"column":16},"end":{"line":60,"column":22}},"31":{"start":{"line":62,"column":17},"end":{"line":67,"column":13}},"32":{"start":{"line":63,"column":16},"end":{"line":63,"column":81}},"33":{"start":{"line":65,"column":17},"end":{"line":67,"column":13}},"34":{"start":{"line":66,"column":16},"end":{"line":66,"column":82}},"35":{"start":{"line":70,"column":12},"end":{"line":70,"column":21}},"36":{"start":{"line":75,"column":27},"end":{"line":93,"column":1}},"37":{"start":{"line":76,"column":4},"end":{"line":76,"column":42}},"38":{"start":{"line":77,"column":17},"end":{"line":77,"column":27}},"39":{"start":{"line":78,"column":4},"end":{"line":92,"column":10}},"40":{"start":{"line":80,"column":12},"end":{"line":80,"column":30}},"41":{"start":{"line":81,"column":12},"end":{"line":87,"column":13}},"42":{"start":{"line":82,"column":16},"end":{"line":82,"column":66}},"43":{"start":{"line":83,"column":19},"end":{"line":87,"column":13}},"44":{"start":{"line":84,"column":16},"end":{"line":84,"column":72}},"45":{"start":{"line":86,"column":16},"end":{"line":86,"column":22}},"46":{"start":{"line":90,"column":12},"end":{"line":90,"column":29}},"47":{"start":{"line":91,"column":12},"end":{"line":91,"column":57}},"48":{"start":{"line":95,"column":31},"end":{"line":112,"column":1}},"49":{"start":{"line":97,"column":17},"end":{"line":97,"column":27}},"50":{"start":{"line":98,"column":4},"end":{"line":111,"column":10}},"51":{"start":{"line":100,"column":12},"end":{"line":100,"column":30}},"52":{"start":{"line":101,"column":12},"end":{"line":107,"column":13}},"53":{"start":{"line":102,"column":16},"end":{"line":102,"column":66}},"54":{"start":{"line":103,"column":19},"end":{"line":107,"column":13}},"55":{"start":{"line":104,"column":16},"end":{"line":104,"column":72}},"56":{"start":{"line":106,"column":16},"end":{"line":106,"column":22}},"57":{"start":{"line":110,"column":12},"end":{"line":110,"column":57}},"58":{"start":{"line":114,"column":30},"end":{"line":145,"column":1}},"59":{"start":{"line":115,"column":17},"end":{"line":115,"column":27}},"60":{"start":{"line":116,"column":4},"end":{"line":128,"column":10}},"61":{"start":{"line":118,"column":12},"end":{"line":124,"column":13}},"62":{"start":{"line":119,"column":16},"end":{"line":119,"column":66}},"63":{"start":{"line":120,"column":19},"end":{"line":124,"column":13}},"64":{"start":{"line":121,"column":16},"end":{"line":121,"column":72}},"65":{"start":{"line":123,"column":16},"end":{"line":123,"column":22}},"66":{"start":{"line":127,"column":12},"end":{"line":127,"column":57}},"67":{"start":{"line":147,"column":0},"end":{"line":154,"column":1}}},"fnMap":{"0":{"name":"(anonymous_0)","decl":{"start":{"line":5,"column":27},"end":{"line":5,"column":28}},"loc":{"start":{"line":5,"column":47},"end":{"line":24,"column":1}},"line":5},"1":{"name":"(anonymous_1)","decl":{"start":{"line":11,"column":18},"end":{"line":11,"column":19}},"loc":{"start":{"line":11,"column":26},"end":{"line":16,"column":13}},"line":11},"2":{"name":"(anonymous_2)","decl":{"start":{"line":17,"column":19},"end":{"line":17,"column":20}},"loc":{"start":{"line":17,"column":26},"end":{"line":19,"column":13}},"line":17},"3":{"name":"(anonymous_3)","decl":{"start":{"line":26,"column":29},"end":{"line":26,"column":30}},"loc":{"start":{"line":26,"column":49},"end":{"line":47,"column":1}},"line":26},"4":{"name":"(anonymous_4)","decl":{"start":{"line":33,"column":16},"end":{"line":33,"column":17}},"loc":{"start":{"line":33,"column":24},"end":{"line":38,"column":11}},"line":33},"5":{"name":"(anonymous_5)","decl":{"start":{"line":39,"column":17},"end":{"line":39,"column":18}},"loc":{"start":{"line":39,"column":24},"end":{"line":42,"column":11}},"line":39},"6":{"name":"(anonymous_6)","decl":{"start":{"line":51,"column":22},"end":{"line":51,"column":23}},"loc":{"start":{"line":51,"column":42},"end":{"line":72,"column":1}},"line":51},"7":{"name":"(anonymous_7)","decl":{"start":{"line":58,"column":14},"end":{"line":58,"column":15}},"loc":{"start":{"line":58,"column":24},"end":{"line":68,"column":9}},"line":58},"8":{"name":"(anonymous_8)","decl":{"start":{"line":69,"column":15},"end":{"line":69,"column":16}},"loc":{"start":{"line":69,"column":22},"end":{"line":71,"column":9}},"line":69},"9":{"name":"(anonymous_9)","decl":{"start":{"line":75,"column":27},"end":{"line":75,"column":28}},"loc":{"start":{"line":75,"column":47},"end":{"line":93,"column":1}},"line":75},"10":{"name":"(anonymous_10)","decl":{"start":{"line":79,"column":14},"end":{"line":79,"column":15}},"loc":{"start":{"line":79,"column":22},"end":{"line":88,"column":9}},"line":79},"11":{"name":"(anonymous_11)","decl":{"start":{"line":89,"column":15},"end":{"line":89,"column":16}},"loc":{"start":{"line":89,"column":22},"end":{"line":92,"column":9}},"line":89},"12":{"name":"(anonymous_12)","decl":{"start":{"line":95,"column":31},"end":{"line":95,"column":32}},"loc":{"start":{"line":95,"column":51},"end":{"line":112,"column":1}},"line":95},"13":{"name":"(anonymous_13)","decl":{"start":{"line":99,"column":14},"end":{"line":99,"column":15}},"loc":{"start":{"line":99,"column":22},"end":{"line":108,"column":9}},"line":99},"14":{"name":"(anonymous_14)","decl":{"start":{"line":109,"column":15},"end":{"line":109,"column":16}},"loc":{"start":{"line":109,"column":22},"end":{"line":111,"column":9}},"line":109},"15":{"name":"(anonymous_15)","decl":{"start":{"line":114,"column":30},"end":{"line":114,"column":31}},"loc":{"start":{"line":114,"column":50},"end":{"line":145,"column":1}},"line":114},"16":{"name":"(anonymous_16)","decl":{"start":{"line":117,"column":14},"end":{"line":117,"column":15}},"loc":{"start":{"line":117,"column":22},"end":{"line":125,"column":9}},"line":117},"17":{"name":"(anonymous_17)","decl":{"start":{"line":126,"column":15},"end":{"line":126,"column":16}},"loc":{"start":{"line":126,"column":22},"end":{"line":128,"column":9}},"line":126}},"branchMap":{"0":{"loc":{"start":{"line":7,"column":4},"end":{"line":23,"column":5}},"type":"if","locations":[{"start":{"line":7,"column":4},"end":{"line":23,"column":5}},{"start":{"line":7,"column":4},"end":{"line":23,"column":5}}],"line":7},"1":{"loc":{"start":{"line":12,"column":16},"end":{"line":14,"column":17}},"type":"if","locations":[{"start":{"line":12,"column":16},"end":{"line":14,"column":17}},{"start":{"line":12,"column":16},"end":{"line":14,"column":17}}],"line":12},"2":{"loc":{"start":{"line":12,"column":19},"end":{"line":12,"column":52}},"type":"binary-expr","locations":[{"start":{"line":12,"column":19},"end":{"line":12,"column":24}},{"start":{"line":12,"column":28},"end":{"line":12,"column":52}}],"line":12},"3":{"loc":{"start":{"line":29,"column":2},"end":{"line":46,"column":3}},"type":"if","locations":[{"start":{"line":29,"column":2},"end":{"line":46,"column":3}},{"start":{"line":29,"column":2},"end":{"line":46,"column":3}}],"line":29},"4":{"loc":{"start":{"line":34,"column":14},"end":{"line":36,"column":15}},"type":"if","locations":[{"start":{"line":34,"column":14},"end":{"line":36,"column":15}},{"start":{"line":34,"column":14},"end":{"line":36,"column":15}}],"line":34},"5":{"loc":{"start":{"line":34,"column":17},"end":{"line":34,"column":48}},"type":"binary-expr","locations":[{"start":{"line":34,"column":17},"end":{"line":34,"column":22}},{"start":{"line":34,"column":26},"end":{"line":34,"column":48}}],"line":34},"6":{"loc":{"start":{"line":59,"column":12},"end":{"line":67,"column":13}},"type":"if","locations":[{"start":{"line":59,"column":12},"end":{"line":67,"column":13}},{"start":{"line":59,"column":12},"end":{"line":67,"column":13}}],"line":59},"7":{"loc":{"start":{"line":59,"column":15},"end":{"line":59,"column":49}},"type":"binary-expr","locations":[{"start":{"line":59,"column":15},"end":{"line":59,"column":21}},{"start":{"line":59,"column":25},"end":{"line":59,"column":49}}],"line":59},"8":{"loc":{"start":{"line":62,"column":17},"end":{"line":67,"column":13}},"type":"if","locations":[{"start":{"line":62,"column":17},"end":{"line":67,"column":13}},{"start":{"line":62,"column":17},"end":{"line":67,"column":13}}],"line":62},"9":{"loc":{"start":{"line":62,"column":20},"end":{"line":62,"column":54}},"type":"binary-expr","locations":[{"start":{"line":62,"column":20},"end":{"line":62,"column":26}},{"start":{"line":62,"column":30},"end":{"line":62,"column":54}}],"line":62},"10":{"loc":{"start":{"line":65,"column":17},"end":{"line":67,"column":13}},"type":"if","locations":[{"start":{"line":65,"column":17},"end":{"line":67,"column":13}},{"start":{"line":65,"column":17},"end":{"line":67,"column":13}}],"line":65},"11":{"loc":{"start":{"line":81,"column":12},"end":{"line":87,"column":13}},"type":"if","locations":[{"start":{"line":81,"column":12},"end":{"line":87,"column":13}},{"start":{"line":81,"column":12},"end":{"line":87,"column":13}}],"line":81},"12":{"loc":{"start":{"line":83,"column":19},"end":{"line":87,"column":13}},"type":"if","locations":[{"start":{"line":83,"column":19},"end":{"line":87,"column":13}},{"start":{"line":83,"column":19},"end":{"line":87,"column":13}}],"line":83},"13":{"loc":{"start":{"line":101,"column":12},"end":{"line":107,"column":13}},"type":"if","locations":[{"start":{"line":101,"column":12},"end":{"line":107,"column":13}},{"start":{"line":101,"column":12},"end":{"line":107,"column":13}}],"line":101},"14":{"loc":{"start":{"line":103,"column":19},"end":{"line":107,"column":13}},"type":"if","locations":[{"start":{"line":103,"column":19},"end":{"line":107,"column":13}},{"start":{"line":103,"column":19},"end":{"line":107,"column":13}}],"line":103},"15":{"loc":{"start":{"line":118,"column":12},"end":{"line":124,"column":13}},"type":"if","locations":[{"start":{"line":118,"column":12},"end":{"line":124,"column":13}},{"start":{"line":118,"column":12},"end":{"line":124,"column":13}}],"line":118},"16":{"loc":{"start":{"line":120,"column":19},"end":{"line":124,"column":13}},"type":"if","locations":[{"start":{"line":120,"column":19},"end":{"line":124,"column":13}},{"start":{"line":120,"column":19},"end":{"line":124,"column":13}}],"line":120}},"s":{"0":5,"1":5,"2":5,"3":0,"4":0,"5":0,"6":0,"7":0,"8":0,"9":0,"10":0,"11":0,"12":0,"13":5,"14":81,"15":81,"16":81,"17":68,"18":68,"19":68,"20":68,"21":0,"22":68,"23":0,"24":0,"25":13,"26":5,"27":0,"28":0,"29":0,"30":0,"31":0,"32":0,"33":0,"34":0,"35":0,"36":5,"37":0,"38":0,"39":0,"40":0,"41":0,"42":0,"43":0,"44":0,"45":0,"46":0,"47":0,"48":5,"49":11,"50":11,"51":11,"52":11,"53":1,"54":10,"55":0,"56":10,"57":0,"58":5,"59":11,"60":11,"61":11,"62":1,"63":10,"64":0,"65":10,"66":0,"67":5},"f":{"0":0,"1":0,"2":0,"3":81,"4":68,"5":0,"6":0,"7":0,"8":0,"9":0,"10":0,"11":0,"12":11,"13":11,"14":0,"15":11,"16":11,"17":0},"b":{"0":[0,0],"1":[0,0],"2":[0,0],"3":[68,13],"4":[0,68],"5":[68,68],"6":[0,0],"7":[0,0],"8":[0,0],"9":[0,0],"10":[0,0],"11":[0,0],"12":[0,0],"13":[1,10],"14":[0,10],"15":[1,10],"16":[0,10]},"_coverageSchema":"1a1c01bbd47fc00a2c39e90264f33305004495a9","hash":"23bf3162d95481d3413a8e11ca2c5bebf936eb45"}
,"/home/zanadh/hacktiv8/3-phase/finalproject/wedness/server/middlewares/errorHandler.js": {"path":"/home/zanadh/hacktiv8/3-phase/finalproject/wedness/server/middlewares/errorHandler.js","statementMap":{"0":{"start":{"line":2,"column":14},"end":{"line":2,"column":16}},"1":{"start":{"line":3,"column":15},"end":{"line":3,"column":17}},"2":{"start":{"line":6,"column":4},"end":{"line":6,"column":44}},"3":{"start":{"line":7,"column":4},"end":{"line":52,"column":5}},"4":{"start":{"line":9,"column":25},"end":{"line":9,"column":27}},"5":{"start":{"line":10,"column":12},"end":{"line":12,"column":15}},"6":{"start":{"line":11,"column":16},"end":{"line":11,"column":40}},"7":{"start":{"line":13,"column":12},"end":{"line":13,"column":22}},"8":{"start":{"line":14,"column":12},"end":{"line":14,"column":29}},"9":{"start":{"line":15,"column":12},"end":{"line":15,"column":18}},"10":{"start":{"line":17,"column":12},"end":{"line":17,"column":22}},"11":{"start":{"line":18,"column":12},"end":{"line":18,"column":25}},"12":{"start":{"line":19,"column":12},"end":{"line":19,"column":18}},"13":{"start":{"line":22,"column":12},"end":{"line":22,"column":22}},"14":{"start":{"line":23,"column":12},"end":{"line":23,"column":43}},"15":{"start":{"line":24,"column":12},"end":{"line":24,"column":17}},"16":{"start":{"line":27,"column":12},"end":{"line":27,"column":22}},"17":{"start":{"line":28,"column":12},"end":{"line":28,"column":34}},"18":{"start":{"line":29,"column":12},"end":{"line":29,"column":17}},"19":{"start":{"line":32,"column":12},"end":{"line":32,"column":22}},"20":{"start":{"line":33,"column":12},"end":{"line":33,"column":60}},"21":{"start":{"line":34,"column":12},"end":{"line":34,"column":17}},"22":{"start":{"line":37,"column":12},"end":{"line":37,"column":22}},"23":{"start":{"line":38,"column":12},"end":{"line":38,"column":42}},"24":{"start":{"line":39,"column":12},"end":{"line":39,"column":17}},"25":{"start":{"line":41,"column":12},"end":{"line":41,"column":22}},"26":{"start":{"line":42,"column":12},"end":{"line":42,"column":54}},"27":{"start":{"line":43,"column":12},"end":{"line":43,"column":17}},"28":{"start":{"line":45,"column":12},"end":{"line":45,"column":22}},"29":{"start":{"line":46,"column":12},"end":{"line":46,"column":52}},"30":{"start":{"line":47,"column":12},"end":{"line":47,"column":17}},"31":{"start":{"line":49,"column":12},"end":{"line":49,"column":22}},"32":{"start":{"line":50,"column":12},"end":{"line":50,"column":41}},"33":{"start":{"line":51,"column":12},"end":{"line":51,"column":17}},"34":{"start":{"line":54,"column":2},"end":{"line":54,"column":37}},"35":{"start":{"line":57,"column":0},"end":{"line":57,"column":29}}},"fnMap":{"0":{"name":"errorHandler","decl":{"start":{"line":1,"column":9},"end":{"line":1,"column":21}},"loc":{"start":{"line":1,"column":44},"end":{"line":55,"column":1}},"line":1},"1":{"name":"(anonymous_1)","decl":{"start":{"line":10,"column":31},"end":{"line":10,"column":32}},"loc":{"start":{"line":10,"column":37},"end":{"line":12,"column":13}},"line":10}},"branchMap":{"0":{"loc":{"start":{"line":7,"column":4},"end":{"line":52,"column":5}},"type":"switch","locations":[{"start":{"line":8,"column":8},"end":{"line":15,"column":18}},{"start":{"line":16,"column":8},"end":{"line":19,"column":18}},{"start":{"line":21,"column":8},"end":{"line":24,"column":17}},{"start":{"line":26,"column":8},"end":{"line":29,"column":17}},{"start":{"line":31,"column":8},"end":{"line":34,"column":17}},{"start":{"line":36,"column":8},"end":{"line":39,"column":17}},{"start":{"line":40,"column":8},"end":{"line":43,"column":17}},{"start":{"line":44,"column":8},"end":{"line":47,"column":17}},{"start":{"line":48,"column":8},"end":{"line":51,"column":17}}],"line":7}},"s":{"0":66,"1":66,"2":66,"3":66,"4":53,"5":53,"6":58,"7":53,"8":53,"9":53,"10":0,"11":0,"12":0,"13":0,"14":0,"15":0,"16":0,"17":0,"18":0,"19":0,"20":0,"21":0,"22":13,"23":13,"24":13,"25":0,"26":0,"27":0,"28":0,"29":0,"30":0,"31":0,"32":0,"33":0,"34":66,"35":5},"f":{"0":66,"1":58},"b":{"0":[53,0,0,0,0,13,0,0,0]},"_coverageSchema":"1a1c01bbd47fc00a2c39e90264f33305004495a9","hash":"c291366b3531b056aaffdeb606d1a148e216c4a2"}
,"/home/zanadh/hacktiv8/3-phase/finalproject/wedness/server/models/catering.js": {"path":"/home/zanadh/hacktiv8/3-phase/finalproject/wedness/server/models/catering.js","statementMap":{"0":{"start":{"line":4,"column":4},"end":{"line":4,"column":24}},"1":{"start":{"line":5,"column":0},"end":{"line":112,"column":2}},"2":{"start":{"line":14,"column":6},"end":{"line":17,"column":8}},"3":{"start":{"line":18,"column":6},"end":{"line":21,"column":8}},"4":{"start":{"line":22,"column":6},"end":{"line":22,"column":37}},"5":{"start":{"line":25,"column":2},"end":{"line":110,"column":5}},"6":{"start":{"line":111,"column":2},"end":{"line":111,"column":18}}},"fnMap":{"0":{"name":"(anonymous_0)","decl":{"start":{"line":5,"column":17},"end":{"line":5,"column":18}},"loc":{"start":{"line":5,"column":43},"end":{"line":112,"column":1}},"line":5},"1":{"name":"(anonymous_1)","decl":{"start":{"line":12,"column":4},"end":{"line":12,"column":5}},"loc":{"start":{"line":12,"column":29},"end":{"line":23,"column":5}},"line":12}},"branchMap":{},"s":{"0":5,"1":5,"2":5,"3":5,"4":5,"5":5,"6":5},"f":{"0":5,"1":5},"b":{},"_coverageSchema":"1a1c01bbd47fc00a2c39e90264f33305004495a9","hash":"16f9c2349bbdaed7130f133de257f9e4a68e4b2e"}
,"/home/zanadh/hacktiv8/3-phase/finalproject/wedness/server/models/checkout.js": {"path":"/home/zanadh/hacktiv8/3-phase/finalproject/wedness/server/models/checkout.js","statementMap":{"0":{"start":{"line":4,"column":4},"end":{"line":4,"column":24}},"1":{"start":{"line":5,"column":21},"end":{"line":5,"column":38}},"2":{"start":{"line":6,"column":0},"end":{"line":38,"column":2}},"3":{"start":{"line":15,"column":6},"end":{"line":15,"column":63}},"4":{"start":{"line":16,"column":6},"end":{"line":16,"column":67}},"5":{"start":{"line":17,"column":6},"end":{"line":17,"column":66}},"6":{"start":{"line":18,"column":6},"end":{"line":18,"column":60}},"7":{"start":{"line":21,"column":2},"end":{"line":31,"column":5}},"8":{"start":{"line":33,"column":2},"end":{"line":36,"column":4}},"9":{"start":{"line":34,"column":4},"end":{"line":34,"column":27}},"10":{"start":{"line":35,"column":4},"end":{"line":35,"column":31}},"11":{"start":{"line":37,"column":2},"end":{"line":37,"column":18}}},"fnMap":{"0":{"name":"(anonymous_0)","decl":{"start":{"line":6,"column":17},"end":{"line":6,"column":18}},"loc":{"start":{"line":6,"column":43},"end":{"line":38,"column":1}},"line":6},"1":{"name":"(anonymous_1)","decl":{"start":{"line":13,"column":4},"end":{"line":13,"column":5}},"loc":{"start":{"line":13,"column":29},"end":{"line":19,"column":5}},"line":13},"2":{"name":"(anonymous_2)","decl":{"start":{"line":33,"column":24},"end":{"line":33,"column":25}},"loc":{"start":{"line":33,"column":45},"end":{"line":36,"column":3}},"line":33}},"branchMap":{},"s":{"0":5,"1":5,"2":5,"3":5,"4":5,"5":5,"6":5,"7":5,"8":5,"9":0,"10":0,"11":5},"f":{"0":5,"1":5,"2":0},"b":{},"_coverageSchema":"1a1c01bbd47fc00a2c39e90264f33305004495a9","hash":"fe5a8873693780abca00f7cd75880b015998917b"}
,"/home/zanadh/hacktiv8/3-phase/finalproject/wedness/server/models/index.js": {"path":"/home/zanadh/hacktiv8/3-phase/finalproject/wedness/server/models/index.js","statementMap":{"0":{"start":{"line":3,"column":11},"end":{"line":3,"column":24}},"1":{"start":{"line":4,"column":13},"end":{"line":4,"column":28}},"2":{"start":{"line":5,"column":18},"end":{"line":5,"column":38}},"3":{"start":{"line":6,"column":17},"end":{"line":6,"column":42}},"4":{"start":{"line":7,"column":12},"end":{"line":7,"column":49}},"5":{"start":{"line":8,"column":15},"end":{"line":8,"column":65}},"6":{"start":{"line":9,"column":11},"end":{"line":9,"column":13}},"7":{"start":{"line":12,"column":0},"end":{"line":16,"column":1}},"8":{"start":{"line":13,"column":2},"end":{"line":13,"column":74}},"9":{"start":{"line":15,"column":2},"end":{"line":15,"column":87}},"10":{"start":{"line":18,"column":0},"end":{"line":26,"column":5}},"11":{"start":{"line":21,"column":4},"end":{"line":21,"column":90}},"12":{"start":{"line":24,"column":18},"end":{"line":24,"column":85}},"13":{"start":{"line":25,"column":4},"end":{"line":25,"column":27}},"14":{"start":{"line":28,"column":0},"end":{"line":32,"column":3}},"15":{"start":{"line":29,"column":2},"end":{"line":31,"column":3}},"16":{"start":{"line":30,"column":4},"end":{"line":30,"column":32}},"17":{"start":{"line":34,"column":0},"end":{"line":34,"column":25}},"18":{"start":{"line":35,"column":0},"end":{"line":35,"column":25}},"19":{"start":{"line":37,"column":0},"end":{"line":37,"column":20}}},"fnMap":{"0":{"name":"(anonymous_0)","decl":{"start":{"line":20,"column":10},"end":{"line":20,"column":11}},"loc":{"start":{"line":20,"column":18},"end":{"line":22,"column":3}},"line":20},"1":{"name":"(anonymous_1)","decl":{"start":{"line":23,"column":11},"end":{"line":23,"column":12}},"loc":{"start":{"line":23,"column":19},"end":{"line":26,"column":3}},"line":23},"2":{"name":"(anonymous_2)","decl":{"start":{"line":28,"column":24},"end":{"line":28,"column":25}},"loc":{"start":{"line":28,"column":37},"end":{"line":32,"column":1}},"line":28}},"branchMap":{"0":{"loc":{"start":{"line":7,"column":12},"end":{"line":7,"column":49}},"type":"binary-expr","locations":[{"start":{"line":7,"column":12},"end":{"line":7,"column":32}},{"start":{"line":7,"column":36},"end":{"line":7,"column":49}}],"line":7},"1":{"loc":{"start":{"line":12,"column":0},"end":{"line":16,"column":1}},"type":"if","locations":[{"start":{"line":12,"column":0},"end":{"line":16,"column":1}},{"start":{"line":12,"column":0},"end":{"line":16,"column":1}}],"line":12},"2":{"loc":{"start":{"line":21,"column":11},"end":{"line":21,"column":89}},"type":"binary-expr","locations":[{"start":{"line":21,"column":12},"end":{"line":21,"column":35}},{"start":{"line":21,"column":41},"end":{"line":21,"column":58}},{"start":{"line":21,"column":64},"end":{"line":21,"column":88}}],"line":21},"3":{"loc":{"start":{"line":29,"column":2},"end":{"line":31,"column":3}},"type":"if","locations":[{"start":{"line":29,"column":2},"end":{"line":31,"column":3}},{"start":{"line":29,"column":2},"end":{"line":31,"column":3}}],"line":29}},"s":{"0":5,"1":5,"2":5,"3":5,"4":5,"5":5,"6":5,"7":5,"8":0,"9":5,"10":5,"11":35,"12":30,"13":30,"14":5,"15":30,"16":30,"17":5,"18":5,"19":5},"f":{"0":35,"1":30,"2":30},"b":{"0":[5,0],"1":[0,5],"2":[35,35,30],"3":[30,0]},"_coverageSchema":"1a1c01bbd47fc00a2c39e90264f33305004495a9","hash":"dd3d587f7fe039d3b5bb06de316c2ef4ba6bd9b5"}
,"/home/zanadh/hacktiv8/3-phase/finalproject/wedness/server/models/organizer.js": {"path":"/home/zanadh/hacktiv8/3-phase/finalproject/wedness/server/models/organizer.js","statementMap":{"0":{"start":{"line":4,"column":4},"end":{"line":4,"column":24}},"1":{"start":{"line":5,"column":0},"end":{"line":89,"column":2}},"2":{"start":{"line":14,"column":6},"end":{"line":17,"column":8}},"3":{"start":{"line":18,"column":6},"end":{"line":21,"column":8}},"4":{"start":{"line":22,"column":6},"end":{"line":22,"column":38}},"5":{"start":{"line":25,"column":2},"end":{"line":87,"column":5}},"6":{"start":{"line":88,"column":2},"end":{"line":88,"column":19}}},"fnMap":{"0":{"name":"(anonymous_0)","decl":{"start":{"line":5,"column":17},"end":{"line":5,"column":18}},"loc":{"start":{"line":5,"column":43},"end":{"line":89,"column":1}},"line":5},"1":{"name":"(anonymous_1)","decl":{"start":{"line":12,"column":4},"end":{"line":12,"column":5}},"loc":{"start":{"line":12,"column":29},"end":{"line":23,"column":5}},"line":12}},"branchMap":{},"s":{"0":5,"1":5,"2":5,"3":5,"4":5,"5":5,"6":5},"f":{"0":5,"1":5},"b":{},"_coverageSchema":"1a1c01bbd47fc00a2c39e90264f33305004495a9","hash":"8f3c8aea431620c4555a70e463c6409bdce35608"}
,"/home/zanadh/hacktiv8/3-phase/finalproject/wedness/server/models/photo.js": {"path":"/home/zanadh/hacktiv8/3-phase/finalproject/wedness/server/models/photo.js","statementMap":{"0":{"start":{"line":4,"column":4},"end":{"line":4,"column":24}},"1":{"start":{"line":5,"column":0},"end":{"line":33,"column":2}},"2":{"start":{"line":16,"column":2},"end":{"line":31,"column":5}},"3":{"start":{"line":32,"column":2},"end":{"line":32,"column":15}}},"fnMap":{"0":{"name":"(anonymous_0)","decl":{"start":{"line":5,"column":17},"end":{"line":5,"column":18}},"loc":{"start":{"line":5,"column":43},"end":{"line":33,"column":1}},"line":5},"1":{"name":"(anonymous_1)","decl":{"start":{"line":12,"column":4},"end":{"line":12,"column":5}},"loc":{"start":{"line":12,"column":29},"end":{"line":14,"column":5}},"line":12}},"branchMap":{},"s":{"0":5,"1":5,"2":5,"3":5},"f":{"0":5,"1":5},"b":{},"_coverageSchema":"1a1c01bbd47fc00a2c39e90264f33305004495a9","hash":"8d7f10a81b3fcee708f26363739ff3c8f987ada0"}
,"/home/zanadh/hacktiv8/3-phase/finalproject/wedness/server/models/user.js": {"path":"/home/zanadh/hacktiv8/3-phase/finalproject/wedness/server/models/user.js","statementMap":{"0":{"start":{"line":2,"column":25},"end":{"line":2,"column":55}},"1":{"start":{"line":5,"column":4},"end":{"line":5,"column":24}},"2":{"start":{"line":6,"column":0},"end":{"line":43,"column":2}},"3":{"start":{"line":15,"column":6},"end":{"line":18,"column":8}},"4":{"start":{"line":21,"column":2},"end":{"line":38,"column":5}},"5":{"start":{"line":39,"column":2},"end":{"line":41,"column":4}},"6":{"start":{"line":40,"column":4},"end":{"line":40,"column":47}},"7":{"start":{"line":42,"column":2},"end":{"line":42,"column":14}}},"fnMap":{"0":{"name":"(anonymous_0)","decl":{"start":{"line":6,"column":17},"end":{"line":6,"column":18}},"loc":{"start":{"line":6,"column":43},"end":{"line":43,"column":1}},"line":6},"1":{"name":"(anonymous_1)","decl":{"start":{"line":13,"column":4},"end":{"line":13,"column":5}},"loc":{"start":{"line":13,"column":29},"end":{"line":19,"column":5}},"line":13},"2":{"name":"(anonymous_2)","decl":{"start":{"line":39,"column":20},"end":{"line":39,"column":21}},"loc":{"start":{"line":39,"column":39},"end":{"line":41,"column":3}},"line":39}},"branchMap":{},"s":{"0":5,"1":5,"2":5,"3":5,"4":5,"5":5,"6":1,"7":5},"f":{"0":5,"1":5,"2":1},"b":{},"_coverageSchema":"1a1c01bbd47fc00a2c39e90264f33305004495a9","hash":"cbd830d6b5350cc85624c7586dfe68f881bd8cd1"}
,"/home/zanadh/hacktiv8/3-phase/finalproject/wedness/server/models/venue.js": {"path":"/home/zanadh/hacktiv8/3-phase/finalproject/wedness/server/models/venue.js","statementMap":{"0":{"start":{"line":4,"column":4},"end":{"line":4,"column":24}},"1":{"start":{"line":5,"column":0},"end":{"line":137,"column":2}},"2":{"start":{"line":15,"column":6},"end":{"line":18,"column":8}},"3":{"start":{"line":19,"column":6},"end":{"line":22,"column":8}},"4":{"start":{"line":23,"column":6},"end":{"line":23,"column":34}},"5":{"start":{"line":26,"column":2},"end":{"line":135,"column":5}},"6":{"start":{"line":136,"column":2},"end":{"line":136,"column":15}}},"fnMap":{"0":{"name":"(anonymous_0)","decl":{"start":{"line":5,"column":17},"end":{"line":5,"column":18}},"loc":{"start":{"line":5,"column":43},"end":{"line":137,"column":1}},"line":5},"1":{"name":"(anonymous_1)","decl":{"start":{"line":13,"column":4},"end":{"line":13,"column":5}},"loc":{"start":{"line":13,"column":29},"end":{"line":24,"column":5}},"line":13}},"branchMap":{},"s":{"0":5,"1":5,"2":5,"3":5,"4":5,"5":5,"6":5},"f":{"0":5,"1":5},"b":{},"_coverageSchema":"1a1c01bbd47fc00a2c39e90264f33305004495a9","hash":"60fd29d172907708c927bb9c0cec3f74102ce425"}
,"/home/zanadh/hacktiv8/3-phase/finalproject/wedness/server/routes/cateringRoutes.js": {"path":"/home/zanadh/hacktiv8/3-phase/finalproject/wedness/server/routes/cateringRoutes.js","statementMap":{"0":{"start":{"line":1,"column":15},"end":{"line":1,"column":42}},"1":{"start":{"line":2,"column":27},"end":{"line":2,"column":71}},"2":{"start":{"line":3,"column":34},"end":{"line":3,"column":64}},"3":{"start":{"line":5,"column":0},"end":{"line":5,"column":48}},"4":{"start":{"line":6,"column":0},"end":{"line":6,"column":50}},"5":{"start":{"line":8,"column":0},"end":{"line":8,"column":49}},"6":{"start":{"line":9,"column":0},"end":{"line":9,"column":73}},"7":{"start":{"line":10,"column":0},"end":{"line":10,"column":79}},"8":{"start":{"line":13,"column":0},"end":{"line":13,"column":23}}},"fnMap":{},"branchMap":{},"s":{"0":5,"1":5,"2":5,"3":5,"4":5,"5":5,"6":5,"7":5,"8":5},"f":{},"b":{},"_coverageSchema":"1a1c01bbd47fc00a2c39e90264f33305004495a9","hash":"5ebda2bb4b0731b7fb9964d7e05c958f23fea3a2"}
,"/home/zanadh/hacktiv8/3-phase/finalproject/wedness/server/routes/index.js": {"path":"/home/zanadh/hacktiv8/3-phase/finalproject/wedness/server/routes/index.js","statementMap":{"0":{"start":{"line":1,"column":15},"end":{"line":1,"column":42}},"1":{"start":{"line":2,"column":21},"end":{"line":2,"column":46}},"2":{"start":{"line":3,"column":19},"end":{"line":3,"column":42}},"3":{"start":{"line":4,"column":21},"end":{"line":4,"column":59}},"4":{"start":{"line":6,"column":0},"end":{"line":8,"column":2}},"5":{"start":{"line":7,"column":4},"end":{"line":7,"column":47}},"6":{"start":{"line":10,"column":0},"end":{"line":10,"column":31}},"7":{"start":{"line":11,"column":0},"end":{"line":11,"column":35}},"8":{"start":{"line":12,"column":0},"end":{"line":12,"column":24}},"9":{"start":{"line":16,"column":0},"end":{"line":16,"column":23}}},"fnMap":{"0":{"name":"(anonymous_0)","decl":{"start":{"line":6,"column":16},"end":{"line":6,"column":17}},"loc":{"start":{"line":6,"column":27},"end":{"line":8,"column":1}},"line":6}},"branchMap":{},"s":{"0":5,"1":5,"2":5,"3":5,"4":5,"5":0,"6":5,"7":5,"8":5,"9":5},"f":{"0":0},"b":{},"_coverageSchema":"1a1c01bbd47fc00a2c39e90264f33305004495a9","hash":"5eb91c82931d5f2e9e0639277c315bef451b4eb7"}
,"/home/zanadh/hacktiv8/3-phase/finalproject/wedness/server/routes/organizerRoutes.js": {"path":"/home/zanadh/hacktiv8/3-phase/finalproject/wedness/server/routes/organizerRoutes.js","statementMap":{"0":{"start":{"line":1,"column":15},"end":{"line":1,"column":42}},"1":{"start":{"line":2,"column":28},"end":{"line":2,"column":73}},"2":{"start":{"line":3,"column":35},"end":{"line":3,"column":65}},"3":{"start":{"line":5,"column":0},"end":{"line":5,"column":50}},"4":{"start":{"line":6,"column":0},"end":{"line":6,"column":52}},"5":{"start":{"line":8,"column":0},"end":{"line":8,"column":51}},"6":{"start":{"line":9,"column":0},"end":{"line":9,"column":76}},"7":{"start":{"line":10,"column":0},"end":{"line":10,"column":82}},"8":{"start":{"line":12,"column":0},"end":{"line":12,"column":23}}},"fnMap":{},"branchMap":{},"s":{"0":5,"1":5,"2":5,"3":5,"4":5,"5":5,"6":5,"7":5,"8":5},"f":{},"b":{},"_coverageSchema":"1a1c01bbd47fc00a2c39e90264f33305004495a9","hash":"a433eb6755b2a6ed472dbd4e77b9508e1563fb1e"}
,"/home/zanadh/hacktiv8/3-phase/finalproject/wedness/server/routes/photoRoutes.js": {"path":"/home/zanadh/hacktiv8/3-phase/finalproject/wedness/server/routes/photoRoutes.js","statementMap":{"0":{"start":{"line":1,"column":15},"end":{"line":1,"column":42}},"1":{"start":{"line":2,"column":24},"end":{"line":2,"column":65}},"2":{"start":{"line":5,"column":0},"end":{"line":5,"column":42}},"3":{"start":{"line":6,"column":0},"end":{"line":6,"column":44}},"4":{"start":{"line":8,"column":0},"end":{"line":8,"column":44}},"5":{"start":{"line":9,"column":0},"end":{"line":9,"column":51}},"6":{"start":{"line":11,"column":0},"end":{"line":11,"column":23}}},"fnMap":{},"branchMap":{},"s":{"0":5,"1":5,"2":5,"3":5,"4":5,"5":5,"6":5},"f":{},"b":{},"_coverageSchema":"1a1c01bbd47fc00a2c39e90264f33305004495a9","hash":"1b79fb7636fcec6167a6d9879e518c57e4b6cc78"}
,"/home/zanadh/hacktiv8/3-phase/finalproject/wedness/server/routes/userRoutes.js": {"path":"/home/zanadh/hacktiv8/3-phase/finalproject/wedness/server/routes/userRoutes.js","statementMap":{"0":{"start":{"line":1,"column":15},"end":{"line":1,"column":42}},"1":{"start":{"line":2,"column":23},"end":{"line":2,"column":63}},"2":{"start":{"line":3,"column":24},"end":{"line":3,"column":65}},"3":{"start":{"line":4,"column":28},"end":{"line":4,"column":73}},"4":{"start":{"line":5,"column":27},"end":{"line":5,"column":71}},"5":{"start":{"line":6,"column":44},"end":{"line":6,"column":74}},"6":{"start":{"line":7,"column":27},"end":{"line":7,"column":67}},"7":{"start":{"line":9,"column":0},"end":{"line":9,"column":47}},"8":{"start":{"line":10,"column":0},"end":{"line":10,"column":53}},"9":{"start":{"line":13,"column":0},"end":{"line":13,"column":30}},"10":{"start":{"line":14,"column":0},"end":{"line":14,"column":47}},"11":{"start":{"line":15,"column":0},"end":{"line":15,"column":50}},"12":{"start":{"line":16,"column":0},"end":{"line":16,"column":59}},"13":{"start":{"line":17,"column":0},"end":{"line":17,"column":62}},"14":{"start":{"line":18,"column":0},"end":{"line":18,"column":56}},"15":{"start":{"line":19,"column":0},"end":{"line":19,"column":59}},"16":{"start":{"line":21,"column":0},"end":{"line":21,"column":52}},"17":{"start":{"line":22,"column":0},"end":{"line":22,"column":53}},"18":{"start":{"line":23,"column":0},"end":{"line":23,"column":61}},"19":{"start":{"line":24,"column":0},"end":{"line":24,"column":71}},"20":{"start":{"line":26,"column":0},"end":{"line":26,"column":23}}},"fnMap":{},"branchMap":{},"s":{"0":5,"1":5,"2":5,"3":5,"4":5,"5":5,"6":5,"7":5,"8":5,"9":5,"10":5,"11":5,"12":5,"13":5,"14":5,"15":5,"16":5,"17":5,"18":5,"19":5,"20":5},"f":{},"b":{},"_coverageSchema":"1a1c01bbd47fc00a2c39e90264f33305004495a9","hash":"19a2def48d03c5e975c3ae2d8a727f58bf4a385d"}
,"/home/zanadh/hacktiv8/3-phase/finalproject/wedness/server/routes/vendorRoutes.js": {"path":"/home/zanadh/hacktiv8/3-phase/finalproject/wedness/server/routes/vendorRoutes.js","statementMap":{"0":{"start":{"line":1,"column":15},"end":{"line":1,"column":42}},"1":{"start":{"line":2,"column":49},"end":{"line":2,"column":75}},"2":{"start":{"line":3,"column":25},"end":{"line":3,"column":67}},"3":{"start":{"line":4,"column":23},"end":{"line":4,"column":63}},"4":{"start":{"line":5,"column":20},"end":{"line":5,"column":44}},"5":{"start":{"line":6,"column":24},"end":{"line":6,"column":52}},"6":{"start":{"line":7,"column":23},"end":{"line":7,"column":50}},"7":{"start":{"line":8,"column":20},"end":{"line":8,"column":44}},"8":{"start":{"line":9,"column":46},"end":{"line":9,"column":76}},"9":{"start":{"line":10,"column":19},"end":{"line":10,"column":36}},"10":{"start":{"line":12,"column":0},"end":{"line":12,"column":49}},"11":{"start":{"line":13,"column":0},"end":{"line":13,"column":55}},"12":{"start":{"line":16,"column":0},"end":{"line":16,"column":32}},"13":{"start":{"line":17,"column":0},"end":{"line":17,"column":60}},"14":{"start":{"line":19,"column":30},"end":{"line":47,"column":1}},"15":{"start":{"line":20,"column":20},"end":{"line":20,"column":78}},"16":{"start":{"line":21,"column":17},"end":{"line":21,"column":72}},"17":{"start":{"line":22,"column":21},"end":{"line":22,"column":80}},"18":{"start":{"line":23,"column":15},"end":{"line":23,"column":25}},"19":{"start":{"line":24,"column":2},"end":{"line":46,"column":8}},"20":{"start":{"line":27,"column":10},"end":{"line":40,"column":11}},"21":{"start":{"line":28,"column":14},"end":{"line":28,"column":40}},"22":{"start":{"line":31,"column":12},"end":{"line":39,"column":13}},"23":{"start":{"line":32,"column":14},"end":{"line":32,"column":71}},"24":{"start":{"line":32,"column":43},"end":{"line":32,"column":69}},"25":{"start":{"line":34,"column":17},"end":{"line":39,"column":13}},"26":{"start":{"line":35,"column":14},"end":{"line":35,"column":79}},"27":{"start":{"line":35,"column":49},"end":{"line":35,"column":78}},"28":{"start":{"line":38,"column":14},"end":{"line":38,"column":82}},"29":{"start":{"line":38,"column":51},"end":{"line":38,"column":81}},"30":{"start":{"line":41,"column":10},"end":{"line":42,"column":45}},"31":{"start":{"line":41,"column":20},"end":{"line":41,"column":26}},"32":{"start":{"line":42,"column":15},"end":{"line":42,"column":45}},"33":{"start":{"line":45,"column":10},"end":{"line":45,"column":19}},"34":{"start":{"line":49,"column":0},"end":{"line":49,"column":91}},"35":{"start":{"line":51,"column":0},"end":{"line":51,"column":33}},"36":{"start":{"line":52,"column":0},"end":{"line":52,"column":41}},"37":{"start":{"line":53,"column":0},"end":{"line":53,"column":39}},"38":{"start":{"line":54,"column":0},"end":{"line":54,"column":33}},"39":{"start":{"line":55,"column":0},"end":{"line":55,"column":23}}},"fnMap":{"0":{"name":"(anonymous_0)","decl":{"start":{"line":19,"column":30},"end":{"line":19,"column":31}},"loc":{"start":{"line":19,"column":56},"end":{"line":47,"column":1}},"line":19},"1":{"name":"(anonymous_1)","decl":{"start":{"line":25,"column":12},"end":{"line":25,"column":13}},"loc":{"start":{"line":25,"column":20},"end":{"line":43,"column":7}},"line":25},"2":{"name":"(anonymous_2)","decl":{"start":{"line":32,"column":34},"end":{"line":32,"column":35}},"loc":{"start":{"line":32,"column":43},"end":{"line":32,"column":69}},"line":32},"3":{"name":"(anonymous_3)","decl":{"start":{"line":35,"column":37},"end":{"line":35,"column":38}},"loc":{"start":{"line":35,"column":49},"end":{"line":35,"column":78}},"line":35},"4":{"name":"(anonymous_4)","decl":{"start":{"line":38,"column":38},"end":{"line":38,"column":39}},"loc":{"start":{"line":38,"column":51},"end":{"line":38,"column":81}},"line":38},"5":{"name":"(anonymous_5)","decl":{"start":{"line":44,"column":13},"end":{"line":44,"column":14}},"loc":{"start":{"line":44,"column":20},"end":{"line":46,"column":7}},"line":44}},"branchMap":{"0":{"loc":{"start":{"line":27,"column":10},"end":{"line":40,"column":11}},"type":"if","locations":[{"start":{"line":27,"column":10},"end":{"line":40,"column":11}},{"start":{"line":27,"column":10},"end":{"line":40,"column":11}}],"line":27},"1":{"loc":{"start":{"line":31,"column":12},"end":{"line":39,"column":13}},"type":"if","locations":[{"start":{"line":31,"column":12},"end":{"line":39,"column":13}},{"start":{"line":31,"column":12},"end":{"line":39,"column":13}}],"line":31},"2":{"loc":{"start":{"line":34,"column":17},"end":{"line":39,"column":13}},"type":"if","locations":[{"start":{"line":34,"column":17},"end":{"line":39,"column":13}},{"start":{"line":34,"column":17},"end":{"line":39,"column":13}}],"line":34},"3":{"loc":{"start":{"line":41,"column":10},"end":{"line":42,"column":45}},"type":"if","locations":[{"start":{"line":41,"column":10},"end":{"line":42,"column":45}},{"start":{"line":41,"column":10},"end":{"line":42,"column":45}}],"line":41}},"s":{"0":5,"1":5,"2":5,"3":5,"4":5,"5":5,"6":5,"7":5,"8":5,"9":5,"10":5,"11":5,"12":5,"13":5,"14":5,"15":0,"16":0,"17":0,"18":0,"19":0,"20":0,"21":0,"22":0,"23":0,"24":0,"25":0,"26":0,"27":0,"28":0,"29":0,"30":0,"31":0,"32":0,"33":0,"34":5,"35":5,"36":5,"37":5,"38":5,"39":5},"f":{"0":0,"1":0,"2":0,"3":0,"4":0,"5":0},"b":{"0":[0,0],"1":[0,0],"2":[0,0],"3":[0,0]},"_coverageSchema":"1a1c01bbd47fc00a2c39e90264f33305004495a9","hash":"fb4e12a281b0e29c6bdd0d664a0d89ce4c6078fb"}
,"/home/zanadh/hacktiv8/3-phase/finalproject/wedness/server/routes/venueRoutes.js": {"path":"/home/zanadh/hacktiv8/3-phase/finalproject/wedness/server/routes/venueRoutes.js","statementMap":{"0":{"start":{"line":1,"column":15},"end":{"line":1,"column":42}},"1":{"start":{"line":2,"column":24},"end":{"line":2,"column":65}},"2":{"start":{"line":3,"column":31},"end":{"line":3,"column":61}},"3":{"start":{"line":5,"column":0},"end":{"line":5,"column":42}},"4":{"start":{"line":6,"column":0},"end":{"line":6,"column":44}},"5":{"start":{"line":7,"column":0},"end":{"line":7,"column":43}},"6":{"start":{"line":12,"column":0},"end":{"line":12,"column":44}},"7":{"start":{"line":13,"column":0},"end":{"line":13,"column":50}},"8":{"start":{"line":16,"column":0},"end":{"line":16,"column":23}}},"fnMap":{},"branchMap":{},"s":{"0":5,"1":5,"2":5,"3":5,"4":5,"5":5,"6":5,"7":5,"8":5},"f":{},"b":{},"_coverageSchema":"1a1c01bbd47fc00a2c39e90264f33305004495a9","hash":"d3ce3b00b512552a2712ee10e0a87b26af752be1"}
}
